<?xml version="1.0" encoding="UTF-8"?>
<robot generator="Robot 6.1.1 (Python 3.10.2 on darwin)" generated="20230923 09:56:16.401" rpa="false" schemaversion="4">
<suite id="s1" name="System.V2" source="/Users/ubutt/git/robot-system-check/rhel-dev/system.v2.robot">
<test id="s1-t1" name="${error_list}" line="56">
<kw name="Create List" library="BuiltIn">
<doc>Returns a list containing given items.</doc>
<status status="PASS" starttime="20230923 09:56:16.494" endtime="20230923 09:56:16.495"/>
</kw>
<for flavor="IN">
<var>${package}</var>
<var>${required_version}</var>
<value>&amp;{packages_dict}</value>
<iter>
<var name="${package}"/>
<var name="${required_version}"/>
<kw name="Log To Console" library="BuiltIn">
<arg>Package = ${package}:</arg>
<arg>Version = ${required_version}</arg>
<doc>Logs the given message to the console.</doc>
<status status="NOT RUN" starttime="20230923 09:56:16.497" endtime="20230923 09:56:16.497"/>
</kw>
<kw name="Run" library="OperatingSystem">
<var>${package_rpm}</var>
<arg>rpm -q ${package}</arg>
<doc>Runs the given command in the system and returns the output.</doc>
<status status="NOT RUN" starttime="20230923 09:56:16.497" endtime="20230923 09:56:16.498"/>
</kw>
<kw name="Log To Console" library="BuiltIn">
<arg>${package_rpm}</arg>
<doc>Logs the given message to the console.</doc>
<status status="NOT RUN" starttime="20230923 09:56:16.498" endtime="20230923 09:56:16.498"/>
</kw>
<kw name="Get Regexp Matches" library="String">
<var>${installed_version}</var>
<arg>${package_rpm}</arg>
<arg>${package}-(.*)-.*</arg>
<arg>1</arg>
<doc>Returns a list of all non-overlapping matches in the given string.</doc>
<status status="NOT RUN" starttime="20230923 09:56:16.498" endtime="20230923 09:56:16.499"/>
</kw>
<kw name="Log To Console" library="BuiltIn">
<arg>Installed Version : ${installed_version[0]}</arg>
<doc>Logs the given message to the console.</doc>
<status status="NOT RUN" starttime="20230923 09:56:16.499" endtime="20230923 09:56:16.499"/>
</kw>
<kw name="Compare Package Versions" library="keywords">
<arg>${installed_version[0]}</arg>
<arg>&gt;=</arg>
<arg>${required_version}</arg>
<doc>Takes dotted decimal package versions and comparies them with a provided operator</doc>
<status status="NOT RUN" starttime="20230923 09:56:16.499" endtime="20230923 09:56:16.500"/>
</kw>
<status status="NOT RUN" starttime="20230923 09:56:16.496" endtime="20230923 09:56:16.500"/>
</iter>
<msg timestamp="20230923 09:56:16.500" level="FAIL">Variable '&amp;{packages_dict}' not found.</msg>
<status status="FAIL" starttime="20230923 09:56:16.495" endtime="20230923 09:56:16.504"/>
</for>
<status status="FAIL" starttime="20230923 09:56:16.493" endtime="20230923 09:56:16.505">Variable '&amp;{packages_dict}' not found.</status>
</test>
<doc>The following tests verify the operating system configuration &amp; dependency packages
are present in preperation for the Cisco NSO application testing. The checks include:
- dependent packages are available
- required utilities are present
- hostname has been changed
- DNS and NTP serviecs are configured and active

Refer to the SCDP documentation to address any failed tests.</doc>
<status status="FAIL" starttime="20230923 09:56:16.407" endtime="20230923 09:56:16.508"/>
</suite>
<statistics>
<total>
<stat pass="0" fail="1" skip="0">All Tests</stat>
</total>
<tag>
</tag>
<suite>
<stat pass="0" fail="1" skip="0" id="s1" name="System.V2">System.V2</stat>
</suite>
</statistics>
<errors>
</errors>
</robot>
