<?xml version="1.0" encoding="UTF-8"?>
<robot generator="Robot 6.1.1 (Python 3.9.16 on linux)" generated="20230831 19:50:43.707" rpa="false" schemaversion="4">
  <suite id="s1" name="Tests" source="/home/ubutt/robot-dev/tests">
    <suite id="s1-s1" name="Ncs Env" source="/home/ubutt/robot-dev/tests/ncs_env.robot">
      <test id="s1-s1-t1" name="Verify that the overcommit_memory value has been updated" line="17">
        <kw name="Run" library="OperatingSystem">
          <var>${run_time_overcommit}</var>
          <arg>cat /proc/sys/vm/overcommit_memory</arg>
          <doc>Runs the given command in the system and returns the output.</doc>
          <msg timestamp="20230831 19:50:43.760" level="INFO">Running command 'cat
            /proc/sys/vm/overcommit_memory 2&gt;&amp;1'.</msg>
          <msg timestamp="20230831 19:50:43.764" level="INFO">${run_time_overcommit} = 2</msg>
          <status status="PASS" starttime="20230831 19:50:43.758" endtime="20230831 19:50:43.764" />
        </kw>
        <kw name="Get File" library="OperatingSystem">
          <var>${sysctl_d_ncs_conf}</var>
          <arg>/etc/sysctl.d/ncs.conf</arg>
          <doc>Returns the contents of a specified file.</doc>
          <msg timestamp="20230831 19:50:43.765" level="INFO" html="true">Getting file '&lt;a
            href="file:///etc/sysctl.d/ncs.conf"&gt;/etc/sysctl.d/ncs.conf&lt;/a&gt;'.</msg>
          <msg timestamp="20230831 19:50:43.765" level="INFO">${sysctl_d_ncs_conf} = # Adding Over
            Commit Memmory Changes
            # This change keeps overcommit_memmory (OOM) disbaled across system reboots.
            vm.overcommit_memory = 2
</msg>
          <status status="PASS" starttime="20230831 19:50:43.765" endtime="20230831 19:50:43.765" />
        </kw>
        <kw name="Create List" library="BuiltIn">
          <var>${error_list}</var>
          <doc>Returns a list containing given items.</doc>
          <msg timestamp="20230831 19:50:43.766" level="INFO">${error_list} = []</msg>
          <status status="PASS" starttime="20230831 19:50:43.766" endtime="20230831 19:50:43.766" />
        </kw>
        <if>
          <branch type="IF" condition="${run_time_overcommit} == 2">
            <kw name="Log" library="BuiltIn">
              <arg>/proc/sys/vm/overcommit_memory is configured correctly</arg>
              <doc>Logs the given message with the given level.</doc>
              <msg timestamp="20230831 19:50:43.767" level="INFO">/proc/sys/vm/overcommit_memory is
                configured correctly</msg>
              <status status="PASS" starttime="20230831 19:50:43.767"
                endtime="20230831 19:50:43.767" />
            </kw>
            <status status="PASS" starttime="20230831 19:50:43.766" endtime="20230831 19:50:43.767" />
          </branch>
          <branch type="ELSE">
            <kw name="Append To List" library="Collections">
              <arg>${error_list}</arg>
              <arg>overcommit_memory not set to expected value</arg>
              <doc>Adds ``values`` to the end of ``list``.</doc>
              <status status="NOT RUN" starttime="20230831 19:50:43.767"
                endtime="20230831 19:50:43.767" />
            </kw>
            <status status="NOT RUN" starttime="20230831 19:50:43.767"
              endtime="20230831 19:50:43.767" />
          </branch>
          <status status="PASS" starttime="20230831 19:50:43.766" endtime="20230831 19:50:43.767" />
        </if>
        <kw name="Get Regexp Matches" library="String">
          <var>${matches}</var>
          <arg>${sysctl_d_ncs_conf}</arg>
          <arg>vm.overcommit_memory\\s?=\\s?(.*)</arg>
          <arg>1</arg>
          <doc>Returns a list of all non-overlapping matches in the given string.</doc>
          <msg timestamp="20230831 19:50:43.768" level="INFO">${matches} = ['2']</msg>
          <status status="PASS" starttime="20230831 19:50:43.768" endtime="20230831 19:50:43.768" />
        </kw>
        <kw name="Log" library="BuiltIn">
          <arg>${matches}</arg>
          <doc>Logs the given message with the given level.</doc>
          <msg timestamp="20230831 19:50:43.769" level="INFO">['2']</msg>
          <status status="PASS" starttime="20230831 19:50:43.769" endtime="20230831 19:50:43.769" />
        </kw>
        <kw name="Log" library="BuiltIn">
          <arg>${matches[0]}</arg>
          <doc>Logs the given message with the given level.</doc>
          <msg timestamp="20230831 19:50:43.770" level="INFO">2</msg>
          <status status="PASS" starttime="20230831 19:50:43.769" endtime="20230831 19:50:43.770" />
        </kw>
        <if>
          <branch type="IF" condition="${matches[0]} == 2">
            <kw name="Log" library="BuiltIn">
              <arg>vm.overcommit_memory assigned to correct values</arg>
              <doc>Logs the given message with the given level.</doc>
              <msg timestamp="20230831 19:50:43.771" level="INFO">vm.overcommit_memory assigned to
                correct values</msg>
              <status status="PASS" starttime="20230831 19:50:43.771"
                endtime="20230831 19:50:43.771" />
            </kw>
            <status status="PASS" starttime="20230831 19:50:43.770" endtime="20230831 19:50:43.771" />
          </branch>
          <branch type="ELSE">
            <kw name="Append To List" library="Collections">
              <arg>${error_list}</arg>
              <arg>vm.overcommit_memory not assigned correct values</arg>
              <doc>Adds ``values`` to the end of ``list``.</doc>
              <status status="NOT RUN" starttime="20230831 19:50:43.771"
                endtime="20230831 19:50:43.771" />
            </kw>
            <status status="NOT RUN" starttime="20230831 19:50:43.771"
              endtime="20230831 19:50:43.771" />
          </branch>
          <status status="PASS" starttime="20230831 19:50:43.770" endtime="20230831 19:50:43.771" />
        </if>
        <kw name="Should Be Empty" library="BuiltIn">
          <arg>${error_list}</arg>
          <arg>Errors encountered with values for ${error_list}</arg>
          <doc>Verifies that the given item is empty.</doc>
          <msg timestamp="20230831 19:50:43.772" level="INFO">Length is 0</msg>
          <status status="PASS" starttime="20230831 19:50:43.772" endtime="20230831 19:50:43.772" />
        </kw>
        <doc>The default os value is pre-configured to 0, this needs to be modified
          to "2". This can be changed at run-time by "echo 2 &gt; /proc/sys/vm/overcommit_memmory"
          however it should be persistently added to the /etc/sysctl.d/ncs.conf
          this test will check both locations</doc>
        <status status="PASS" starttime="20230831 19:50:43.756" endtime="20230831 19:50:43.772" />
      </test>
      <test id="s1-s1-t2" name="Verify the T-SDN system limits have been configured" line="42">
        <kw name="Get File" library="OperatingSystem">
          <var>${file}</var>
          <arg>/etc/security/limits.d/ncs.conf</arg>
          <doc>Returns the contents of a specified file.</doc>
          <msg timestamp="20230831 19:50:43.774" level="INFO" html="true">
            Getting file '&lt;a
            href="file:///etc/security/limits.d/ncs.conf"&gt;/etc/security/limits.d/ncs.conf&lt;/a&gt;'.</msg>
          <msg timestamp="20230831 19:50:43.774" level="INFO">${file} = # Adding T-SDN System Limits
            needed for NSO

            * soft nproc 65535
            * hard nproc 65535
            * soft nofile 65535
            * hard nofile 65535
            * hard memlock 65536
            * soft memlock 65536
</msg>
          <status status="PASS" starttime="20230831 19:50:43.774" endtime="20230831 19:50:43.774" />
        </kw>
        <kw name="Replace String Using Regexp" library="String">
          <var>${clean_file}</var>
          <arg>${file}</arg>
          <arg>\\s{2}</arg>
          <arg>${SPACE}</arg>
          <doc>Replaces ``pattern`` in the given ``string`` with ``replace_with``.</doc>
          <msg timestamp="20230831 19:50:43.775" level="INFO">${clean_file} = # Adding T-SDN System
            Limits needed for NSO * soft nproc 65535
            * hard nproc 65535
            * soft nofile 65535
            * hard nofile 65535
            * hard memlock 65536
            * soft memlock 65536
</msg>
          <status status="PASS" starttime="20230831 19:50:43.775" endtime="20230831 19:50:43.775" />
        </kw>
        <kw name="Create Dictionary" library="BuiltIn">
          <var>${limits_dict}</var>
          <arg>soft nproc=65535</arg>
          <arg>hard nproc=65535</arg>
          <arg>soft nofile=65535</arg>
          <arg>hard memlock=65536</arg>
          <arg>soft memlock=65536</arg>
          <doc>Creates and returns a dictionary based on the given ``items``.</doc>
          <msg timestamp="20230831 19:50:43.776" level="INFO">${limits_dict} = {'soft nproc':
            '65535', 'hard nproc': '65535', 'soft nofile': '65535', 'hard memlock': '65536', 'soft
            memlock': '65536'}</msg>
          <status status="PASS" starttime="20230831 19:50:43.775" endtime="20230831 19:50:43.776" />
        </kw>
        <kw name="Create List" library="BuiltIn">
          <var>${error_list}</var>
          <doc>Returns a list containing given items.</doc>
          <msg timestamp="20230831 19:50:43.776" level="INFO">${error_list} = []</msg>
          <status status="PASS" starttime="20230831 19:50:43.776" endtime="20230831 19:50:43.776" />
        </kw>
        <for flavor="IN">
          <var>${key}</var>
          <var>${value}</var>
          <value>&amp;{limits_dict}</value>
          <iter>
            <var name="${key}">soft nproc</var>
            <var name="${value}">65535</var>
            <kw name="Get Regexp Matches" library="String">
              <var>${matches}</var>
              <arg>${clean_file}</arg>
              <arg>(?&lt;!#)\\s+\\*\\s+${key}\\s?(\\d+)</arg>
              <arg>1</arg>
              <doc>Returns a list of all non-overlapping matches in the given string.</doc>
              <msg timestamp="20230831 19:50:43.777" level="INFO">${matches} = ['65535']</msg>
              <status status="PASS" starttime="20230831 19:50:43.777"
                endtime="20230831 19:50:43.778" />
            </kw>
            <kw name="Get Length" library="BuiltIn">
              <var>${len}</var>
              <arg>${matches}</arg>
              <doc>Returns and logs the length of the given item as an integer.</doc>
              <msg timestamp="20230831 19:50:43.778" level="INFO">Length is 1</msg>
              <msg timestamp="20230831 19:50:43.778" level="INFO">${len} = 1</msg>
              <status status="PASS" starttime="20230831 19:50:43.778"
                endtime="20230831 19:50:43.778" />
            </kw>
            <if>
              <branch type="IF" condition="${len} &gt; 0">
                <if>
                  <branch type="IF" condition="${matches[0]} == ${value}">
                    <kw name="Log" library="BuiltIn">
                      <arg>${key} value found, and set to the expected value : ${value}</arg>
                      <doc>Logs the given message with the given level.</doc>
                      <msg timestamp="20230831 19:50:43.779" level="INFO">soft nproc value found,
                        and set to the expected value : 65535</msg>
                      <status status="PASS" starttime="20230831 19:50:43.779"
                        endtime="20230831 19:50:43.779" />
                    </kw>
                    <status status="PASS" starttime="20230831 19:50:43.778"
                      endtime="20230831 19:50:43.779" />
                  </branch>
                  <branch type="ELSE">
                    <kw name="Append To List" library="Collections">
                      <arg>${error_list}</arg>
                      <arg>${key}</arg>
                      <doc>Adds ``values`` to the end of ``list``.</doc>
                      <status status="NOT RUN" starttime="20230831 19:50:43.780"
                        endtime="20230831 19:50:43.780" />
                    </kw>
                    <status status="NOT RUN" starttime="20230831 19:50:43.779"
                      endtime="20230831 19:50:43.780" />
                  </branch>
                  <status status="PASS" starttime="20230831 19:50:43.778"
                    endtime="20230831 19:50:43.780" />
                </if>
                <status status="PASS" starttime="20230831 19:50:43.778"
                  endtime="20230831 19:50:43.780" />
              </branch>
              <branch type="ELSE">
                <kw name="Log" library="BuiltIn">
                  <arg>${key} not found in ${file}</arg>
                  <doc>Logs the given message with the given level.</doc>
                  <status status="NOT RUN" starttime="20230831 19:50:43.780"
                    endtime="20230831 19:50:43.780" />
                </kw>
                <kw name="Append To List" library="Collections">
                  <arg>${error_list}</arg>
                  <arg>${key}</arg>
                  <doc>Adds ``values`` to the end of ``list``.</doc>
                  <status status="NOT RUN" starttime="20230831 19:50:43.780"
                    endtime="20230831 19:50:43.780" />
                </kw>
                <status status="NOT RUN" starttime="20230831 19:50:43.780"
                  endtime="20230831 19:50:43.780" />
              </branch>
              <status status="PASS" starttime="20230831 19:50:43.778"
                endtime="20230831 19:50:43.780" />
            </if>
            <status status="PASS" starttime="20230831 19:50:43.777" endtime="20230831 19:50:43.780" />
          </iter>
          <iter>
            <var name="${key}">hard nproc</var>
            <var name="${value}">65535</var>
            <kw name="Get Regexp Matches" library="String">
              <var>${matches}</var>
              <arg>${clean_file}</arg>
              <arg>(?&lt;!#)\\s+\\*\\s+${key}\\s?(\\d+)</arg>
              <arg>1</arg>
              <doc>Returns a list of all non-overlapping matches in the given string.</doc>
              <msg timestamp="20230831 19:50:43.781" level="INFO">${matches} = ['65535']</msg>
              <status status="PASS" starttime="20230831 19:50:43.780"
                endtime="20230831 19:50:43.781" />
            </kw>
            <kw name="Get Length" library="BuiltIn">
              <var>${len}</var>
              <arg>${matches}</arg>
              <doc>Returns and logs the length of the given item as an integer.</doc>
              <msg timestamp="20230831 19:50:43.781" level="INFO">Length is 1</msg>
              <msg timestamp="20230831 19:50:43.781" level="INFO">${len} = 1</msg>
              <status status="PASS" starttime="20230831 19:50:43.781"
                endtime="20230831 19:50:43.781" />
            </kw>
            <if>
              <branch type="IF" condition="${len} &gt; 0">
                <if>
                  <branch type="IF" condition="${matches[0]} == ${value}">
                    <kw name="Log" library="BuiltIn">
                      <arg>${key} value found, and set to the expected value : ${value}</arg>
                      <doc>Logs the given message with the given level.</doc>
                      <msg timestamp="20230831 19:50:43.782" level="INFO">hard nproc value found,
                        and set to the expected value : 65535</msg>
                      <status status="PASS" starttime="20230831 19:50:43.782"
                        endtime="20230831 19:50:43.783" />
                    </kw>
                    <status status="PASS" starttime="20230831 19:50:43.782"
                      endtime="20230831 19:50:43.783" />
                  </branch>
                  <branch type="ELSE">
                    <kw name="Append To List" library="Collections">
                      <arg>${error_list}</arg>
                      <arg>${key}</arg>
                      <doc>Adds ``values`` to the end of ``list``.</doc>
                      <status status="NOT RUN" starttime="20230831 19:50:43.783"
                        endtime="20230831 19:50:43.783" />
                    </kw>
                    <status status="NOT RUN" starttime="20230831 19:50:43.783"
                      endtime="20230831 19:50:43.783" />
                  </branch>
                  <status status="PASS" starttime="20230831 19:50:43.781"
                    endtime="20230831 19:50:43.783" />
                </if>
                <status status="PASS" starttime="20230831 19:50:43.781"
                  endtime="20230831 19:50:43.783" />
              </branch>
              <branch type="ELSE">
                <kw name="Log" library="BuiltIn">
                  <arg>${key} not found in ${file}</arg>
                  <doc>Logs the given message with the given level.</doc>
                  <status status="NOT RUN" starttime="20230831 19:50:43.783"
                    endtime="20230831 19:50:43.783" />
                </kw>
                <kw name="Append To List" library="Collections">
                  <arg>${error_list}</arg>
                  <arg>${key}</arg>
                  <doc>Adds ``values`` to the end of ``list``.</doc>
                  <status status="NOT RUN" starttime="20230831 19:50:43.783"
                    endtime="20230831 19:50:43.783" />
                </kw>
                <status status="NOT RUN" starttime="20230831 19:50:43.783"
                  endtime="20230831 19:50:43.783" />
              </branch>
              <status status="PASS" starttime="20230831 19:50:43.781"
                endtime="20230831 19:50:43.783" />
            </if>
            <status status="PASS" starttime="20230831 19:50:43.780" endtime="20230831 19:50:43.783" />
          </iter>
          <iter>
            <var name="${key}">soft nofile</var>
            <var name="${value}">65535</var>
            <kw name="Get Regexp Matches" library="String">
              <var>${matches}</var>
              <arg>${clean_file}</arg>
              <arg>(?&lt;!#)\\s+\\*\\s+${key}\\s?(\\d+)</arg>
              <arg>1</arg>
              <doc>Returns a list of all non-overlapping matches in the given string.</doc>
              <msg timestamp="20230831 19:50:43.784" level="INFO">${matches} = ['65535']</msg>
              <status status="PASS" starttime="20230831 19:50:43.783"
                endtime="20230831 19:50:43.784" />
            </kw>
            <kw name="Get Length" library="BuiltIn">
              <var>${len}</var>
              <arg>${matches}</arg>
              <doc>Returns and logs the length of the given item as an integer.</doc>
              <msg timestamp="20230831 19:50:43.784" level="INFO">Length is 1</msg>
              <msg timestamp="20230831 19:50:43.784" level="INFO">${len} = 1</msg>
              <status status="PASS" starttime="20230831 19:50:43.784"
                endtime="20230831 19:50:43.784" />
            </kw>
            <if>
              <branch type="IF" condition="${len} &gt; 0">
                <if>
                  <branch type="IF" condition="${matches[0]} == ${value}">
                    <kw name="Log" library="BuiltIn">
                      <arg>${key} value found, and set to the expected value : ${value}</arg>
                      <doc>Logs the given message with the given level.</doc>
                      <msg timestamp="20230831 19:50:43.786" level="INFO">soft nofile value found,
                        and set to the expected value : 65535</msg>
                      <status status="PASS" starttime="20230831 19:50:43.785"
                        endtime="20230831 19:50:43.786" />
                    </kw>
                    <status status="PASS" starttime="20230831 19:50:43.785"
                      endtime="20230831 19:50:43.786" />
                  </branch>
                  <branch type="ELSE">
                    <kw name="Append To List" library="Collections">
                      <arg>${error_list}</arg>
                      <arg>${key}</arg>
                      <doc>Adds ``values`` to the end of ``list``.</doc>
                      <status status="NOT RUN" starttime="20230831 19:50:43.786"
                        endtime="20230831 19:50:43.786" />
                    </kw>
                    <status status="NOT RUN" starttime="20230831 19:50:43.786"
                      endtime="20230831 19:50:43.786" />
                  </branch>
                  <status status="PASS" starttime="20230831 19:50:43.785"
                    endtime="20230831 19:50:43.786" />
                </if>
                <status status="PASS" starttime="20230831 19:50:43.785"
                  endtime="20230831 19:50:43.786" />
              </branch>
              <branch type="ELSE">
                <kw name="Log" library="BuiltIn">
                  <arg>${key} not found in ${file}</arg>
                  <doc>Logs the given message with the given level.</doc>
                  <status status="NOT RUN" starttime="20230831 19:50:43.786"
                    endtime="20230831 19:50:43.786" />
                </kw>
                <kw name="Append To List" library="Collections">
                  <arg>${error_list}</arg>
                  <arg>${key}</arg>
                  <doc>Adds ``values`` to the end of ``list``.</doc>
                  <status status="NOT RUN" starttime="20230831 19:50:43.786"
                    endtime="20230831 19:50:43.786" />
                </kw>
                <status status="NOT RUN" starttime="20230831 19:50:43.786"
                  endtime="20230831 19:50:43.786" />
              </branch>
              <status status="PASS" starttime="20230831 19:50:43.784"
                endtime="20230831 19:50:43.786" />
            </if>
            <status status="PASS" starttime="20230831 19:50:43.783" endtime="20230831 19:50:43.786" />
          </iter>
          <iter>
            <var name="${key}">hard memlock</var>
            <var name="${value}">65536</var>
            <kw name="Get Regexp Matches" library="String">
              <var>${matches}</var>
              <arg>${clean_file}</arg>
              <arg>(?&lt;!#)\\s+\\*\\s+${key}\\s?(\\d+)</arg>
              <arg>1</arg>
              <doc>Returns a list of all non-overlapping matches in the given string.</doc>
              <msg timestamp="20230831 19:50:43.787" level="INFO">${matches} = ['65536']</msg>
              <status status="PASS" starttime="20230831 19:50:43.787"
                endtime="20230831 19:50:43.787" />
            </kw>
            <kw name="Get Length" library="BuiltIn">
              <var>${len}</var>
              <arg>${matches}</arg>
              <doc>Returns and logs the length of the given item as an integer.</doc>
              <msg timestamp="20230831 19:50:43.787" level="INFO">Length is 1</msg>
              <msg timestamp="20230831 19:50:43.788" level="INFO">${len} = 1</msg>
              <status status="PASS" starttime="20230831 19:50:43.787"
                endtime="20230831 19:50:43.788" />
            </kw>
            <if>
              <branch type="IF" condition="${len} &gt; 0">
                <if>
                  <branch type="IF" condition="${matches[0]} == ${value}">
                    <kw name="Log" library="BuiltIn">
                      <arg>${key} value found, and set to the expected value : ${value}</arg>
                      <doc>Logs the given message with the given level.</doc>
                      <msg timestamp="20230831 19:50:43.789" level="INFO">hard memlock value found,
                        and set to the expected value : 65536</msg>
                      <status status="PASS" starttime="20230831 19:50:43.789"
                        endtime="20230831 19:50:43.789" />
                    </kw>
                    <status status="PASS" starttime="20230831 19:50:43.788"
                      endtime="20230831 19:50:43.789" />
                  </branch>
                  <branch type="ELSE">
                    <kw name="Append To List" library="Collections">
                      <arg>${error_list}</arg>
                      <arg>${key}</arg>
                      <doc>Adds ``values`` to the end of ``list``.</doc>
                      <status status="NOT RUN" starttime="20230831 19:50:43.789"
                        endtime="20230831 19:50:43.789" />
                    </kw>
                    <status status="NOT RUN" starttime="20230831 19:50:43.789"
                      endtime="20230831 19:50:43.789" />
                  </branch>
                  <status status="PASS" starttime="20230831 19:50:43.788"
                    endtime="20230831 19:50:43.789" />
                </if>
                <status status="PASS" starttime="20230831 19:50:43.788"
                  endtime="20230831 19:50:43.789" />
              </branch>
              <branch type="ELSE">
                <kw name="Log" library="BuiltIn">
                  <arg>${key} not found in ${file}</arg>
                  <doc>Logs the given message with the given level.</doc>
                  <status status="NOT RUN" starttime="20230831 19:50:43.789"
                    endtime="20230831 19:50:43.789" />
                </kw>
                <kw name="Append To List" library="Collections">
                  <arg>${error_list}</arg>
                  <arg>${key}</arg>
                  <doc>Adds ``values`` to the end of ``list``.</doc>
                  <status status="NOT RUN" starttime="20230831 19:50:43.789"
                    endtime="20230831 19:50:43.789" />
                </kw>
                <status status="NOT RUN" starttime="20230831 19:50:43.789"
                  endtime="20230831 19:50:43.789" />
              </branch>
              <status status="PASS" starttime="20230831 19:50:43.788"
                endtime="20230831 19:50:43.789" />
            </if>
            <status status="PASS" starttime="20230831 19:50:43.786" endtime="20230831 19:50:43.790" />
          </iter>
          <iter>
            <var name="${key}">soft memlock</var>
            <var name="${value}">65536</var>
            <kw name="Get Regexp Matches" library="String">
              <var>${matches}</var>
              <arg>${clean_file}</arg>
              <arg>(?&lt;!#)\\s+\\*\\s+${key}\\s?(\\d+)</arg>
              <arg>1</arg>
              <doc>Returns a list of all non-overlapping matches in the given string.</doc>
              <msg timestamp="20230831 19:50:43.790" level="INFO">${matches} = ['65536']</msg>
              <status status="PASS" starttime="20230831 19:50:43.790"
                endtime="20230831 19:50:43.790" />
            </kw>
            <kw name="Get Length" library="BuiltIn">
              <var>${len}</var>
              <arg>${matches}</arg>
              <doc>Returns and logs the length of the given item as an integer.</doc>
              <msg timestamp="20230831 19:50:43.791" level="INFO">Length is 1</msg>
              <msg timestamp="20230831 19:50:43.791" level="INFO">${len} = 1</msg>
              <status status="PASS" starttime="20230831 19:50:43.790"
                endtime="20230831 19:50:43.791" />
            </kw>
            <if>
              <branch type="IF" condition="${len} &gt; 0">
                <if>
                  <branch type="IF" condition="${matches[0]} == ${value}">
                    <kw name="Log" library="BuiltIn">
                      <arg>${key} value found, and set to the expected value : ${value}</arg>
                      <doc>Logs the given message with the given level.</doc>
                      <msg timestamp="20230831 19:50:43.792" level="INFO">soft memlock value found,
                        and set to the expected value : 65536</msg>
                      <status status="PASS" starttime="20230831 19:50:43.792"
                        endtime="20230831 19:50:43.792" />
                    </kw>
                    <status status="PASS" starttime="20230831 19:50:43.791"
                      endtime="20230831 19:50:43.792" />
                  </branch>
                  <branch type="ELSE">
                    <kw name="Append To List" library="Collections">
                      <arg>${error_list}</arg>
                      <arg>${key}</arg>
                      <doc>Adds ``values`` to the end of ``list``.</doc>
                      <status status="NOT RUN" starttime="20230831 19:50:43.792"
                        endtime="20230831 19:50:43.792" />
                    </kw>
                    <status status="NOT RUN" starttime="20230831 19:50:43.792"
                      endtime="20230831 19:50:43.792" />
                  </branch>
                  <status status="PASS" starttime="20230831 19:50:43.791"
                    endtime="20230831 19:50:43.792" />
                </if>
                <status status="PASS" starttime="20230831 19:50:43.791"
                  endtime="20230831 19:50:43.792" />
              </branch>
              <branch type="ELSE">
                <kw name="Log" library="BuiltIn">
                  <arg>${key} not found in ${file}</arg>
                  <doc>Logs the given message with the given level.</doc>
                  <status status="NOT RUN" starttime="20230831 19:50:43.792"
                    endtime="20230831 19:50:43.792" />
                </kw>
                <kw name="Append To List" library="Collections">
                  <arg>${error_list}</arg>
                  <arg>${key}</arg>
                  <doc>Adds ``values`` to the end of ``list``.</doc>
                  <status status="NOT RUN" starttime="20230831 19:50:43.792"
                    endtime="20230831 19:50:43.793" />
                </kw>
                <status status="NOT RUN" starttime="20230831 19:50:43.792"
                  endtime="20230831 19:50:43.793" />
              </branch>
              <status status="PASS" starttime="20230831 19:50:43.791"
                endtime="20230831 19:50:43.793" />
            </if>
            <status status="PASS" starttime="20230831 19:50:43.790" endtime="20230831 19:50:43.793" />
          </iter>
          <status status="PASS" starttime="20230831 19:50:43.777" endtime="20230831 19:50:43.793" />
        </for>
        <kw name="Should Be Empty" library="BuiltIn">
          <arg>${error_list}</arg>
          <arg>Errors found in the following paramaters : ${error_list}</arg>
          <doc>Verifies that the given item is empty.</doc>
          <msg timestamp="20230831 19:50:43.793" level="INFO">Length is 0</msg>
          <status status="PASS" starttime="20230831 19:50:43.793" endtime="20230831 19:50:43.793" />
        </kw>
        <doc>The T-SDN Core Function Pack requires system limit changes to be made
          the test will check the /etc/security/limnits.d/ncs.conf file exists and that the expected
          values
          have been provided. The expected values are stored in a dict k,v arrangement and can be
          extended
          if needed

          To handle the Regex * issue we need to preface each key with
          \*s+ should be handled in
          the KEywork but thats for the future</doc>
        <status status="PASS" starttime="20230831 19:50:43.773" endtime="20230831 19:50:43.793" />
      </test>
      <test id="s1-s1-t3" name="Verify that the limit changes are applied to the system" line="74">
        <kw name="Run" library="OperatingSystem">
          <var>${ulimit_settings}</var>
          <arg>ulimit -a</arg>
          <doc>Runs the given command in the system and returns the output.</doc>
          <msg timestamp="20230831 19:50:43.797" level="INFO">Running command 'ulimit -a
            2&gt;&amp;1'.</msg>
          <msg timestamp="20230831 19:50:43.799" level="INFO">${ulimit_settings} = real-time
            non-blocking time (microseconds, -R) unlimited
            core file size (blocks, -c) 0
            data seg size (kbytes, -d) unlimited
            scheduling priority (-e) 0
            file ...</msg>
          <status status="PASS" starttime="20230831 19:50:43.795" endtime="20230831 19:50:43.799" />
        </kw>
        <kw name="Create Dictionary" library="BuiltIn">
          <var>${ulimit_dict}</var>
          <arg>max locked memory=65536</arg>
          <arg>open files=65535</arg>
          <arg>max user processes=65535</arg>
          <doc>Creates and returns a dictionary based on the given ``items``.</doc>
          <msg timestamp="20230831 19:50:43.800" level="INFO">${ulimit_dict} = {'max locked memory':
            '65536', 'open files': '65535', 'max user processes': '65535'}</msg>
          <status status="PASS" starttime="20230831 19:50:43.800" endtime="20230831 19:50:43.800" />
        </kw>
        <kw name="Create List" library="BuiltIn">
          <var>${error_list}</var>
          <doc>Returns a list containing given items.</doc>
          <msg timestamp="20230831 19:50:43.801" level="INFO">${error_list} = []</msg>
          <status status="PASS" starttime="20230831 19:50:43.801" endtime="20230831 19:50:43.801" />
        </kw>
        <for flavor="IN">
          <var>${ulimit}</var>
          <var>${ulimit_value}</var>
          <value>&amp;{ulimit_dict}</value>
          <iter>
            <var name="${ulimit}">max locked memory</var>
            <var name="${ulimit_value}">65536</var>
            <kw name="Log" library="BuiltIn">
              <arg>${ulimit}:${ulimit_value}</arg>
              <doc>Logs the given message with the given level.</doc>
              <msg timestamp="20230831 19:50:43.802" level="INFO">max locked memory:65536</msg>
              <status status="PASS" starttime="20230831 19:50:43.802"
                endtime="20230831 19:50:43.802" />
            </kw>
            <kw name="Get Regexp Matches" library="String">
              <var>${matches}</var>
              <arg>${ulimit_settings}</arg>
              <arg>${ulimit}.*\\)\\s(.*)</arg>
              <arg>1</arg>
              <doc>Returns a list of all non-overlapping matches in the given string.</doc>
              <msg timestamp="20230831 19:50:43.803" level="INFO">${matches} = ['65536']</msg>
              <status status="PASS" starttime="20230831 19:50:43.802"
                endtime="20230831 19:50:43.803" />
            </kw>
            <kw name="Get Length" library="BuiltIn">
              <var>${len}</var>
              <arg>${matches}</arg>
              <doc>Returns and logs the length of the given item as an integer.</doc>
              <msg timestamp="20230831 19:50:43.803" level="INFO">Length is 1</msg>
              <msg timestamp="20230831 19:50:43.803" level="INFO">${len} = 1</msg>
              <status status="PASS" starttime="20230831 19:50:43.803"
                endtime="20230831 19:50:43.803" />
            </kw>
            <if>
              <branch type="IF" condition="${len} &gt; 0">
                <if>
                  <branch type="IF" condition="${matches[0]} == ${ulimit_value}">
                    <kw name="Log" library="BuiltIn">
                      <arg>${ulimit} value found, and set to the expected value : ${ulimit_value}</arg>
                      <doc>Logs the given message with the given level.</doc>
                      <msg timestamp="20230831 19:50:43.805" level="INFO">max locked memory value
                        found, and set to the expected value : 65536</msg>
                      <status status="PASS" starttime="20230831 19:50:43.804"
                        endtime="20230831 19:50:43.805" />
                    </kw>
                    <status status="PASS" starttime="20230831 19:50:43.804"
                      endtime="20230831 19:50:43.805" />
                  </branch>
                  <branch type="ELSE">
                    <kw name="Append To List" library="Collections">
                      <arg>${error_list}</arg>
                      <arg>${ulimit}</arg>
                      <doc>Adds ``values`` to the end of ``list``.</doc>
                      <status status="NOT RUN" starttime="20230831 19:50:43.805"
                        endtime="20230831 19:50:43.805" />
                    </kw>
                    <status status="NOT RUN" starttime="20230831 19:50:43.805"
                      endtime="20230831 19:50:43.805" />
                  </branch>
                  <status status="PASS" starttime="20230831 19:50:43.804"
                    endtime="20230831 19:50:43.805" />
                </if>
                <status status="PASS" starttime="20230831 19:50:43.803"
                  endtime="20230831 19:50:43.805" />
              </branch>
              <branch type="ELSE">
                <kw name="Log" library="BuiltIn">
                  <arg>${ulimit} not found in output</arg>
                  <doc>Logs the given message with the given level.</doc>
                  <status status="NOT RUN" starttime="20230831 19:50:43.805"
                    endtime="20230831 19:50:43.805" />
                </kw>
                <kw name="Append To List" library="Collections">
                  <arg>${error_list}</arg>
                  <arg>${ulimit}</arg>
                  <doc>Adds ``values`` to the end of ``list``.</doc>
                  <status status="NOT RUN" starttime="20230831 19:50:43.805"
                    endtime="20230831 19:50:43.806" />
                </kw>
                <status status="NOT RUN" starttime="20230831 19:50:43.805"
                  endtime="20230831 19:50:43.806" />
              </branch>
              <status status="PASS" starttime="20230831 19:50:43.803"
                endtime="20230831 19:50:43.806" />
            </if>
            <status status="PASS" starttime="20230831 19:50:43.801" endtime="20230831 19:50:43.806" />
          </iter>
          <iter>
            <var name="${ulimit}">open files</var>
            <var name="${ulimit_value}">65535</var>
            <kw name="Log" library="BuiltIn">
              <arg>${ulimit}:${ulimit_value}</arg>
              <doc>Logs the given message with the given level.</doc>
              <msg timestamp="20230831 19:50:43.806" level="INFO">open files:65535</msg>
              <status status="PASS" starttime="20230831 19:50:43.806"
                endtime="20230831 19:50:43.806" />
            </kw>
            <kw name="Get Regexp Matches" library="String">
              <var>${matches}</var>
              <arg>${ulimit_settings}</arg>
              <arg>${ulimit}.*\\)\\s(.*)</arg>
              <arg>1</arg>
              <doc>Returns a list of all non-overlapping matches in the given string.</doc>
              <msg timestamp="20230831 19:50:43.807" level="INFO">${matches} = ['65535']</msg>
              <status status="PASS" starttime="20230831 19:50:43.806"
                endtime="20230831 19:50:43.807" />
            </kw>
            <kw name="Get Length" library="BuiltIn">
              <var>${len}</var>
              <arg>${matches}</arg>
              <doc>Returns and logs the length of the given item as an integer.</doc>
              <msg timestamp="20230831 19:50:43.807" level="INFO">Length is 1</msg>
              <msg timestamp="20230831 19:50:43.807" level="INFO">${len} = 1</msg>
              <status status="PASS" starttime="20230831 19:50:43.807"
                endtime="20230831 19:50:43.807" />
            </kw>
            <if>
              <branch type="IF" condition="${len} &gt; 0">
                <if>
                  <branch type="IF" condition="${matches[0]} == ${ulimit_value}">
                    <kw name="Log" library="BuiltIn">
                      <arg>${ulimit} value found, and set to the expected value : ${ulimit_value}</arg>
                      <doc>Logs the given message with the given level.</doc>
                      <msg timestamp="20230831 19:50:43.808" level="INFO">open files value found,
                        and set to the expected value : 65535</msg>
                      <status status="PASS" starttime="20230831 19:50:43.808"
                        endtime="20230831 19:50:43.808" />
                    </kw>
                    <status status="PASS" starttime="20230831 19:50:43.807"
                      endtime="20230831 19:50:43.808" />
                  </branch>
                  <branch type="ELSE">
                    <kw name="Append To List" library="Collections">
                      <arg>${error_list}</arg>
                      <arg>${ulimit}</arg>
                      <doc>Adds ``values`` to the end of ``list``.</doc>
                      <status status="NOT RUN" starttime="20230831 19:50:43.808"
                        endtime="20230831 19:50:43.809" />
                    </kw>
                    <status status="NOT RUN" starttime="20230831 19:50:43.808"
                      endtime="20230831 19:50:43.809" />
                  </branch>
                  <status status="PASS" starttime="20230831 19:50:43.807"
                    endtime="20230831 19:50:43.809" />
                </if>
                <status status="PASS" starttime="20230831 19:50:43.807"
                  endtime="20230831 19:50:43.809" />
              </branch>
              <branch type="ELSE">
                <kw name="Log" library="BuiltIn">
                  <arg>${ulimit} not found in output</arg>
                  <doc>Logs the given message with the given level.</doc>
                  <status status="NOT RUN" starttime="20230831 19:50:43.809"
                    endtime="20230831 19:50:43.809" />
                </kw>
                <kw name="Append To List" library="Collections">
                  <arg>${error_list}</arg>
                  <arg>${ulimit}</arg>
                  <doc>Adds ``values`` to the end of ``list``.</doc>
                  <status status="NOT RUN" starttime="20230831 19:50:43.809"
                    endtime="20230831 19:50:43.809" />
                </kw>
                <status status="NOT RUN" starttime="20230831 19:50:43.809"
                  endtime="20230831 19:50:43.809" />
              </branch>
              <status status="PASS" starttime="20230831 19:50:43.807"
                endtime="20230831 19:50:43.809" />
            </if>
            <status status="PASS" starttime="20230831 19:50:43.806" endtime="20230831 19:50:43.809" />
          </iter>
          <iter>
            <var name="${ulimit}">max user processes</var>
            <var name="${ulimit_value}">65535</var>
            <kw name="Log" library="BuiltIn">
              <arg>${ulimit}:${ulimit_value}</arg>
              <doc>Logs the given message with the given level.</doc>
              <msg timestamp="20230831 19:50:43.810" level="INFO">max user processes:65535</msg>
              <status status="PASS" starttime="20230831 19:50:43.809"
                endtime="20230831 19:50:43.810" />
            </kw>
            <kw name="Get Regexp Matches" library="String">
              <var>${matches}</var>
              <arg>${ulimit_settings}</arg>
              <arg>${ulimit}.*\\)\\s(.*)</arg>
              <arg>1</arg>
              <doc>Returns a list of all non-overlapping matches in the given string.</doc>
              <msg timestamp="20230831 19:50:43.810" level="INFO">${matches} = ['65535']</msg>
              <status status="PASS" starttime="20230831 19:50:43.810"
                endtime="20230831 19:50:43.810" />
            </kw>
            <kw name="Get Length" library="BuiltIn">
              <var>${len}</var>
              <arg>${matches}</arg>
              <doc>Returns and logs the length of the given item as an integer.</doc>
              <msg timestamp="20230831 19:50:43.810" level="INFO">Length is 1</msg>
              <msg timestamp="20230831 19:50:43.811" level="INFO">${len} = 1</msg>
              <status status="PASS" starttime="20230831 19:50:43.810"
                endtime="20230831 19:50:43.811" />
            </kw>
            <if>
              <branch type="IF" condition="${len} &gt; 0">
                <if>
                  <branch type="IF" condition="${matches[0]} == ${ulimit_value}">
                    <kw name="Log" library="BuiltIn">
                      <arg>${ulimit} value found, and set to the expected value : ${ulimit_value}</arg>
                      <doc>Logs the given message with the given level.</doc>
                      <msg timestamp="20230831 19:50:43.812" level="INFO">max user processes value
                        found, and set to the expected value : 65535</msg>
                      <status status="PASS" starttime="20230831 19:50:43.811"
                        endtime="20230831 19:50:43.812" />
                    </kw>
                    <status status="PASS" starttime="20230831 19:50:43.811"
                      endtime="20230831 19:50:43.812" />
                  </branch>
                  <branch type="ELSE">
                    <kw name="Append To List" library="Collections">
                      <arg>${error_list}</arg>
                      <arg>${ulimit}</arg>
                      <doc>Adds ``values`` to the end of ``list``.</doc>
                      <status status="NOT RUN" starttime="20230831 19:50:43.812"
                        endtime="20230831 19:50:43.812" />
                    </kw>
                    <status status="NOT RUN" starttime="20230831 19:50:43.812"
                      endtime="20230831 19:50:43.812" />
                  </branch>
                  <status status="PASS" starttime="20230831 19:50:43.811"
                    endtime="20230831 19:50:43.812" />
                </if>
                <status status="PASS" starttime="20230831 19:50:43.811"
                  endtime="20230831 19:50:43.812" />
              </branch>
              <branch type="ELSE">
                <kw name="Log" library="BuiltIn">
                  <arg>${ulimit} not found in output</arg>
                  <doc>Logs the given message with the given level.</doc>
                  <status status="NOT RUN" starttime="20230831 19:50:43.812"
                    endtime="20230831 19:50:43.812" />
                </kw>
                <kw name="Append To List" library="Collections">
                  <arg>${error_list}</arg>
                  <arg>${ulimit}</arg>
                  <doc>Adds ``values`` to the end of ``list``.</doc>
                  <status status="NOT RUN" starttime="20230831 19:50:43.812"
                    endtime="20230831 19:50:43.812" />
                </kw>
                <status status="NOT RUN" starttime="20230831 19:50:43.812"
                  endtime="20230831 19:50:43.812" />
              </branch>
              <status status="PASS" starttime="20230831 19:50:43.811"
                endtime="20230831 19:50:43.813" />
            </if>
            <status status="PASS" starttime="20230831 19:50:43.809" endtime="20230831 19:50:43.813" />
          </iter>
          <status status="PASS" starttime="20230831 19:50:43.801" endtime="20230831 19:50:43.813" />
        </for>
        <kw name="Should Be Empty" library="BuiltIn">
          <arg>${error_list}</arg>
          <arg>Errors found in the following paramaters : ${error_list}</arg>
          <doc>Verifies that the given item is empty.</doc>
          <msg timestamp="20230831 19:50:43.813" level="INFO">Length is 0</msg>
          <status status="PASS" starttime="20230831 19:50:43.813" endtime="20230831 19:50:43.813" />
        </kw>
        <doc>This test checks that the variables applied to the /etc/security/limits.d/ncs.conf
          have been applied. This typically requires a user to disconnect and reconnect to the
          servers</doc>
        <status status="PASS" starttime="20230831 19:50:43.794" endtime="20230831 19:50:43.814" />
      </test>
      <doc>This set of tests validates the system envionment changes have been made for
        the Cisco NSO application and the T-SDN Core Function Pack the changes relate to:
        - overcommit_memory disabled across reboots
        - system limits configured as per T-SDN package documentation</doc>
      <status status="PASS" starttime="20230831 19:50:43.729" endtime="20230831 19:50:43.814" />
    </suite>
    <suite id="s1-s2" name="Security" source="/home/ubutt/robot-dev/tests/security.robot">
      <test id="s1-s2-t1" name="Verify firewalld service is enabled" line="24">
        <kw name="Run" library="OperatingSystem">
          <var>${output}</var>
          <arg>systemctl is-enabled firewalld</arg>
          <doc>Runs the given command in the system and returns the output.</doc>
          <msg timestamp="20230831 19:50:43.824" level="INFO">Running command 'systemctl is-enabled
            firewalld 2&gt;&amp;1'.</msg>
          <msg timestamp="20230831 19:50:43.838" level="INFO">${output} = enabled</msg>
          <status status="PASS" starttime="20230831 19:50:43.822" endtime="20230831 19:50:43.838" />
        </kw>
        <kw name="Should Be Equal As Strings" library="BuiltIn">
          <arg>${output}</arg>
          <arg>enabled</arg>
          <doc>Fails if objects are unequal after converting them to strings.</doc>
          <status status="PASS" starttime="20230831 19:50:43.838" endtime="20230831 19:50:43.839" />
        </kw>
        <doc>The firewall service should not be disabled on reboot</doc>
        <tag>security</tag>
        <status status="PASS" starttime="20230831 19:50:43.821" endtime="20230831 19:50:43.839" />
      </test>
      <test id="s1-s2-t2" name="Verify NSO ports are configured in the firewalld" line="30">
        <kw name="Run" library="OperatingSystem">
          <var>${output}</var>
          <arg>sudo firewall-cmd --list-all</arg>
          <doc>Runs the given command in the system and returns the output.</doc>
          <msg timestamp="20230831 19:50:43.843" level="INFO">Running command 'sudo firewall-cmd
            --list-all 2&gt;&amp;1'.</msg>
          <msg timestamp="20230831 19:50:47.360" level="INFO">${output} = public (active)
            target: default
            icmp-block-inversion: no
            interfaces: ens33
            sources:
            services: cockpit dhcpv6-client ssh
            ports: 22/tcp 4570/tcp 2022/tcp 2023/tcp 2024/tcp 8080/tcp 8888/tcp...</msg>
          <status status="PASS" starttime="20230831 19:50:43.841" endtime="20230831 19:50:47.360" />
        </kw>
        <for flavor="IN">
          <var>${port}</var>
          <value>@{nso_fw_ports}</value>
          <iter>
            <var name="${port}">2022</var>
            <kw name="Should Contain" library="BuiltIn">
              <arg>${output}</arg>
              <arg>${port}</arg>
              <doc>Fails if ``container`` does not contain ``item`` one or more times.</doc>
              <status status="PASS" starttime="20230831 19:50:47.362"
                endtime="20230831 19:50:47.362" />
            </kw>
            <kw name="Log" library="BuiltIn">
              <arg>${port}</arg>
              <doc>Logs the given message with the given level.</doc>
              <msg timestamp="20230831 19:50:47.362" level="INFO">2022</msg>
              <status status="PASS" starttime="20230831 19:50:47.362"
                endtime="20230831 19:50:47.362" />
            </kw>
            <status status="PASS" starttime="20230831 19:50:47.361" endtime="20230831 19:50:47.362" />
          </iter>
          <iter>
            <var name="${port}">2024</var>
            <kw name="Should Contain" library="BuiltIn">
              <arg>${output}</arg>
              <arg>${port}</arg>
              <doc>Fails if ``container`` does not contain ``item`` one or more times.</doc>
              <status status="PASS" starttime="20230831 19:50:47.363"
                endtime="20230831 19:50:47.363" />
            </kw>
            <kw name="Log" library="BuiltIn">
              <arg>${port}</arg>
              <doc>Logs the given message with the given level.</doc>
              <msg timestamp="20230831 19:50:47.363" level="INFO">2024</msg>
              <status status="PASS" starttime="20230831 19:50:47.363"
                endtime="20230831 19:50:47.363" />
            </kw>
            <status status="PASS" starttime="20230831 19:50:47.363" endtime="20230831 19:50:47.363" />
          </iter>
          <iter>
            <var name="${port}">8080</var>
            <kw name="Should Contain" library="BuiltIn">
              <arg>${output}</arg>
              <arg>${port}</arg>
              <doc>Fails if ``container`` does not contain ``item`` one or more times.</doc>
              <status status="PASS" starttime="20230831 19:50:47.364"
                endtime="20230831 19:50:47.364" />
            </kw>
            <kw name="Log" library="BuiltIn">
              <arg>${port}</arg>
              <doc>Logs the given message with the given level.</doc>
              <msg timestamp="20230831 19:50:47.364" level="INFO">8080</msg>
              <status status="PASS" starttime="20230831 19:50:47.364"
                endtime="20230831 19:50:47.364" />
            </kw>
            <status status="PASS" starttime="20230831 19:50:47.363" endtime="20230831 19:50:47.364" />
          </iter>
          <iter>
            <var name="${port}">8888</var>
            <kw name="Should Contain" library="BuiltIn">
              <arg>${output}</arg>
              <arg>${port}</arg>
              <doc>Fails if ``container`` does not contain ``item`` one or more times.</doc>
              <status status="PASS" starttime="20230831 19:50:47.364"
                endtime="20230831 19:50:47.365" />
            </kw>
            <kw name="Log" library="BuiltIn">
              <arg>${port}</arg>
              <doc>Logs the given message with the given level.</doc>
              <msg timestamp="20230831 19:50:47.365" level="INFO">8888</msg>
              <status status="PASS" starttime="20230831 19:50:47.365"
                endtime="20230831 19:50:47.365" />
            </kw>
            <status status="PASS" starttime="20230831 19:50:47.364" endtime="20230831 19:50:47.365" />
          </iter>
          <status status="PASS" starttime="20230831 19:50:47.361" endtime="20230831 19:50:47.365" />
        </for>
        <doc>Check that the neccesary tcp/udp ports are open for nso the
          ports are listed in the list "nso_fw_ports" defined in the global Variables
          List includes the following : ['2022', '2024', '8080', '8888']</doc>
        <tag>security</tag>
        <status status="PASS" starttime="20230831 19:50:43.840" endtime="20230831 19:50:47.365" />
      </test>
      <test id="s1-s2-t3" name="Verify authselect profile sssd-vf is created" line="41">
        <kw name="Run" library="OperatingSystem">
          <var>${output}</var>
          <arg>authselect list</arg>
          <doc>Runs the given command in the system and returns the output.</doc>
          <msg timestamp="20230831 19:50:47.369" level="INFO">Running command 'authselect list
            2&gt;&amp;1'.</msg>
          <msg timestamp="20230831 19:50:47.375" level="INFO">${output} = - minimal Local users only
            for minimal installations
            - sssd Enable SSSD for system authentication (also for local users only)
            - winbind Enable winbind for system authenticat...</msg>
          <status status="PASS" starttime="20230831 19:50:47.366" endtime="20230831 19:50:47.375" />
        </kw>
        <kw name="Should Contain" library="BuiltIn">
          <arg>${output}</arg>
          <arg>sssd-vf</arg>
          <doc>Fails if ``container`` does not contain ``item`` one or more times.</doc>
          <status status="PASS" starttime="20230831 19:50:47.375" endtime="20230831 19:50:47.376" />
        </kw>
        <doc>Verify that a custom sssd profile has been created</doc>
        <tag>security</tag>
        <status status="PASS" starttime="20230831 19:50:47.366" endtime="20230831 19:50:47.376" />
      </test>
      <test id="s1-s2-t4" name="Verify expected authselect profile is active" line="47">
        <kw name="Run" library="OperatingSystem">
          <var>${output}</var>
          <arg>authselect current -r</arg>
          <doc>Runs the given command in the system and returns the output.</doc>
          <msg timestamp="20230831 19:50:47.380" level="INFO">Running command 'authselect current -r
            2&gt;&amp;1'.</msg>
          <msg timestamp="20230831 19:50:47.384" level="INFO">${output} = custom/sssd-vf
            with-faillock without-nullok</msg>
          <status status="PASS" starttime="20230831 19:50:47.378" endtime="20230831 19:50:47.384" />
        </kw>
        <kw name="Set Variable" library="BuiltIn">
          <var>${profile}</var>
          <arg>custom/sssd-vf</arg>
          <doc>Returns the given values which can then be assigned to a variables.</doc>
          <msg timestamp="20230831 19:50:47.385" level="INFO">${profile} = custom/sssd-vf</msg>
          <status status="PASS" starttime="20230831 19:50:47.385" endtime="20230831 19:50:47.385" />
        </kw>
        <if>
          <branch type="IF" condition="'${profile}' in '${output}'">
            <kw name="Pass Execution" library="BuiltIn">
              <arg>Current Profile is correct - sssd-vf</arg>
              <doc>Skips rest of the current test, setup, or teardown with PASS status.</doc>
              <msg timestamp="20230831 19:50:47.387" level="INFO">Execution passed with message:
                Current Profile is correct - sssd-vf</msg>
              <status status="PASS" starttime="20230831 19:50:47.386"
                endtime="20230831 19:50:47.387" />
            </kw>
            <status status="PASS" starttime="20230831 19:50:47.386" endtime="20230831 19:50:47.387" />
          </branch>
          <branch type="ELSE">
            <kw name="Fail" library="BuiltIn">
              <arg>Incorrect, or No, Profile active</arg>
              <doc>Fails the test with the given message and optionally alters its tags.</doc>
              <status status="NOT RUN" starttime="20230831 19:50:47.387"
                endtime="20230831 19:50:47.387" />
            </kw>
            <status status="NOT RUN" starttime="20230831 19:50:47.387"
              endtime="20230831 19:50:47.387" />
          </branch>
          <status status="PASS" starttime="20230831 19:50:47.386" endtime="20230831 19:50:47.387" />
        </if>
        <doc>This runs the command "authselect current -r" and returns the current active profile
          the test checks that this matches the expected value of custom/sssd-vf</doc>
        <status status="PASS" starttime="20230831 19:50:47.377" endtime="20230831 19:50:47.387">Current
          Profile is correct - sssd-vf</status>
      </test>
      <test id="s1-s2-t5" name="Verify that the required PAM Modules are enabled" line="54">
        <kw name="Run" library="OperatingSystem">
          <var>${output}</var>
          <arg>authselect current</arg>
          <doc>Runs the given command in the system and returns the output.</doc>
          <msg timestamp="20230831 19:50:47.391" level="INFO">Running command 'authselect current
            2&gt;&amp;1'.</msg>
          <msg timestamp="20230831 19:50:47.395" level="INFO">${output} = Profile ID: custom/sssd-vf
            Enabled features:
            - with-faillock
            - without-nullok</msg>
          <status status="PASS" starttime="20230831 19:50:47.389" endtime="20230831 19:50:47.395" />
        </kw>
        <kw name="Create Dictionary" library="BuiltIn">
          <var>${module_status_dict}</var>
          <doc>Creates and returns a dictionary based on the given ``items``.</doc>
          <msg timestamp="20230831 19:50:47.397" level="INFO">${module_status_dict} = {}</msg>
          <status status="PASS" starttime="20230831 19:50:47.396" endtime="20230831 19:50:47.397" />
        </kw>
        <kw name="Log" library="BuiltIn">
          <arg>${output}</arg>
          <doc>Logs the given message with the given level.</doc>
          <msg timestamp="20230831 19:50:47.397" level="INFO">Profile ID: custom/sssd-vf
            Enabled features:
            - with-faillock
            - without-nullok</msg>
          <status status="PASS" starttime="20230831 19:50:47.397" endtime="20230831 19:50:47.397" />
        </kw>
        <for flavor="IN">
          <var>${module}</var>
          <value>@{pam_modules}</value>
          <iter>
            <var name="${module}">with-faillock</var>
            <kw name="Run Keyword And Ignore Error" library="BuiltIn">
              <var>${regex_result}</var>
              <var>${regex_message}</var>
              <arg>Should Match Regexp</arg>
              <arg>${output}</arg>
              <arg>${module}</arg>
              <doc>Runs the given keyword with the given arguments and ignores possible error.</doc>
              <kw name="Should Match Regexp" library="BuiltIn">
                <arg>${output}</arg>
                <arg>${module}</arg>
                <doc>Fails if ``string`` does not match ``pattern`` as a regular expression.</doc>
                <status status="PASS" starttime="20230831 19:50:47.398"
                  endtime="20230831 19:50:47.399" />
              </kw>
              <msg timestamp="20230831 19:50:47.399" level="INFO">${regex_result} = PASS</msg>
              <msg timestamp="20230831 19:50:47.399" level="INFO">${regex_message} = with-faillock</msg>
              <status status="PASS" starttime="20230831 19:50:47.398"
                endtime="20230831 19:50:47.399" />
            </kw>
            <kw name="Set To Dictionary" library="Collections">
              <arg>${module_status_dict}</arg>
              <arg>${module}</arg>
              <arg>${regex_result}</arg>
              <doc>Adds the given ``key_value_pairs`` and/or ``items`` to the ``dictionary``.</doc>
              <status status="PASS" starttime="20230831 19:50:47.399"
                endtime="20230831 19:50:47.399" />
            </kw>
            <status status="PASS" starttime="20230831 19:50:47.398" endtime="20230831 19:50:47.399" />
          </iter>
          <iter>
            <var name="${module}">without-nullok</var>
            <kw name="Run Keyword And Ignore Error" library="BuiltIn">
              <var>${regex_result}</var>
              <var>${regex_message}</var>
              <arg>Should Match Regexp</arg>
              <arg>${output}</arg>
              <arg>${module}</arg>
              <doc>Runs the given keyword with the given arguments and ignores possible error.</doc>
              <kw name="Should Match Regexp" library="BuiltIn">
                <arg>${output}</arg>
                <arg>${module}</arg>
                <doc>Fails if ``string`` does not match ``pattern`` as a regular expression.</doc>
                <status status="PASS" starttime="20230831 19:50:47.400"
                  endtime="20230831 19:50:47.400" />
              </kw>
              <msg timestamp="20230831 19:50:47.400" level="INFO">${regex_result} = PASS</msg>
              <msg timestamp="20230831 19:50:47.400" level="INFO">${regex_message} = without-nullok</msg>
              <status status="PASS" starttime="20230831 19:50:47.399"
                endtime="20230831 19:50:47.400" />
            </kw>
            <kw name="Set To Dictionary" library="Collections">
              <arg>${module_status_dict}</arg>
              <arg>${module}</arg>
              <arg>${regex_result}</arg>
              <doc>Adds the given ``key_value_pairs`` and/or ``items`` to the ``dictionary``.</doc>
              <status status="PASS" starttime="20230831 19:50:47.400"
                endtime="20230831 19:50:47.401" />
            </kw>
            <status status="PASS" starttime="20230831 19:50:47.399" endtime="20230831 19:50:47.401" />
          </iter>
          <status status="PASS" starttime="20230831 19:50:47.397" endtime="20230831 19:50:47.401" />
        </for>
        <kw name="Log" library="BuiltIn">
          <arg>${module_status_dict}</arg>
          <doc>Logs the given message with the given level.</doc>
          <msg timestamp="20230831 19:50:47.401" level="INFO">{'with-faillock': 'PASS',
            'without-nullok': 'PASS'}</msg>
          <status status="PASS" starttime="20230831 19:50:47.401" endtime="20230831 19:50:47.401" />
        </kw>
        <kw name="Run Keyword And Ignore Error" library="BuiltIn">
          <var>${status}</var>
          <var>${status_message}</var>
          <arg>Dictionary Should Not Contain Value</arg>
          <arg>${module_status_dict}</arg>
          <arg>FAIL</arg>
          <doc>Runs the given keyword with the given arguments and ignores possible error.</doc>
          <kw name="Dictionary Should Not Contain Value" library="Collections">
            <arg>${module_status_dict}</arg>
            <arg>FAIL</arg>
            <doc>Fails if ``value`` is found from ``dictionary``.</doc>
            <status status="PASS" starttime="20230831 19:50:47.402" endtime="20230831 19:50:47.402" />
          </kw>
          <msg timestamp="20230831 19:50:47.402" level="INFO">${status} = PASS</msg>
          <msg timestamp="20230831 19:50:47.402" level="INFO">${status_message} = None</msg>
          <status status="PASS" starttime="20230831 19:50:47.401" endtime="20230831 19:50:47.402" />
        </kw>
        <kw name="Log" library="BuiltIn">
          <arg>${status}</arg>
          <doc>Logs the given message with the given level.</doc>
          <msg timestamp="20230831 19:50:47.402" level="INFO">PASS</msg>
          <status status="PASS" starttime="20230831 19:50:47.402" endtime="20230831 19:50:47.403" />
        </kw>
        <if>
          <branch type="IF" condition="'FAIL' in '${status}'">
            <kw name="Fail" library="BuiltIn">
              <arg>Expected PAM enabled-feature not found</arg>
              <doc>Fails the test with the given message and optionally alters its tags.</doc>
              <status status="NOT RUN" starttime="20230831 19:50:47.403"
                endtime="20230831 19:50:47.403" />
            </kw>
            <status status="NOT RUN" starttime="20230831 19:50:47.403"
              endtime="20230831 19:50:47.403" />
          </branch>
          <status status="PASS" starttime="20230831 19:50:47.403" endtime="20230831 19:50:47.403" />
        </if>
        <doc>This test will verify that without-nullok and with-faillock modules are activated
          the test will run the command "autheselect current" which returns the enabled features in
          the
          format:

          Profile ID: custom/sssd-vf
          Enabled features:
          - with-faillock
          - without-nullok

          Checks made against the following features: ['with-faillock', 'without-nullok']</doc>
        <tag>security</tag>
        <status status="PASS" starttime="20230831 19:50:47.388" endtime="20230831 19:50:47.403" />
      </test>
      <test id="s1-s2-t6" name="Check the password-auth file has been updated" line="79">
        <kw name="Create Dictionary" library="BuiltIn">
          <var>${check_dict}</var>
          <arg>auth.*pam_unix.so={if not "without-nullok":nullok} try_first_pass</arg>
          <arg>password.*pam_pwquality.so=try_first_pass local_users_only</arg>
          <arg>password.*pam_unix.so sha512 shadow={if not "without-nullok":nullok} try_first_pass
            use_authtok</arg>
          <doc>Creates and returns a dictionary based on the given ``items``.</doc>
          <msg timestamp="20230831 19:50:47.405" level="INFO">${check_dict} = {'auth.*pam_unix.so':
            '{if not "without-nullok":nullok} try_first_pass', 'password.*pam_pwquality.so':
            'try_first_pass local_users_only', 'password.*pam_unix.so sha512 shadow': '{if not
            "without-nullo...</msg>
          <status status="PASS" starttime="20230831 19:50:47.405" endtime="20230831 19:50:47.405" />
        </kw>
        <kw name="Get File" library="OperatingSystem">
          <var>${password_auth}</var>
          <arg>/etc/authselect/custom/sssd-vf/password-auth</arg>
          <doc>Returns the contents of a specified file.</doc>
          <msg timestamp="20230831 19:50:47.406" level="INFO" html="true">
            Getting file '&lt;a
            href="file:///etc/authselect/custom/sssd-vf/password-auth"&gt;/etc/authselect/custom/sssd-vf/password-auth&lt;/a&gt;'.</msg>
          <msg timestamp="20230831 19:50:47.406" level="INFO">${password_auth} = auth required
            pam_env.so
            auth required pam_faildelay.so delay=2000000
            auth required ...</msg>
          <status status="PASS" starttime="20230831 19:50:47.405" endtime="20230831 19:50:47.406" />
        </kw>
        <kw name="Create List" library="BuiltIn">
          <var>${error_list}</var>
          <doc>Returns a list containing given items.</doc>
          <msg timestamp="20230831 19:50:47.406" level="INFO">${error_list} = []</msg>
          <status status="PASS" starttime="20230831 19:50:47.406" endtime="20230831 19:50:47.406" />
        </kw>
        <for flavor="IN">
          <var>${key}</var>
          <var>${value}</var>
          <value>&amp;{check_dict}</value>
          <iter>
            <var name="${key}">auth.*pam_unix.so</var>
            <var name="${value}">{if not "without-nullok":nullok} try_first_pass</var>
            <kw name="Log" library="BuiltIn">
              <arg>${key} : ${value}</arg>
              <doc>Logs the given message with the given level.</doc>
              <msg timestamp="20230831 19:50:47.407" level="INFO">auth.*pam_unix.so : {if not
                "without-nullok":nullok} try_first_pass</msg>
              <status status="PASS" starttime="20230831 19:50:47.407"
                endtime="20230831 19:50:47.407" />
            </kw>
            <kw name="Get Regexp Matches" library="String">
              <var>${matches}</var>
              <arg>${password_auth}</arg>
              <arg>\\s?${key}\\s?(.*)</arg>
              <arg>1</arg>
              <doc>Returns a list of all non-overlapping matches in the given string.</doc>
              <msg timestamp="20230831 19:50:47.408" level="INFO">${matches} = ['{if not
                "without-nullok":nullok} try_first_pass']</msg>
              <status status="PASS" starttime="20230831 19:50:47.407"
                endtime="20230831 19:50:47.408" />
            </kw>
            <kw name="Get Length" library="BuiltIn">
              <var>${len}</var>
              <arg>${matches}</arg>
              <doc>Returns and logs the length of the given item as an integer.</doc>
              <msg timestamp="20230831 19:50:47.408" level="INFO">Length is 1</msg>
              <msg timestamp="20230831 19:50:47.408" level="INFO">${len} = 1</msg>
              <status status="PASS" starttime="20230831 19:50:47.408"
                endtime="20230831 19:50:47.408" />
            </kw>
            <if>
              <branch type="IF" condition="${len} &gt; 0">
                <kw name="Log" library="BuiltIn">
                  <arg>Match Found match ${key} : ${matches}</arg>
                  <doc>Logs the given message with the given level.</doc>
                  <msg timestamp="20230831 19:50:47.409" level="INFO">Match Found match
                    auth.*pam_unix.so : ['{if not "without-nullok":nullok} try_first_pass']</msg>
                  <status status="PASS" starttime="20230831 19:50:47.409"
                    endtime="20230831 19:50:47.409" />
                </kw>
                <kw name="Log" library="BuiltIn">
                  <arg>${matches[0]}</arg>
                  <doc>Logs the given message with the given level.</doc>
                  <msg timestamp="20230831 19:50:47.410" level="INFO">{if not
                    "without-nullok":nullok} try_first_pass</msg>
                  <status status="PASS" starttime="20230831 19:50:47.409"
                    endtime="20230831 19:50:47.410" />
                </kw>
                <if>
                  <branch type="IF" condition="'${value}' == '${matches[0]}'">
                    <kw name="Log" library="BuiltIn">
                      <arg>'${key}' Configured as expected</arg>
                      <doc>Logs the given message with the given level.</doc>
                      <msg timestamp="20230831 19:50:47.411" level="INFO">'auth.*pam_unix.so'
                        Configured as expected</msg>
                      <status status="PASS" starttime="20230831 19:50:47.411"
                        endtime="20230831 19:50:47.411" />
                    </kw>
                    <status status="PASS" starttime="20230831 19:50:47.410"
                      endtime="20230831 19:50:47.411" />
                  </branch>
                  <branch type="ELSE">
                    <kw name="Log" library="BuiltIn">
                      <arg>${key} Not configured as expected</arg>
                      <doc>Logs the given message with the given level.</doc>
                      <status status="NOT RUN" starttime="20230831 19:50:47.411"
                        endtime="20230831 19:50:47.411" />
                    </kw>
                    <kw name="Append To List" library="Collections">
                      <arg>${error_list}</arg>
                      <arg>${key}</arg>
                      <doc>Adds ``values`` to the end of ``list``.</doc>
                      <status status="NOT RUN" starttime="20230831 19:50:47.411"
                        endtime="20230831 19:50:47.411" />
                    </kw>
                    <status status="NOT RUN" starttime="20230831 19:50:47.411"
                      endtime="20230831 19:50:47.411" />
                  </branch>
                  <status status="PASS" starttime="20230831 19:50:47.410"
                    endtime="20230831 19:50:47.411" />
                </if>
                <status status="PASS" starttime="20230831 19:50:47.408"
                  endtime="20230831 19:50:47.411" />
              </branch>
              <branch type="ELSE">
                <kw name="Log" library="BuiltIn">
                  <arg>No Match found for : ${key}</arg>
                  <doc>Logs the given message with the given level.</doc>
                  <status status="NOT RUN" starttime="20230831 19:50:47.411"
                    endtime="20230831 19:50:47.411" />
                </kw>
                <kw name="Append To List" library="Collections">
                  <arg>${error_list}</arg>
                  <arg>${key}</arg>
                  <doc>Adds ``values`` to the end of ``list``.</doc>
                  <status status="NOT RUN" starttime="20230831 19:50:47.412"
                    endtime="20230831 19:50:47.412" />
                </kw>
                <status status="NOT RUN" starttime="20230831 19:50:47.411"
                  endtime="20230831 19:50:47.412" />
              </branch>
              <status status="PASS" starttime="20230831 19:50:47.408"
                endtime="20230831 19:50:47.412" />
            </if>
            <status status="PASS" starttime="20230831 19:50:47.407" endtime="20230831 19:50:47.412" />
          </iter>
          <iter>
            <var name="${key}">password.*pam_pwquality.so</var>
            <var name="${value}">try_first_pass local_users_only</var>
            <kw name="Log" library="BuiltIn">
              <arg>${key} : ${value}</arg>
              <doc>Logs the given message with the given level.</doc>
              <msg timestamp="20230831 19:50:47.412" level="INFO">password.*pam_pwquality.so :
                try_first_pass local_users_only</msg>
              <status status="PASS" starttime="20230831 19:50:47.412"
                endtime="20230831 19:50:47.412" />
            </kw>
            <kw name="Get Regexp Matches" library="String">
              <var>${matches}</var>
              <arg>${password_auth}</arg>
              <arg>\\s?${key}\\s?(.*)</arg>
              <arg>1</arg>
              <doc>Returns a list of all non-overlapping matches in the given string.</doc>
              <msg timestamp="20230831 19:50:47.413" level="INFO">${matches} = ['try_first_pass
                local_users_only']</msg>
              <status status="PASS" starttime="20230831 19:50:47.412"
                endtime="20230831 19:50:47.413" />
            </kw>
            <kw name="Get Length" library="BuiltIn">
              <var>${len}</var>
              <arg>${matches}</arg>
              <doc>Returns and logs the length of the given item as an integer.</doc>
              <msg timestamp="20230831 19:50:47.413" level="INFO">Length is 1</msg>
              <msg timestamp="20230831 19:50:47.413" level="INFO">${len} = 1</msg>
              <status status="PASS" starttime="20230831 19:50:47.413"
                endtime="20230831 19:50:47.413" />
            </kw>
            <if>
              <branch type="IF" condition="${len} &gt; 0">
                <kw name="Log" library="BuiltIn">
                  <arg>Match Found match ${key} : ${matches}</arg>
                  <doc>Logs the given message with the given level.</doc>
                  <msg timestamp="20230831 19:50:47.414" level="INFO">Match Found match
                    password.*pam_pwquality.so : ['try_first_pass local_users_only']</msg>
                  <status status="PASS" starttime="20230831 19:50:47.414"
                    endtime="20230831 19:50:47.414" />
                </kw>
                <kw name="Log" library="BuiltIn">
                  <arg>${matches[0]}</arg>
                  <doc>Logs the given message with the given level.</doc>
                  <msg timestamp="20230831 19:50:47.415" level="INFO">try_first_pass
                    local_users_only</msg>
                  <status status="PASS" starttime="20230831 19:50:47.414"
                    endtime="20230831 19:50:47.415" />
                </kw>
                <if>
                  <branch type="IF" condition="'${value}' == '${matches[0]}'">
                    <kw name="Log" library="BuiltIn">
                      <arg>'${key}' Configured as expected</arg>
                      <doc>Logs the given message with the given level.</doc>
                      <msg timestamp="20230831 19:50:47.416" level="INFO">'password.*pam_pwquality.so'
                        Configured as expected</msg>
                      <status status="PASS" starttime="20230831 19:50:47.416"
                        endtime="20230831 19:50:47.416" />
                    </kw>
                    <status status="PASS" starttime="20230831 19:50:47.415"
                      endtime="20230831 19:50:47.416" />
                  </branch>
                  <branch type="ELSE">
                    <kw name="Log" library="BuiltIn">
                      <arg>${key} Not configured as expected</arg>
                      <doc>Logs the given message with the given level.</doc>
                      <status status="NOT RUN" starttime="20230831 19:50:47.417"
                        endtime="20230831 19:50:47.417" />
                    </kw>
                    <kw name="Append To List" library="Collections">
                      <arg>${error_list}</arg>
                      <arg>${key}</arg>
                      <doc>Adds ``values`` to the end of ``list``.</doc>
                      <status status="NOT RUN" starttime="20230831 19:50:47.417"
                        endtime="20230831 19:50:47.417" />
                    </kw>
                    <status status="NOT RUN" starttime="20230831 19:50:47.416"
                      endtime="20230831 19:50:47.417" />
                  </branch>
                  <status status="PASS" starttime="20230831 19:50:47.415"
                    endtime="20230831 19:50:47.417" />
                </if>
                <status status="PASS" starttime="20230831 19:50:47.413"
                  endtime="20230831 19:50:47.417" />
              </branch>
              <branch type="ELSE">
                <kw name="Log" library="BuiltIn">
[...]
                <status status="PASS" starttime="20230831 19:50:47.634"
                  endtime="20230831 19:50:47.635" />
              </kw>
              <kw name="Run Keyword If" library="BuiltIn">
                <arg>'${status}' != 'PASS'</arg>
                <arg>Append To List</arg>
                <arg>${errors_list}</arg>
                <arg>${item}</arg>
                <doc>Runs the given keyword with the given arguments, if ``condition`` is true.</doc>
                <status status="PASS" starttime="20230831 19:50:47.636"
                  endtime="20230831 19:50:47.636" />
              </kw>
              <status status="PASS" starttime="20230831 19:50:47.627"
                endtime="20230831 19:50:47.636" />
            </iter>
            <iter>
              <var name="${item}">gzip</var>
              <kw name="Catenate" library="BuiltIn">
                <var>${run_cmd}</var>
                <arg>${command} ${item}</arg>
                <doc>Catenates the given items together and returns the resulted string.</doc>
                <msg timestamp="20230831 19:50:47.637" level="INFO">${run_cmd} = which gzip</msg>
                <status status="PASS" starttime="20230831 19:50:47.636"
                  endtime="20230831 19:50:47.637" />
              </kw>
              <kw name="Log" library="BuiltIn">
                <arg>${run_cmd}</arg>
                <doc>Logs the given message with the given level.</doc>
                <msg timestamp="20230831 19:50:47.637" level="INFO">which gzip</msg>
                <status status="PASS" starttime="20230831 19:50:47.637"
                  endtime="20230831 19:50:47.637" />
              </kw>
              <kw name="Run" library="OperatingSystem">
                <var>${output}</var>
                <arg>${run_cmd}</arg>
                <doc>Runs the given command in the system and returns the output.</doc>
                <msg timestamp="20230831 19:50:47.639" level="INFO">Running command 'which gzip
                  2&gt;&amp;1'.</msg>
                <msg timestamp="20230831 19:50:47.642" level="INFO">${output} = /usr/bin/gzip</msg>
                <status status="PASS" starttime="20230831 19:50:47.637"
                  endtime="20230831 19:50:47.643" />
              </kw>
              <kw name="Run Keyword And Ignore Error" library="BuiltIn">
                <var>${status}</var>
                <var>${status_message}</var>
                <arg>Should Not Contain</arg>
                <arg>${output}</arg>
                <arg>${check_string}</arg>
                <doc>Runs the given keyword with the given arguments and ignores possible error.</doc>
                <kw name="Should Not Contain" library="BuiltIn">
                  <arg>${output}</arg>
                  <arg>${check_string}</arg>
                  <doc>Fails if ``container`` contains ``item`` one or more times.</doc>
                  <status status="PASS" starttime="20230831 19:50:47.644"
                    endtime="20230831 19:50:47.644" />
                </kw>
                <msg timestamp="20230831 19:50:47.644" level="INFO">${status} = PASS</msg>
                <msg timestamp="20230831 19:50:47.644" level="INFO">${status_message} = None</msg>
                <status status="PASS" starttime="20230831 19:50:47.643"
                  endtime="20230831 19:50:47.644" />
              </kw>
              <kw name="Run Keyword If" library="BuiltIn">
                <arg>'${status}' != 'PASS'</arg>
                <arg>Append To List</arg>
                <arg>${errors_list}</arg>
                <arg>${item}</arg>
                <doc>Runs the given keyword with the given arguments, if ``condition`` is true.</doc>
                <status status="PASS" starttime="20230831 19:50:47.644"
                  endtime="20230831 19:50:47.645" />
              </kw>
              <status status="PASS" starttime="20230831 19:50:47.636"
                endtime="20230831 19:50:47.645" />
            </iter>
            <iter>
              <var name="${item}">find</var>
              <kw name="Catenate" library="BuiltIn">
                <var>${run_cmd}</var>
                <arg>${command} ${item}</arg>
                <doc>Catenates the given items together and returns the resulted string.</doc>
                <msg timestamp="20230831 19:50:47.645" level="INFO">${run_cmd} = which find</msg>
                <status status="PASS" starttime="20230831 19:50:47.645"
                  endtime="20230831 19:50:47.645" />
              </kw>
              <kw name="Log" library="BuiltIn">
                <arg>${run_cmd}</arg>
                <doc>Logs the given message with the given level.</doc>
                <msg timestamp="20230831 19:50:47.646" level="INFO">which find</msg>
                <status status="PASS" starttime="20230831 19:50:47.645"
                  endtime="20230831 19:50:47.646" />
              </kw>
              <kw name="Run" library="OperatingSystem">
                <var>${output}</var>
                <arg>${run_cmd}</arg>
                <doc>Runs the given command in the system and returns the output.</doc>
                <msg timestamp="20230831 19:50:47.648" level="INFO">Running command 'which find
                  2&gt;&amp;1'.</msg>
                <msg timestamp="20230831 19:50:47.651" level="INFO">${output} = /usr/bin/find</msg>
                <status status="PASS" starttime="20230831 19:50:47.646"
                  endtime="20230831 19:50:47.651" />
              </kw>
              <kw name="Run Keyword And Ignore Error" library="BuiltIn">
                <var>${status}</var>
                <var>${status_message}</var>
                <arg>Should Not Contain</arg>
                <arg>${output}</arg>
                <arg>${check_string}</arg>
                <doc>Runs the given keyword with the given arguments and ignores possible error.</doc>
                <kw name="Should Not Contain" library="BuiltIn">
                  <arg>${output}</arg>
                  <arg>${check_string}</arg>
                  <doc>Fails if ``container`` contains ``item`` one or more times.</doc>
                  <status status="PASS" starttime="20230831 19:50:47.652"
                    endtime="20230831 19:50:47.652" />
                </kw>
                <msg timestamp="20230831 19:50:47.653" level="INFO">${status} = PASS</msg>
                <msg timestamp="20230831 19:50:47.653" level="INFO">${status_message} = None</msg>
                <status status="PASS" starttime="20230831 19:50:47.652"
                  endtime="20230831 19:50:47.653" />
              </kw>
              <kw name="Run Keyword If" library="BuiltIn">
                <arg>'${status}' != 'PASS'</arg>
                <arg>Append To List</arg>
                <arg>${errors_list}</arg>
                <arg>${item}</arg>
                <doc>Runs the given keyword with the given arguments, if ``condition`` is true.</doc>
                <status status="PASS" starttime="20230831 19:50:47.653"
                  endtime="20230831 19:50:47.653" />
              </kw>
              <status status="PASS" starttime="20230831 19:50:47.645"
                endtime="20230831 19:50:47.653" />
            </iter>
            <iter>
              <var name="${item}">ssh-keygen</var>
              <kw name="Catenate" library="BuiltIn">
                <var>${run_cmd}</var>
                <arg>${command} ${item}</arg>
                <doc>Catenates the given items together and returns the resulted string.</doc>
                <msg timestamp="20230831 19:50:47.654" level="INFO">${run_cmd} = which ssh-keygen</msg>
                <status status="PASS" starttime="20230831 19:50:47.653"
                  endtime="20230831 19:50:47.654" />
              </kw>
              <kw name="Log" library="BuiltIn">
                <arg>${run_cmd}</arg>
                <doc>Logs the given message with the given level.</doc>
                <msg timestamp="20230831 19:50:47.654" level="INFO">which ssh-keygen</msg>
                <status status="PASS" starttime="20230831 19:50:47.654"
                  endtime="20230831 19:50:47.654" />
              </kw>
              <kw name="Run" library="OperatingSystem">
                <var>${output}</var>
                <arg>${run_cmd}</arg>
                <doc>Runs the given command in the system and returns the output.</doc>
                <msg timestamp="20230831 19:50:47.656" level="INFO">Running command 'which
                  ssh-keygen 2&gt;&amp;1'.</msg>
                <msg timestamp="20230831 19:50:47.660" level="INFO">${output} = /usr/bin/ssh-keygen</msg>
                <status status="PASS" starttime="20230831 19:50:47.654"
                  endtime="20230831 19:50:47.660" />
              </kw>
              <kw name="Run Keyword And Ignore Error" library="BuiltIn">
                <var>${status}</var>
                <var>${status_message}</var>
                <arg>Should Not Contain</arg>
                <arg>${output}</arg>
                <arg>${check_string}</arg>
                <doc>Runs the given keyword with the given arguments and ignores possible error.</doc>
                <kw name="Should Not Contain" library="BuiltIn">
                  <arg>${output}</arg>
                  <arg>${check_string}</arg>
                  <doc>Fails if ``container`` contains ``item`` one or more times.</doc>
                  <status status="PASS" starttime="20230831 19:50:47.661"
                    endtime="20230831 19:50:47.661" />
                </kw>
                <msg timestamp="20230831 19:50:47.661" level="INFO">${status} = PASS</msg>
                <msg timestamp="20230831 19:50:47.661" level="INFO">${status_message} = None</msg>
                <status status="PASS" starttime="20230831 19:50:47.660"
                  endtime="20230831 19:50:47.661" />
              </kw>
              <kw name="Run Keyword If" library="BuiltIn">
                <arg>'${status}' != 'PASS'</arg>
                <arg>Append To List</arg>
                <arg>${errors_list}</arg>
                <arg>${item}</arg>
                <doc>Runs the given keyword with the given arguments, if ``condition`` is true.</doc>
                <status status="PASS" starttime="20230831 19:50:47.662"
                  endtime="20230831 19:50:47.662" />
              </kw>
              <status status="PASS" starttime="20230831 19:50:47.653"
                endtime="20230831 19:50:47.662" />
            </iter>
            <status status="PASS" starttime="20230831 19:50:47.626" endtime="20230831 19:50:47.662" />
          </for>
          <kw name="Should Be Empty" library="BuiltIn">
            <arg>${errors_list}</arg>
            <arg>Item(S) Not Found : ${errors_list}</arg>
            <doc>Verifies that the given item is empty.</doc>
            <msg timestamp="20230831 19:50:47.662" level="INFO">Length is 0</msg>
            <status status="PASS" starttime="20230831 19:50:47.662" endtime="20230831 19:50:47.662" />
          </kw>
          <status status="PASS" starttime="20230831 19:50:47.625" endtime="20230831 19:50:47.663" />
        </kw>
        <doc>Cisco NSO requires some utilities, this test verfies these binaries exist</doc>
        <tag>os</tag>
        <tag>packages</tag>
        <status status="PASS" starttime="20230831 19:50:47.624" endtime="20230831 19:50:47.663" />
      </test>
      <test id="s1-s3-t3" name="Verify Hostname is not set to localhost" line="43">
        <kw name="Run" library="OperatingSystem">
          <var>${output}</var>
          <arg>hostnamectl hostname</arg>
          <doc>Runs the given command in the system and returns the output.</doc>
          <msg timestamp="20230831 19:50:47.666" level="INFO">Running command 'hostnamectl hostname
            2&gt;&amp;1'.</msg>
          <msg timestamp="20230831 19:50:47.740" level="INFO">${output} = robot-dev-00</msg>
          <status status="PASS" starttime="20230831 19:50:47.664" endtime="20230831 19:50:47.741" />
        </kw>
        <kw name="Should Not Be Equal As Strings" library="BuiltIn">
          <arg>${output}</arg>
          <arg>localhost</arg>
          <doc>Fails if objects are equal after converting them to strings.</doc>
          <status status="PASS" starttime="20230831 19:50:47.741" endtime="20230831 19:50:47.742" />
        </kw>
        <doc>Hostname Should not be localhost</doc>
        <tag>dns</tag>
        <tag>os</tag>
        <status status="PASS" starttime="20230831 19:50:47.664" endtime="20230831 19:50:47.743" />
      </test>
      <test id="s1-s3-t4" name="Verify DNS servers are Configured" line="49">
        <kw name="Run" library="OperatingSystem">
          <var>${output}</var>
          <arg>more /etc/resolv.conf</arg>
          <doc>Runs the given command in the system and returns the output.</doc>
          <msg timestamp="20230831 19:50:47.748" level="INFO">Running command 'more /etc/resolv.conf
            2&gt;&amp;1'.</msg>
          <msg timestamp="20230831 19:50:47.751" level="INFO">${output} = # Generated by
            NetworkManager
            search localdomain
            nameserver 192.168.1.1
            nameserver 8.8.8.8</msg>
          <status status="PASS" starttime="20230831 19:50:47.745" endtime="20230831 19:50:47.751" />
        </kw>
        <for flavor="IN">
          <var>${dns_server}</var>
          <value>@{dns_servers}</value>
          <iter>
            <var name="${dns_server}">192.168.1.1</var>
            <kw name="Should Contain" library="BuiltIn">
              <arg>${output}</arg>
              <arg>${dns_server}</arg>
              <doc>Fails if ``container`` does not contain ``item`` one or more times.</doc>
              <status status="PASS" starttime="20230831 19:50:47.753"
                endtime="20230831 19:50:47.753" />
            </kw>
            <status status="PASS" starttime="20230831 19:50:47.753" endtime="20230831 19:50:47.753" />
          </iter>
          <iter>
            <var name="${dns_server}">8.8.8.8</var>
            <kw name="Should Contain" library="BuiltIn">
              <arg>${output}</arg>
              <arg>${dns_server}</arg>
              <doc>Fails if ``container`` does not contain ``item`` one or more times.</doc>
              <status status="PASS" starttime="20230831 19:50:47.754"
                endtime="20230831 19:50:47.754" />
            </kw>
            <status status="PASS" starttime="20230831 19:50:47.753" endtime="20230831 19:50:47.754" />
          </iter>
          <status status="PASS" starttime="20230831 19:50:47.752" endtime="20230831 19:50:47.754" />
        </for>
        <doc>DNS Servers should be Configured</doc>
        <tag>dns</tag>
        <tag>os</tag>
        <status status="PASS" starttime="20230831 19:50:47.744" endtime="20230831 19:50:47.754" />
      </test>
      <test id="s1-s3-t5" name="Verify NTP servers are Configured" line="57">
        <kw name="Run" library="OperatingSystem">
          <var>${output}</var>
          <arg>chronyc sources</arg>
          <doc>Runs the given command in the system and returns the output.</doc>
          <msg timestamp="20230831 19:50:47.757" level="INFO">Running command 'chronyc sources
            2&gt;&amp;1'.</msg>
          <msg timestamp="20230831 19:50:47.785" level="INFO">${output} = MS Name/IP address Stratum
            Poll Reach LastRx Last sample
            ===============================================================================
            ^- ntp1.trans-ix.nl 2 10 ...</msg>
          <status status="PASS" starttime="20230831 19:50:47.755" endtime="20230831 19:50:47.785" />
        </kw>
        <for flavor="IN">
          <var>${ntp_server}</var>
          <value>@{ntp_servers}</value>
          <iter>
            <var name="${ntp_server}">ntp1.trans-ix.nl</var>
            <kw name="Should Contain" library="BuiltIn">
              <arg>${output}</arg>
              <arg>${ntp_server}</arg>
              <doc>Fails if ``container`` does not contain ``item`` one or more times.</doc>
              <status status="PASS" starttime="20230831 19:50:47.786"
                endtime="20230831 19:50:47.787" />
            </kw>
            <status status="PASS" starttime="20230831 19:50:47.786" endtime="20230831 19:50:47.787" />
          </iter>
          <iter>
            <var name="${ntp_server}">leontp2.office.panq.nl</var>
            <kw name="Should Contain" library="BuiltIn">
              <arg>${output}</arg>
              <arg>${ntp_server}</arg>
              <doc>Fails if ``container`` does not contain ``item`` one or more times.</doc>
              <status status="PASS" starttime="20230831 19:50:47.787"
                endtime="20230831 19:50:47.787" />
            </kw>
            <status status="PASS" starttime="20230831 19:50:47.787" endtime="20230831 19:50:47.787" />
          </iter>
          <status status="PASS" starttime="20230831 19:50:47.785" endtime="20230831 19:50:47.787" />
        </for>
        <doc>NTP Servers should be Configured</doc>
        <tag>ntp</tag>
        <tag>os</tag>
        <status status="PASS" starttime="20230831 19:50:47.755" endtime="20230831 19:50:47.788" />
      </test>
      <test id="s1-s3-t6" name="Verify NTP service is active" line="65">
        <kw name="Run" library="OperatingSystem">
          <var>${output}</var>
          <arg>timedatectl show | grep -Po '(?&lt;=NTPSynchronized=)[^,]+'</arg>
          <doc>Runs the given command in the system and returns the output.</doc>
          <msg timestamp="20230831 19:50:47.791" level="INFO">Running command 'timedatectl show |
            grep -Po '(?&lt;=NTPSynchronized=)[^,]+' 2&gt;&amp;1'.</msg>
          <msg timestamp="20230831 19:50:47.864" level="INFO">${output} = yes</msg>
          <status status="PASS" starttime="20230831 19:50:47.789" endtime="20230831 19:50:47.864" />
        </kw>
        <kw name="Should Be Equal As Strings" library="BuiltIn">
          <arg>${output}</arg>
          <arg>yes</arg>
          <doc>Fails if objects are unequal after converting them to strings.</doc>
          <status status="PASS" starttime="20230831 19:50:47.865" endtime="20230831 19:50:47.866" />
        </kw>
        <doc>Check that the NTP service is active</doc>
        <tag>ntp</tag>
        <tag>os</tag>
        <status status="PASS" starttime="20230831 19:50:47.788" endtime="20230831 19:50:47.866" />
      </test>
      <doc>The following tests verify the operating system configuration &amp; dependency packages
        are present in preperation for the Cisco NSO application testing. The checks include:
        - dependent packages are available
        - required utilities are present
        - hostname has been changed
        - DNS and NTP serviecs are configured and active

        Refer to the SCDP documentation to address any failed tests.</doc>
      <status status="PASS" starttime="20230831 19:50:47.504" endtime="20230831 19:50:47.867" />
    </suite>
    <status status="PASS" starttime="20230831 19:50:43.708" endtime="20230831 19:50:47.869" />
  </suite>
  <statistics>
    <total>
      <stat pass="20" fail="0" skip="0">All Tests</stat>
    </total>
    <tag>
      <stat pass="2" fail="0" skip="0">dns</stat>
      <stat pass="2" fail="0" skip="0">ntp</stat>
      <stat pass="6" fail="0" skip="0">os</stat>
      <stat pass="2" fail="0" skip="0">packages</stat>
      <stat pass="8" fail="0" skip="0">security</stat>
    </tag>
    <suite>
      <stat pass="20" fail="0" skip="0" id="s1" name="Tests">Tests</stat>
      <stat pass="3" fail="0" skip="0" id="s1-s1" name="Ncs Env">Tests.Ncs Env</stat>
      <stat pass="11" fail="0" skip="0" id="s1-s2" name="Security">Tests.Security</stat>
      <stat pass="6" fail="0" skip="0" id="s1-s3" name="System">Tests.System</stat>
    </suite>
  </statistics>
  <errors>
</errors>
</robot>