<?xml version="1.0" encoding="UTF-8"?>
<robot generator="Robot 6.1.1 (Python 3.9.16 on linux)" generated="20231004 13:43:22.653" rpa="false" schemaversion="4">
<suite id="s1" name="ATP">
<suite id="s1-s1" name="NSO Operating System (RHEL) Security Features Validation" source="/mnt/vm-shared/robot-dev/rhel-dev/security.v2.robot">
<test id="s1-s1-t1" name="Verify firewalld service is enabled" line="22">
<kw name="Step. Run the command systemctl is-enabled firewalld" library="keywords" sourcename="Step. ${message}">
<doc>Simple Keyword to store text which will be added to
test case Docx as instruction/guidance steps to inform reader in the
tets procesdures</doc>
<kw name="Log" library="BuiltIn">
<arg>${message}</arg>
<doc>Logs the given message with the given level.</doc>
<msg timestamp="20231004 13:43:22.729" level="INFO">Run the command systemctl is-enabled firewalld</msg>
<status status="PASS" starttime="20231004 13:43:22.728" endtime="20231004 13:43:22.729"/>
</kw>
<status status="PASS" starttime="20231004 13:43:22.728" endtime="20231004 13:43:22.729"/>
</kw>
<kw name="Step. Verify that the response is 'enabled'" library="keywords" sourcename="Step. ${message}">
<doc>Simple Keyword to store text which will be added to
test case Docx as instruction/guidance steps to inform reader in the
tets procesdures</doc>
<kw name="Log" library="BuiltIn">
<arg>${message}</arg>
<doc>Logs the given message with the given level.</doc>
<msg timestamp="20231004 13:43:22.731" level="INFO">Verify that the response is 'enabled'</msg>
<status status="PASS" starttime="20231004 13:43:22.730" endtime="20231004 13:43:22.731"/>
</kw>
<status status="PASS" starttime="20231004 13:43:22.729" endtime="20231004 13:43:22.731"/>
</kw>
<kw name="Run" library="OperatingSystem">
<var>${output}</var>
<arg>systemctl is-enabled firewalld</arg>
<doc>Runs the given command in the system and returns the output.</doc>
<msg timestamp="20231004 13:43:22.734" level="INFO">Running command 'systemctl is-enabled firewalld 2&gt;&amp;1'.</msg>
<msg timestamp="20231004 13:43:22.752" level="INFO">${output} = enabled</msg>
<status status="PASS" starttime="20231004 13:43:22.731" endtime="20231004 13:43:22.752"/>
</kw>
<kw name="Should Be Equal As Strings" library="BuiltIn">
<arg>${output}</arg>
<arg>enabled</arg>
<doc>Fails if objects are unequal after converting them to strings.</doc>
<status status="PASS" starttime="20231004 13:43:22.753" endtime="20231004 13:43:22.754"/>
</kw>
<doc>The firewall service should not be disabled on reboot</doc>
<tag>security</tag>
<status status="PASS" starttime="20231004 13:43:22.727" endtime="20231004 13:43:22.755"/>
</test>
<test id="s1-s1-t2" name="Verify NSO ports are configured in the firewalld" line="30">
<kw name="Step. Run the command sudo firewall-cmd --list-all" library="keywords" sourcename="Step. ${message}">
<doc>Simple Keyword to store text which will be added to
test case Docx as instruction/guidance steps to inform reader in the
tets procesdures</doc>
<kw name="Log" library="BuiltIn">
<arg>${message}</arg>
<doc>Logs the given message with the given level.</doc>
<msg timestamp="20231004 13:43:22.759" level="INFO">Run the command sudo firewall-cmd --list-all</msg>
<status status="PASS" starttime="20231004 13:43:22.758" endtime="20231004 13:43:22.759"/>
</kw>
<status status="PASS" starttime="20231004 13:43:22.758" endtime="20231004 13:43:22.759"/>
</kw>
<kw name="Step. Verify that the required ports are configured" library="keywords" sourcename="Step. ${message}">
<doc>Simple Keyword to store text which will be added to
test case Docx as instruction/guidance steps to inform reader in the
tets procesdures</doc>
<kw name="Log" library="BuiltIn">
<arg>${message}</arg>
<doc>Logs the given message with the given level.</doc>
<msg timestamp="20231004 13:43:22.760" level="INFO">Verify that the required ports are configured</msg>
<status status="PASS" starttime="20231004 13:43:22.760" endtime="20231004 13:43:22.760"/>
</kw>
<status status="PASS" starttime="20231004 13:43:22.759" endtime="20231004 13:43:22.761"/>
</kw>
<kw name="Run" library="OperatingSystem">
<var>${output}</var>
<arg>sudo firewall-cmd --list-all</arg>
<doc>Runs the given command in the system and returns the output.</doc>
<msg timestamp="20231004 13:43:22.764" level="INFO">Running command 'sudo firewall-cmd --list-all 2&gt;&amp;1'.</msg>
<msg timestamp="20231004 13:43:23.205" level="INFO">${output} = public (active)
  target: default
  icmp-block-inversion: no
  interfaces: ens160
  sources: 
  services: cockpit dhcpv6-client ssh
  ports: 22/tcp 2022/tcp 2024/tcp 8888/tcp 4000/udp 1062/udp 20243/t...</msg>
<status status="PASS" starttime="20231004 13:43:22.761" endtime="20231004 13:43:23.205"/>
</kw>
<for flavor="IN">
<var>${port}</var>
<value>@{nso_fw_ports}</value>
<iter>
<var name="${port}">2022</var>
<kw name="Should Contain" library="BuiltIn">
<arg>${output}</arg>
<arg>${port}</arg>
<doc>Fails if ``container`` does not contain ``item`` one or more times.</doc>
<status status="PASS" starttime="20231004 13:43:23.207" endtime="20231004 13:43:23.207"/>
</kw>
<kw name="Log" library="BuiltIn">
<arg>${port}</arg>
<doc>Logs the given message with the given level.</doc>
<msg timestamp="20231004 13:43:23.208" level="INFO">2022</msg>
<status status="PASS" starttime="20231004 13:43:23.208" endtime="20231004 13:43:23.208"/>
</kw>
<status status="PASS" starttime="20231004 13:43:23.207" endtime="20231004 13:43:23.208"/>
</iter>
<iter>
<var name="${port}">2024</var>
<kw name="Should Contain" library="BuiltIn">
<arg>${output}</arg>
<arg>${port}</arg>
<doc>Fails if ``container`` does not contain ``item`` one or more times.</doc>
<status status="PASS" starttime="20231004 13:43:23.208" endtime="20231004 13:43:23.208"/>
</kw>
<kw name="Log" library="BuiltIn">
<arg>${port}</arg>
<doc>Logs the given message with the given level.</doc>
<msg timestamp="20231004 13:43:23.209" level="INFO">2024</msg>
<status status="PASS" starttime="20231004 13:43:23.209" endtime="20231004 13:43:23.209"/>
</kw>
<status status="PASS" starttime="20231004 13:43:23.208" endtime="20231004 13:43:23.209"/>
</iter>
<iter>
<var name="${port}">8080</var>
<kw name="Should Contain" library="BuiltIn">
<arg>${output}</arg>
<arg>${port}</arg>
<doc>Fails if ``container`` does not contain ``item`` one or more times.</doc>
<status status="PASS" starttime="20231004 13:43:23.209" endtime="20231004 13:43:23.209"/>
</kw>
<kw name="Log" library="BuiltIn">
<arg>${port}</arg>
<doc>Logs the given message with the given level.</doc>
<msg timestamp="20231004 13:43:23.210" level="INFO">8080</msg>
<status status="PASS" starttime="20231004 13:43:23.210" endtime="20231004 13:43:23.210"/>
</kw>
<status status="PASS" starttime="20231004 13:43:23.209" endtime="20231004 13:43:23.210"/>
</iter>
<iter>
<var name="${port}">8888</var>
<kw name="Should Contain" library="BuiltIn">
<arg>${output}</arg>
<arg>${port}</arg>
<doc>Fails if ``container`` does not contain ``item`` one or more times.</doc>
<status status="PASS" starttime="20231004 13:43:23.210" endtime="20231004 13:43:23.211"/>
</kw>
<kw name="Log" library="BuiltIn">
<arg>${port}</arg>
<doc>Logs the given message with the given level.</doc>
<msg timestamp="20231004 13:43:23.212" level="INFO">8888</msg>
<status status="PASS" starttime="20231004 13:43:23.211" endtime="20231004 13:43:23.212"/>
</kw>
<status status="PASS" starttime="20231004 13:43:23.210" endtime="20231004 13:43:23.212"/>
</iter>
<status status="PASS" starttime="20231004 13:43:23.206" endtime="20231004 13:43:23.212"/>
</for>
<doc>Check that the neccesary tcp/udp ports are open for nso the
ports are listed in the list "nso_fw_ports" defined in the global Variables
List includes the following : ['2022', '2024', '8080', '8888']</doc>
<tag>security</tag>
<status status="PASS" starttime="20231004 13:43:22.757" endtime="20231004 13:43:23.212"/>
</test>
<test id="s1-s1-t3" name="Verify authselect profile sssd-vf is created" line="43">
<kw name="Step. Run the command 'authselect list'" library="keywords" sourcename="Step. ${message}">
<doc>Simple Keyword to store text which will be added to
test case Docx as instruction/guidance steps to inform reader in the
tets procesdures</doc>
<kw name="Log" library="BuiltIn">
<arg>${message}</arg>
<doc>Logs the given message with the given level.</doc>
<msg timestamp="20231004 13:43:23.216" level="INFO">Run the command 'authselect list'</msg>
<status status="PASS" starttime="20231004 13:43:23.215" endtime="20231004 13:43:23.216"/>
</kw>
<status status="PASS" starttime="20231004 13:43:23.215" endtime="20231004 13:43:23.216"/>
</kw>
<kw name="Step. Verify that the 'sssd-vf' profile exists" library="keywords" sourcename="Step. ${message}">
<doc>Simple Keyword to store text which will be added to
test case Docx as instruction/guidance steps to inform reader in the
tets procesdures</doc>
<kw name="Log" library="BuiltIn">
<arg>${message}</arg>
<doc>Logs the given message with the given level.</doc>
<msg timestamp="20231004 13:43:23.217" level="INFO">Verify that the 'sssd-vf' profile exists</msg>
<status status="PASS" starttime="20231004 13:43:23.217" endtime="20231004 13:43:23.217"/>
</kw>
<status status="PASS" starttime="20231004 13:43:23.216" endtime="20231004 13:43:23.217"/>
</kw>
<kw name="Run" library="OperatingSystem">
<var>${output}</var>
<arg>authselect list</arg>
<doc>Runs the given command in the system and returns the output.</doc>
<msg timestamp="20231004 13:43:23.221" level="INFO">Running command 'authselect list 2&gt;&amp;1'.</msg>
<msg timestamp="20231004 13:43:23.228" level="INFO">${output} = - minimal       	 Local users only for minimal installations
- sssd          	 Enable SSSD for system authentication (also for local users only)
- winbind       	 Enable winbind for system authenticat...</msg>
<status status="PASS" starttime="20231004 13:43:23.218" endtime="20231004 13:43:23.229"/>
</kw>
<kw name="Should Contain" library="BuiltIn">
<arg>${output}</arg>
<arg>sssd-vf</arg>
<doc>Fails if ``container`` does not contain ``item`` one or more times.</doc>
<status status="PASS" starttime="20231004 13:43:23.229" endtime="20231004 13:43:23.230"/>
</kw>
<doc>Verify that a custom sssd profile has been created</doc>
<tag>security</tag>
<status status="PASS" starttime="20231004 13:43:23.214" endtime="20231004 13:43:23.231"/>
</test>
<test id="s1-s1-t4" name="Verify expected authselect profile is active" line="51">
<kw name="Step. Run the command 'authselect current -r'" library="keywords" sourcename="Step. ${message}">
<doc>Simple Keyword to store text which will be added to
test case Docx as instruction/guidance steps to inform reader in the
tets procesdures</doc>
<kw name="Log" library="BuiltIn">
<arg>${message}</arg>
<doc>Logs the given message with the given level.</doc>
<msg timestamp="20231004 13:43:23.234" level="INFO">Run the command 'authselect current -r'</msg>
<status status="PASS" starttime="20231004 13:43:23.234" endtime="20231004 13:43:23.235"/>
</kw>
<status status="PASS" starttime="20231004 13:43:23.233" endtime="20231004 13:43:23.235"/>
</kw>
<kw name="Step. Verify that the profile custom/sssd-vf is active" library="keywords" sourcename="Step. ${message}">
<doc>Simple Keyword to store text which will be added to
test case Docx as instruction/guidance steps to inform reader in the
tets procesdures</doc>
<kw name="Log" library="BuiltIn">
<arg>${message}</arg>
<doc>Logs the given message with the given level.</doc>
<msg timestamp="20231004 13:43:23.236" level="INFO">Verify that the profile custom/sssd-vf is active</msg>
<status status="PASS" starttime="20231004 13:43:23.236" endtime="20231004 13:43:23.236"/>
</kw>
<status status="PASS" starttime="20231004 13:43:23.235" endtime="20231004 13:43:23.236"/>
</kw>
<kw name="Run" library="OperatingSystem">
<var>${output}</var>
<arg>authselect current -r</arg>
<doc>Runs the given command in the system and returns the output.</doc>
<msg timestamp="20231004 13:43:23.240" level="INFO">Running command 'authselect current -r 2&gt;&amp;1'.</msg>
<msg timestamp="20231004 13:43:23.246" level="INFO">${output} = custom/sssd-vf without-nullok with-faillock</msg>
<status status="PASS" starttime="20231004 13:43:23.237" endtime="20231004 13:43:23.247"/>
</kw>
<kw name="Set Variable" library="BuiltIn">
<var>${profile}</var>
<arg>custom/sssd-vf</arg>
<doc>Returns the given values which can then be assigned to a variables.</doc>
<msg timestamp="20231004 13:43:23.248" level="INFO">${profile} = custom/sssd-vf</msg>
<status status="PASS" starttime="20231004 13:43:23.247" endtime="20231004 13:43:23.248"/>
</kw>
<if>
<branch type="IF" condition="'${profile}' in '${output}'">
<kw name="Pass Execution" library="BuiltIn">
<arg>Current Profile is correct - sssd-vf</arg>
<doc>Skips rest of the current test, setup, or teardown with PASS status.</doc>
<msg timestamp="20231004 13:43:23.249" level="INFO">Execution passed with message:
Current Profile is correct - sssd-vf</msg>
<status status="PASS" starttime="20231004 13:43:23.249" endtime="20231004 13:43:23.249"/>
</kw>
<status status="PASS" starttime="20231004 13:43:23.249" endtime="20231004 13:43:23.249"/>
</branch>
<branch type="ELSE">
<kw name="Fail" library="BuiltIn">
<arg>Incorrect, or No, Profile active</arg>
<doc>Fails the test with the given message and optionally alters its tags.</doc>
<status status="NOT RUN" starttime="20231004 13:43:23.250" endtime="20231004 13:43:23.250"/>
</kw>
<status status="NOT RUN" starttime="20231004 13:43:23.250" endtime="20231004 13:43:23.250"/>
</branch>
<status status="PASS" starttime="20231004 13:43:23.248" endtime="20231004 13:43:23.250"/>
</if>
<doc>This runs the command "authselect current -r" and returns the current active profile
the test checks that this matches the expected value of custom/sssd-vf</doc>
<status status="PASS" starttime="20231004 13:43:23.232" endtime="20231004 13:43:23.250">Current Profile is correct - sssd-vf</status>
</test>
<test id="s1-s1-t5" name="Verify that the required PAM Modules are enabled" line="61">
<kw name="Step. Run the command 'authselect current'" library="keywords" sourcename="Step. ${message}">
<doc>Simple Keyword to store text which will be added to
test case Docx as instruction/guidance steps to inform reader in the
tets procesdures</doc>
<kw name="Log" library="BuiltIn">
<arg>${message}</arg>
<doc>Logs the given message with the given level.</doc>
<msg timestamp="20231004 13:43:23.256" level="INFO">Run the command 'authselect current'</msg>
<status status="PASS" starttime="20231004 13:43:23.255" endtime="20231004 13:43:23.256"/>
</kw>
<status status="PASS" starttime="20231004 13:43:23.254" endtime="20231004 13:43:23.256"/>
</kw>
<kw name="Step. Validate that the required features, listed above, are enabled" library="keywords" sourcename="Step. ${message}">
<doc>Simple Keyword to store text which will be added to
test case Docx as instruction/guidance steps to inform reader in the
tets procesdures</doc>
<kw name="Log" library="BuiltIn">
<arg>${message}</arg>
<doc>Logs the given message with the given level.</doc>
<msg timestamp="20231004 13:43:23.257" level="INFO">Validate that the required features, listed above, are enabled</msg>
<status status="PASS" starttime="20231004 13:43:23.257" endtime="20231004 13:43:23.257"/>
</kw>
<status status="PASS" starttime="20231004 13:43:23.256" endtime="20231004 13:43:23.257"/>
</kw>
<kw name="Run" library="OperatingSystem">
<var>${output}</var>
<arg>authselect current</arg>
<doc>Runs the given command in the system and returns the output.</doc>
<msg timestamp="20231004 13:43:23.260" level="INFO">Running command 'authselect current 2&gt;&amp;1'.</msg>
<msg timestamp="20231004 13:43:23.267" level="INFO">${output} = Profile ID: custom/sssd-vf
Enabled features:
- without-nullok
- with-faillock</msg>
<status status="PASS" starttime="20231004 13:43:23.258" endtime="20231004 13:43:23.268"/>
</kw>
<kw name="Create Dictionary" library="BuiltIn">
<var>${module_status_dict}</var>
<doc>Creates and returns a dictionary based on the given ``items``.</doc>
<msg timestamp="20231004 13:43:23.270" level="INFO">${module_status_dict} = {}</msg>
<status status="PASS" starttime="20231004 13:43:23.269" endtime="20231004 13:43:23.270"/>
</kw>
<kw name="Log" library="BuiltIn">
<arg>${output}</arg>
<doc>Logs the given message with the given level.</doc>
<msg timestamp="20231004 13:43:23.272" level="INFO">Profile ID: custom/sssd-vf
Enabled features:
- without-nullok
- with-faillock</msg>
<status status="PASS" starttime="20231004 13:43:23.271" endtime="20231004 13:43:23.272"/>
</kw>
<for flavor="IN">
<var>${module}</var>
<value>@{pam_modules}</value>
<iter>
<var name="${module}">with-faillock</var>
<kw name="Run Keyword And Ignore Error" library="BuiltIn">
<var>${regex_result}</var>
<var>${regex_message}</var>
<arg>Should Match Regexp</arg>
<arg>${output}</arg>
<arg>${module}</arg>
<doc>Runs the given keyword with the given arguments and ignores possible error.</doc>
<kw name="Should Match Regexp" library="BuiltIn">
<arg>${output}</arg>
<arg>${module}</arg>
<doc>Fails if ``string`` does not match ``pattern`` as a regular expression.</doc>
<status status="PASS" starttime="20231004 13:43:23.273" endtime="20231004 13:43:23.274"/>
</kw>
<msg timestamp="20231004 13:43:23.274" level="INFO">${regex_result} = PASS</msg>
<msg timestamp="20231004 13:43:23.274" level="INFO">${regex_message} = with-faillock</msg>
<status status="PASS" starttime="20231004 13:43:23.273" endtime="20231004 13:43:23.274"/>
</kw>
<kw name="Set To Dictionary" library="Collections">
<arg>${module_status_dict}</arg>
<arg>${module}</arg>
<arg>${regex_result}</arg>
<doc>Adds the given ``key_value_pairs`` and/or ``items`` to the ``dictionary``.</doc>
<status status="PASS" starttime="20231004 13:43:23.274" endtime="20231004 13:43:23.275"/>
</kw>
<status status="PASS" starttime="20231004 13:43:23.272" endtime="20231004 13:43:23.275"/>
</iter>
<iter>
<var name="${module}">without-nullok</var>
<kw name="Run Keyword And Ignore Error" library="BuiltIn">
<var>${regex_result}</var>
<var>${regex_message}</var>
<arg>Should Match Regexp</arg>
<arg>${output}</arg>
<arg>${module}</arg>
<doc>Runs the given keyword with the given arguments and ignores possible error.</doc>
<kw name="Should Match Regexp" library="BuiltIn">
<arg>${output}</arg>
<arg>${module}</arg>
<doc>Fails if ``string`` does not match ``pattern`` as a regular expression.</doc>
<status status="PASS" starttime="20231004 13:43:23.276" endtime="20231004 13:43:23.276"/>
</kw>
<msg timestamp="20231004 13:43:23.276" level="INFO">${regex_result} = PASS</msg>
<msg timestamp="20231004 13:43:23.276" level="INFO">${regex_message} = without-nullok</msg>
<status status="PASS" starttime="20231004 13:43:23.275" endtime="20231004 13:43:23.276"/>
</kw>
<kw name="Set To Dictionary" library="Collections">
<arg>${module_status_dict}</arg>
<arg>${module}</arg>
<arg>${regex_result}</arg>
<doc>Adds the given ``key_value_pairs`` and/or ``items`` to the ``dictionary``.</doc>
<status status="PASS" starttime="20231004 13:43:23.276" endtime="20231004 13:43:23.277"/>
</kw>
<status status="PASS" starttime="20231004 13:43:23.275" endtime="20231004 13:43:23.277"/>
</iter>
<status status="PASS" starttime="20231004 13:43:23.272" endtime="20231004 13:43:23.277"/>
</for>
<kw name="Log" library="BuiltIn">
<arg>${module_status_dict}</arg>
<doc>Logs the given message with the given level.</doc>
<msg timestamp="20231004 13:43:23.277" level="INFO">{'with-faillock': 'PASS', 'without-nullok': 'PASS'}</msg>
<status status="PASS" starttime="20231004 13:43:23.277" endtime="20231004 13:43:23.278"/>
</kw>
<kw name="Run Keyword And Ignore Error" library="BuiltIn">
<var>${status}</var>
<var>${status_message}</var>
<arg>Dictionary Should Not Contain Value</arg>
<arg>${module_status_dict}</arg>
<arg>FAIL</arg>
<doc>Runs the given keyword with the given arguments and ignores possible error.</doc>
<kw name="Dictionary Should Not Contain Value" library="Collections">
<arg>${module_status_dict}</arg>
<arg>FAIL</arg>
<doc>Fails if ``value`` is found from ``dictionary``.</doc>
<status status="PASS" starttime="20231004 13:43:23.278" endtime="20231004 13:43:23.279"/>
</kw>
<msg timestamp="20231004 13:43:23.279" level="INFO">${status} = PASS</msg>
<msg timestamp="20231004 13:43:23.279" level="INFO">${status_message} = None</msg>
<status status="PASS" starttime="20231004 13:43:23.278" endtime="20231004 13:43:23.279"/>
</kw>
<kw name="Log" library="BuiltIn">
<arg>${status}</arg>
<doc>Logs the given message with the given level.</doc>
<msg timestamp="20231004 13:43:23.279" level="INFO">PASS</msg>
<status status="PASS" starttime="20231004 13:43:23.279" endtime="20231004 13:43:23.279"/>
</kw>
<if>
<branch type="IF" condition="'FAIL' in '${status}'">
<kw name="Fail" library="BuiltIn">
<arg>Expected PAM enabled-feature not found</arg>
<doc>Fails the test with the given message and optionally alters its tags.</doc>
<status status="NOT RUN" starttime="20231004 13:43:23.280" endtime="20231004 13:43:23.281"/>
</kw>
<status status="NOT RUN" starttime="20231004 13:43:23.280" endtime="20231004 13:43:23.281"/>
</branch>
<status status="PASS" starttime="20231004 13:43:23.280" endtime="20231004 13:43:23.281"/>
</if>
<doc>This test will verify that without-nullok and with-faillock modules are activated
the test will run the command "autheselect current" which returns the enabled features in the
format:

Profile ID: custom/sssd-vf
Enabled features:
- with-faillock
- without-nullok

Checks made against the following features: ['with-faillock', 'without-nullok']</doc>
<tag>security</tag>
<status status="PASS" starttime="20231004 13:43:23.252" endtime="20231004 13:43:23.281"/>
</test>
<test id="s1-s1-t6" name="Check the password-auth file has been updated" line="87">
<kw name="Step. View the contents of the file: '/etc/authselect/custom/sssd-vf/password-auth'" library="keywords" sourcename="Step. ${message}">
<doc>Simple Keyword to store text which will be added to
test case Docx as instruction/guidance steps to inform reader in the
tets procesdures</doc>
<kw name="Log" library="BuiltIn">
<arg>${message}</arg>
<doc>Logs the given message with the given level.</doc>
<msg timestamp="20231004 13:43:23.285" level="INFO">View the contents of the file: '/etc/authselect/custom/sssd-vf/password-auth'</msg>
<status status="PASS" starttime="20231004 13:43:23.285" endtime="20231004 13:43:23.285"/>
</kw>
<status status="PASS" starttime="20231004 13:43:23.284" endtime="20231004 13:43:23.285"/>
</kw>
<kw name="Step. Locate the 'pam_unix.so' entry in the auth section, verify that the definition includes 'try_first_pass'" library="keywords" sourcename="Step. ${message}">
<doc>Simple Keyword to store text which will be added to
test case Docx as instruction/guidance steps to inform reader in the
tets procesdures</doc>
<kw name="Log" library="BuiltIn">
<arg>${message}</arg>
<doc>Logs the given message with the given level.</doc>
<msg timestamp="20231004 13:43:23.287" level="INFO">Locate the 'pam_unix.so' entry in the auth section, verify that the definition includes 'try_first_pass'</msg>
<status status="PASS" starttime="20231004 13:43:23.286" endtime="20231004 13:43:23.287"/>
</kw>
<status status="PASS" starttime="20231004 13:43:23.286" endtime="20231004 13:43:23.287"/>
</kw>
<kw name="Step. Locate the 'pam_pwquality.so' entry in the password section, verify that the definition includes 'try_first_pass'" library="keywords" sourcename="Step. ${message}">
<doc>Simple Keyword to store text which will be added to
test case Docx as instruction/guidance steps to inform reader in the
tets procesdures</doc>
<kw name="Log" library="BuiltIn">
<arg>${message}</arg>
<doc>Logs the given message with the given level.</doc>
<msg timestamp="20231004 13:43:23.288" level="INFO">Locate the 'pam_pwquality.so' entry in the password section, verify that the definition includes 'try_first_pass'</msg>
<status status="PASS" starttime="20231004 13:43:23.288" endtime="20231004 13:43:23.288"/>
</kw>
<status status="PASS" starttime="20231004 13:43:23.287" endtime="20231004 13:43:23.288"/>
</kw>
<kw name="Step. Locate the 'pam_unix.so' entry in the password section, verify the definition includes 'try_first_pass'" library="keywords" sourcename="Step. ${message}">
<doc>Simple Keyword to store text which will be added to
test case Docx as instruction/guidance steps to inform reader in the
tets procesdures</doc>
<kw name="Log" library="BuiltIn">
<arg>${message}</arg>
<doc>Logs the given message with the given level.</doc>
<msg timestamp="20231004 13:43:23.290" level="INFO">Locate the 'pam_unix.so' entry in the password section, verify the definition includes 'try_first_pass'</msg>
<status status="PASS" starttime="20231004 13:43:23.289" endtime="20231004 13:43:23.290"/>
</kw>
<status status="PASS" starttime="20231004 13:43:23.289" endtime="20231004 13:43:23.290"/>
</kw>
<kw name="Create Dictionary" library="BuiltIn">
<var>${check_dict}</var>
<arg>auth.*pam_unix.so={if not "without-nullok":nullok} try_first_pass</arg>
<arg>password.*pam_pwquality.so=try_first_pass local_users_only</arg>
<arg>password.*pam_unix.so sha512 shadow={if not "without-nullok":nullok} try_first_pass use_authtok</arg>
<doc>Creates and returns a dictionary based on the given ``items``.</doc>
<msg timestamp="20231004 13:43:23.291" level="INFO">${check_dict} = {'auth.*pam_unix.so': '{if not "without-nullok":nullok} try_first_pass', 'password.*pam_pwquality.so': 'try_first_pass local_users_only', 'password.*pam_unix.so sha512 shadow': '{if not "without-nullo...</msg>
<status status="PASS" starttime="20231004 13:43:23.290" endtime="20231004 13:43:23.291"/>
</kw>
<kw name="Get File" library="OperatingSystem">
<var>${password_auth}</var>
<arg>/etc/authselect/custom/sssd-vf/password-auth</arg>
<doc>Returns the contents of a specified file.</doc>
<msg timestamp="20231004 13:43:23.291" level="INFO" html="true">Getting file '&lt;a href="file:///etc/authselect/custom/sssd-vf/password-auth"&gt;/etc/authselect/custom/sssd-vf/password-auth&lt;/a&gt;'.</msg>
<msg timestamp="20231004 13:43:23.292" level="INFO">${password_auth} = auth        required                                     pam_env.so
auth        required                                     pam_faildelay.so delay=2000000
auth        required                        ...</msg>
<status status="PASS" starttime="20231004 13:43:23.291" endtime="20231004 13:43:23.292"/>
</kw>
<kw name="Create List" library="BuiltIn">
<var>${error_list}</var>
<doc>Returns a list containing given items.</doc>
<msg timestamp="20231004 13:43:23.292" level="INFO">${error_list} = []</msg>
<status status="PASS" starttime="20231004 13:43:23.292" endtime="20231004 13:43:23.292"/>
</kw>
<for flavor="IN">
<var>${key}</var>
<var>${value}</var>
<value>&amp;{check_dict}</value>
<iter>
<var name="${key}">auth.*pam_unix.so</var>
<var name="${value}">{if not "without-nullok":nullok} try_first_pass</var>
<kw name="Log" library="BuiltIn">
<arg>${key} : ${value}</arg>
<doc>Logs the given message with the given level.</doc>
<msg timestamp="20231004 13:43:23.293" level="INFO">auth.*pam_unix.so : {if not "without-nullok":nullok} try_first_pass</msg>
<status status="PASS" starttime="20231004 13:43:23.293" endtime="20231004 13:43:23.293"/>
</kw>
<kw name="Get Regexp Matches" library="String">
<var>${matches}</var>
<arg>${password_auth}</arg>
<arg>\\s?${key}\\s?(.*)</arg>
<arg>1</arg>
<doc>Returns a list of all non-overlapping matches in the given string.</doc>
<msg timestamp="20231004 13:43:23.294" level="INFO">${matches} = ['{if not "without-nullok":nullok}']</msg>
<status status="PASS" starttime="20231004 13:43:23.294" endtime="20231004 13:43:23.294"/>
</kw>
<kw name="Get Length" library="BuiltIn">
<var>${len}</var>
<arg>${matches}</arg>
<doc>Returns and logs the length of the given item as an integer.</doc>
<msg timestamp="20231004 13:43:23.295" level="INFO">Length is 1</msg>
<msg timestamp="20231004 13:43:23.295" level="INFO">${len} = 1</msg>
<status status="PASS" starttime="20231004 13:43:23.295" endtime="20231004 13:43:23.296"/>
</kw>
<if>
<branch type="IF" condition="${len} &gt; 0">
<kw name="Log" library="BuiltIn">
<arg>Match Found match ${key} : ${matches}</arg>
<doc>Logs the given message with the given level.</doc>
<msg timestamp="20231004 13:43:23.296" level="INFO">Match Found match auth.*pam_unix.so : ['{if not "without-nullok":nullok}']</msg>
<status status="PASS" starttime="20231004 13:43:23.296" endtime="20231004 13:43:23.297"/>
</kw>
<kw name="Log" library="BuiltIn">
<arg>${matches[0]}</arg>
<doc>Logs the given message with the given level.</doc>
<msg timestamp="20231004 13:43:23.298" level="INFO">{if not "without-nullok":nullok}</msg>
<status status="PASS" starttime="20231004 13:43:23.297" endtime="20231004 13:43:23.298"/>
</kw>
<if>
<branch type="IF" condition="'${value}' == '${matches[0]}'">
<kw name="Log" library="BuiltIn">
<arg>'${key}' Configured as expected</arg>
<doc>Logs the given message with the given level.</doc>
<status status="NOT RUN" starttime="20231004 13:43:23.299" endtime="20231004 13:43:23.299"/>
</kw>
<status status="NOT RUN" starttime="20231004 13:43:23.298" endtime="20231004 13:43:23.299"/>
</branch>
<branch type="ELSE">
<kw name="Log" library="BuiltIn">
<arg>${key} Not configured as expected</arg>
<doc>Logs the given message with the given level.</doc>
<msg timestamp="20231004 13:43:23.299" level="INFO">auth.*pam_unix.so Not configured as expected</msg>
<status status="PASS" starttime="20231004 13:43:23.299" endtime="20231004 13:43:23.299"/>
</kw>
<kw name="Append To List" library="Collections">
<arg>${error_list}</arg>
<arg>${key}</arg>
<doc>Adds ``values`` to the end of ``list``.</doc>
<status status="PASS" starttime="20231004 13:43:23.300" endtime="20231004 13:43:23.300"/>
</kw>
<status status="PASS" starttime="20231004 13:43:23.299" endtime="20231004 13:43:23.300"/>
</branch>
<status status="PASS" starttime="20231004 13:43:23.298" endtime="20231004 13:43:23.300"/>
</if>
<status status="PASS" starttime="20231004 13:43:23.296" endtime="20231004 13:43:23.300"/>
</branch>
<branch type="ELSE">
<kw name="Log" library="BuiltIn">
<arg>No Match found for : ${key}</arg>
<doc>Logs the given message with the given level.</doc>
<status status="NOT RUN" starttime="20231004 13:43:23.300" endtime="20231004 13:43:23.300"/>
</kw>
<kw name="Append To List" library="Collections">
<arg>${error_list}</arg>
<arg>${key}</arg>
<doc>Adds ``values`` to the end of ``list``.</doc>
<status status="NOT RUN" starttime="20231004 13:43:23.300" endtime="20231004 13:43:23.300"/>
</kw>
<status status="NOT RUN" starttime="20231004 13:43:23.300" endtime="20231004 13:43:23.301"/>
</branch>
<status status="PASS" starttime="20231004 13:43:23.296" endtime="20231004 13:43:23.301"/>
</if>
<status status="PASS" starttime="20231004 13:43:23.293" endtime="20231004 13:43:23.301"/>
</iter>
<iter>
<var name="${key}">password.*pam_pwquality.so</var>
<var name="${value}">try_first_pass local_users_only</var>
<kw name="Log" library="BuiltIn">
<arg>${key} : ${value}</arg>
<doc>Logs the given message with the given level.</doc>
<msg timestamp="20231004 13:43:23.301" level="INFO">password.*pam_pwquality.so : try_first_pass local_users_only</msg>
<status status="PASS" starttime="20231004 13:43:23.301" endtime="20231004 13:43:23.301"/>
</kw>
<kw name="Get Regexp Matches" library="String">
<var>${matches}</var>
<arg>${password_auth}</arg>
<arg>\\s?${key}\\s?(.*)</arg>
<arg>1</arg>
<doc>Returns a list of all non-overlapping matches in the given string.</doc>
<msg timestamp="20231004 13:43:23.303" level="INFO">${matches} = ['local_users_only']</msg>
<status status="PASS" starttime="20231004 13:43:23.302" endtime="20231004 13:43:23.303"/>
</kw>
<kw name="Get Length" library="BuiltIn">
<var>${len}</var>
<arg>${matches}</arg>
<doc>Returns and logs the length of the given item as an integer.</doc>
<msg timestamp="20231004 13:43:23.303" level="INFO">Length is 1</msg>
<msg timestamp="20231004 13:43:23.303" level="INFO">${len} = 1</msg>
<status status="PASS" starttime="20231004 13:43:23.303" endtime="20231004 13:43:23.303"/>
</kw>
<if>
<branch type="IF" condition="${len} &gt; 0">
<kw name="Log" library="BuiltIn">
<arg>Match Found match ${key} : ${matches}</arg>
<doc>Logs the given message with the given level.</doc>
<msg timestamp="20231004 13:43:23.304" level="INFO">Match Found match password.*pam_pwquality.so : ['local_users_only']</msg>
<status status="PASS" starttime="20231004 13:43:23.304" endtime="20231004 13:43:23.304"/>
</kw>
<kw name="Log" library="BuiltIn">
<arg>${matches[0]}</arg>
<doc>Logs the given message with the given level.</doc>
<msg timestamp="20231004 13:43:23.305" level="INFO">local_users_only</msg>
<status status="PASS" starttime="20231004 13:43:23.305" endtime="20231004 13:43:23.305"/>
</kw>
<if>
<branch type="IF" condition="'${value}' == '${matches[0]}'">
<kw name="Log" library="BuiltIn">
<arg>'${key}' Configured as expected</arg>
<doc>Logs the given message with the given level.</doc>
<status status="NOT RUN" starttime="20231004 13:43:23.306" endtime="20231004 13:43:23.306"/>
</kw>
<status status="NOT RUN" starttime="20231004 13:43:23.305" endtime="20231004 13:43:23.306"/>
</branch>
<branch type="ELSE">
<kw name="Log" library="BuiltIn">
<arg>${key} Not configured as expected</arg>
<doc>Logs the given message with the given level.</doc>
<msg timestamp="20231004 13:43:23.307" level="INFO">password.*pam_pwquality.so Not configured as expected</msg>
<status status="PASS" starttime="20231004 13:43:23.307" endtime="20231004 13:43:23.307"/>
</kw>
<kw name="Append To List" library="Collections">
<arg>${error_list}</arg>
<arg>${key}</arg>
<doc>Adds ``values`` to the end of ``list``.</doc>
<status status="PASS" starttime="20231004 13:43:23.307" endtime="20231004 13:43:23.307"/>
</kw>
<status status="PASS" starttime="20231004 13:43:23.306" endtime="20231004 13:43:23.307"/>
</branch>
<status status="PASS" starttime="20231004 13:43:23.305" endtime="20231004 13:43:23.307"/>
</if>
<status status="PASS" starttime="20231004 13:43:23.303" endtime="20231004 13:43:23.308"/>
</branch>
<branch type="ELSE">
<kw name="Log" library="BuiltIn">
<arg>No Match found for : ${key}</arg>
<doc>Logs the given message with the given level.</doc>
<status status="NOT RUN" starttime="20231004 13:43:23.308" endtime="20231004 13:43:23.309"/>
</kw>
<kw name="Append To List" library="Collections">
<arg>${error_list}</arg>
<arg>${key}</arg>
<doc>Adds ``values`` to the end of ``list``.</doc>
<status status="NOT RUN" starttime="20231004 13:43:23.309" endtime="20231004 13:43:23.309"/>
</kw>
<status status="NOT RUN" starttime="20231004 13:43:23.308" endtime="20231004 13:43:23.309"/>
</branch>
<status status="PASS" starttime="20231004 13:43:23.303" endtime="20231004 13:43:23.309"/>
</if>
<status status="PASS" starttime="20231004 13:43:23.301" endtime="20231004 13:43:23.309"/>
</iter>
<iter>
<var name="${key}">password.*pam_unix.so sha512 shadow</var>
<var name="${value}">{if not "without-nullok":nullok} try_first_pass use_authtok</var>
<kw name="Log" library="BuiltIn">
<arg>${key} : ${value}</arg>
<doc>Logs the given message with the given level.</doc>
<msg timestamp="20231004 13:43:23.309" level="INFO">password.*pam_unix.so sha512 shadow : {if not "without-nullok":nullok} try_first_pass use_authtok</msg>
<status status="PASS" starttime="20231004 13:43:23.309" endtime="20231004 13:43:23.310"/>
</kw>
<kw name="Get Regexp Matches" library="String">
<var>${matches}</var>
<arg>${password_auth}</arg>
<arg>\\s?${key}\\s?(.*)</arg>
<arg>1</arg>
<doc>Returns a list of all non-overlapping matches in the given string.</doc>
<msg timestamp="20231004 13:43:23.310" level="INFO">${matches} = ['{if not "without-nullok":nullok} use_authtok']</msg>
<status status="PASS" starttime="20231004 13:43:23.310" endtime="20231004 13:43:23.311"/>
</kw>
<kw name="Get Length" library="BuiltIn">
<var>${len}</var>
<arg>${matches}</arg>
<doc>Returns and logs the length of the given item as an integer.</doc>
<msg timestamp="20231004 13:43:23.311" level="INFO">Length is 1</msg>
<msg timestamp="20231004 13:43:23.311" level="INFO">${len} = 1</msg>
<status status="PASS" starttime="20231004 13:43:23.311" endtime="20231004 13:43:23.311"/>
</kw>
<if>
<branch type="IF" condition="${len} &gt; 0">
<kw name="Log" library="BuiltIn">
<arg>Match Found match ${key} : ${matches}</arg>
<doc>Logs the given message with the given level.</doc>
<msg timestamp="20231004 13:43:23.312" level="INFO">Match Found match password.*pam_unix.so sha512 shadow : ['{if not "without-nullok":nullok} use_authtok']</msg>
<status status="PASS" starttime="20231004 13:43:23.311" endtime="20231004 13:43:23.312"/>
</kw>
<kw name="Log" library="BuiltIn">
<arg>${matches[0]}</arg>
<doc>Logs the given message with the given level.</doc>
<msg timestamp="20231004 13:43:23.313" level="INFO">{if not "without-nullok":nullok} use_authtok</msg>
<status status="PASS" starttime="20231004 13:43:23.312" endtime="20231004 13:43:23.313"/>
</kw>
<if>
<branch type="IF" condition="'${value}' == '${matches[0]}'">
<kw name="Log" library="BuiltIn">
<arg>'${key}' Configured as expected</arg>
<doc>Logs the given message with the given level.</doc>
<status status="NOT RUN" starttime="20231004 13:43:23.314" endtime="20231004 13:43:23.314"/>
</kw>
<status status="NOT RUN" starttime="20231004 13:43:23.313" endtime="20231004 13:43:23.314"/>
</branch>
<branch type="ELSE">
<kw name="Log" library="BuiltIn">
<arg>${key} Not configured as expected</arg>
<doc>Logs the given message with the given level.</doc>
<msg timestamp="20231004 13:43:23.314" level="INFO">password.*pam_unix.so sha512 shadow Not configured as expected</msg>
<status status="PASS" starttime="20231004 13:43:23.314" endtime="20231004 13:43:23.314"/>
</kw>
<kw name="Append To List" library="Collections">
<arg>${error_list}</arg>
<arg>${key}</arg>
<doc>Adds ``values`` to the end of ``list``.</doc>
<status status="PASS" starttime="20231004 13:43:23.314" endtime="20231004 13:43:23.315"/>
</kw>
<status status="PASS" starttime="20231004 13:43:23.314" endtime="20231004 13:43:23.315"/>
</branch>
<status status="PASS" starttime="20231004 13:43:23.313" endtime="20231004 13:43:23.315"/>
</if>
<status status="PASS" starttime="20231004 13:43:23.311" endtime="20231004 13:43:23.315"/>
</branch>
<branch type="ELSE">
<kw name="Log" library="BuiltIn">
<arg>No Match found for : ${key}</arg>
<doc>Logs the given message with the given level.</doc>
<status status="NOT RUN" starttime="20231004 13:43:23.315" endtime="20231004 13:43:23.315"/>
</kw>
<kw name="Append To List" library="Collections">
<arg>${error_list}</arg>
<arg>${key}</arg>
<doc>Adds ``values`` to the end of ``list``.</doc>
<status status="NOT RUN" starttime="20231004 13:43:23.315" endtime="20231004 13:43:23.315"/>
</kw>
<status status="NOT RUN" starttime="20231004 13:43:23.315" endtime="20231004 13:43:23.316"/>
</branch>
<status status="PASS" starttime="20231004 13:43:23.311" endtime="20231004 13:43:23.316"/>
</if>
<status status="PASS" starttime="20231004 13:43:23.309" endtime="20231004 13:43:23.316"/>
</iter>
<status status="PASS" starttime="20231004 13:43:23.293" endtime="20231004 13:43:23.316"/>
</for>
<kw name="Log" library="BuiltIn">
<arg>${error_list}</arg>
<doc>Logs the given message with the given level.</doc>
<msg timestamp="20231004 13:43:23.316" level="INFO">['auth.*pam_unix.so', 'password.*pam_pwquality.so', 'password.*pam_unix.so sha512 shadow']</msg>
<status status="PASS" starttime="20231004 13:43:23.316" endtime="20231004 13:43:23.317"/>
</kw>
<kw name="Should Be Empty" library="BuiltIn">
<arg>${error_list}</arg>
<arg>Errors found in the following modules ${error_list}</arg>
<doc>Verifies that the given item is empty.</doc>
<msg timestamp="20231004 13:43:23.318" level="INFO">Length is 3</msg>
<msg timestamp="20231004 13:43:23.318" level="FAIL">Errors found in the following modules ['auth.*pam_unix.so', 'password.*pam_pwquality.so', 'password.*pam_unix.so sha512 shadow']</msg>
<status status="FAIL" starttime="20231004 13:43:23.317" endtime="20231004 13:43:23.318"/>
</kw>
<doc>Read the /etc/authselect/custom/sssd-vf/password-auth file
and check that the values have been modified the check takes a dict with
the module search string and the expected configuration as a k,v Pairs
the check then searches the file for the key and evaluates the value</doc>
<status status="FAIL" starttime="20231004 13:43:23.283" endtime="20231004 13:43:23.319">Errors found in the following modules ['auth.*pam_unix.so', 'password.*pam_pwquality.so', 'password.*pam_unix.so sha512 shadow']</status>
</test>
<test id="s1-s1-t7" name="Check the system-auth file has been updated" line="122">
<kw name="Step. View the contents of the file: '/etc/authselect/custom/sssd-vf/system-auth'" library="keywords" sourcename="Step. ${message}">
<doc>Simple Keyword to store text which will be added to
test case Docx as instruction/guidance steps to inform reader in the
tets procesdures</doc>
<kw name="Log" library="BuiltIn">
<arg>${message}</arg>
<doc>Logs the given message with the given level.</doc>
<msg timestamp="20231004 13:43:23.324" level="INFO">View the contents of the file: '/etc/authselect/custom/sssd-vf/system-auth'</msg>
<status status="PASS" starttime="20231004 13:43:23.324" endtime="20231004 13:43:23.324"/>
</kw>
<status status="PASS" starttime="20231004 13:43:23.323" endtime="20231004 13:43:23.324"/>
</kw>
<kw name="Step. Locate the 'pam_unix.so' entry in the auth section, verify that the definition matches '{if not &quot;without-nullok&quot;:nullok} try_first_pass'" library="keywords" sourcename="Step. ${message}">
<doc>Simple Keyword to store text which will be added to
test case Docx as instruction/guidance steps to inform reader in the
tets procesdures</doc>
<kw name="Log" library="BuiltIn">
<arg>${message}</arg>
<doc>Logs the given message with the given level.</doc>
<msg timestamp="20231004 13:43:23.326" level="INFO">Locate the 'pam_unix.so' entry in the auth section, verify that the definition matches '{if not "without-nullok":nullok} try_first_pass'</msg>
<status status="PASS" starttime="20231004 13:43:23.326" endtime="20231004 13:43:23.326"/>
</kw>
<status status="PASS" starttime="20231004 13:43:23.325" endtime="20231004 13:43:23.326"/>
</kw>
<kw name="Step. Locate the 'pam_pwquality.so' entry in the password section, verify that the definition matches 'try_first_pass local_users_only enforce-for-root retry=3 remember=12'" library="keywords" sourcename="Step. ${message}">
<doc>Simple Keyword to store text which will be added to
test case Docx as instruction/guidance steps to inform reader in the
tets procesdures</doc>
<kw name="Log" library="BuiltIn">
<arg>${message}</arg>
<doc>Logs the given message with the given level.</doc>
<msg timestamp="20231004 13:43:23.327" level="INFO">Locate the 'pam_pwquality.so' entry in the password section, verify that the definition matches 'try_first_pass local_users_only enforce-for-root retry=3 remember=12'</msg>
<status status="PASS" starttime="20231004 13:43:23.327" endtime="20231004 13:43:23.327"/>
</kw>
<status status="PASS" starttime="20231004 13:43:23.327" endtime="20231004 13:43:23.328"/>
</kw>
<kw name="Step. Locate the 'pam_unix.so' entry in the password section, verify the definition matche '{if not &quot;without-nullok&quot;:nullok} try_first_pass use_authtok remember=12'" library="keywords" sourcename="Step. ${message}">
<doc>Simple Keyword to store text which will be added to
test case Docx as instruction/guidance steps to inform reader in the
tets procesdures</doc>
<kw name="Log" library="BuiltIn">
<arg>${message}</arg>
<doc>Logs the given message with the given level.</doc>
<msg timestamp="20231004 13:43:23.329" level="INFO">Locate the 'pam_unix.so' entry in the password section, verify the definition matche '{if not "without-nullok":nullok} try_first_pass use_authtok remember=12'</msg>
<status status="PASS" starttime="20231004 13:43:23.329" endtime="20231004 13:43:23.329"/>
</kw>
<status status="PASS" starttime="20231004 13:43:23.328" endtime="20231004 13:43:23.329"/>
</kw>
<kw name="Create Dictionary" library="BuiltIn">
<var>${check_dict}</var>
<arg>auth.*pam_unix.so={if not "without-nullok":nullok} try_first_pass</arg>
<arg>password.*pam_pwquality.so=try_first_pass local_users_only enforce-for-root retry=3 remember=12</arg>
<arg>password.*pam_unix.so sha512 shadow={if not "without-nullok":nullok} try_first_pass use_authtok remember=12</arg>
<doc>Creates and returns a dictionary based on the given ``items``.</doc>
<msg timestamp="20231004 13:43:23.330" level="INFO">${check_dict} = {'auth.*pam_unix.so': '{if not "without-nullok":nullok} try_first_pass', 'password.*pam_pwquality.so': 'try_first_pass local_users_only enforce-for-root retry=3 remember=12', 'password.*pam_unix.so sh...</msg>
<status status="PASS" starttime="20231004 13:43:23.329" endtime="20231004 13:43:23.330"/>
</kw>
<kw name="Get File" library="OperatingSystem">
<var>${password_auth}</var>
<arg>/etc/authselect/custom/sssd-vf/system-auth</arg>
<doc>Returns the contents of a specified file.</doc>
<msg timestamp="20231004 13:43:23.330" level="INFO" html="true">Getting file '&lt;a href="file:///etc/authselect/custom/sssd-vf/system-auth"&gt;/etc/authselect/custom/sssd-vf/system-auth&lt;/a&gt;'.</msg>
<msg timestamp="20231004 13:43:23.331" level="INFO">${password_auth} = {imply "with-smartcard" if "with-smartcard-required"}
auth        required                                     pam_env.so
auth        required                                     pam_faildelay.so dela...</msg>
<status status="PASS" starttime="20231004 13:43:23.330" endtime="20231004 13:43:23.331"/>
</kw>
<kw name="Create List" library="BuiltIn">
<var>${error_list}</var>
<doc>Returns a list containing given items.</doc>
<msg timestamp="20231004 13:43:23.331" level="INFO">${error_list} = []</msg>
<status status="PASS" starttime="20231004 13:43:23.331" endtime="20231004 13:43:23.332"/>
</kw>
<for flavor="IN">
<var>${key}</var>
<var>${value}</var>
<value>&amp;{check_dict}</value>
<iter>
<var name="${key}">auth.*pam_unix.so</var>
<var name="${value}">{if not "without-nullok":nullok} try_first_pass</var>
<kw name="Log" library="BuiltIn">
<arg>${key} : ${value}</arg>
<doc>Logs the given message with the given level.</doc>
<msg timestamp="20231004 13:43:23.333" level="INFO">auth.*pam_unix.so : {if not "without-nullok":nullok} try_first_pass</msg>
<status status="PASS" starttime="20231004 13:43:23.332" endtime="20231004 13:43:23.333"/>
</kw>
<kw name="Get Regexp Matches" library="String">
<var>${matches}</var>
<arg>${password_auth}</arg>
<arg>\\s?${key}\\s?(.*)</arg>
<arg>1</arg>
<doc>Returns a list of all non-overlapping matches in the given string.</doc>
<msg timestamp="20231004 13:43:23.334" level="INFO">${matches} = ['{if not "without-nullok":nullok}']</msg>
<status status="PASS" starttime="20231004 13:43:23.333" endtime="20231004 13:43:23.334"/>
</kw>
<kw name="Get Length" library="BuiltIn">
<var>${len}</var>
<arg>${matches}</arg>
<doc>Returns and logs the length of the given item as an integer.</doc>
<msg timestamp="20231004 13:43:23.334" level="INFO">Length is 1</msg>
<msg timestamp="20231004 13:43:23.334" level="INFO">${len} = 1</msg>
<status status="PASS" starttime="20231004 13:43:23.334" endtime="20231004 13:43:23.334"/>
</kw>
<if>
<branch type="IF" condition="${len} &gt; 0">
<kw name="Log" library="BuiltIn">
<arg>Match Found match ${key} : ${matches}</arg>
<doc>Logs the given message with the given level.</doc>
<msg timestamp="20231004 13:43:23.335" level="INFO">Match Found match auth.*pam_unix.so : ['{if not "without-nullok":nullok}']</msg>
<status status="PASS" starttime="20231004 13:43:23.335" endtime="20231004 13:43:23.335"/>
</kw>
<kw name="Log" library="BuiltIn">
<arg>${matches[0]}</arg>
<doc>Logs the given message with the given level.</doc>
<msg timestamp="20231004 13:43:23.337" level="INFO">{if not "without-nullok":nullok}</msg>
<status status="PASS" starttime="20231004 13:43:23.335" endtime="20231004 13:43:23.337"/>
</kw>
<if>
<branch type="IF" condition="'${value}' == '${matches[0]}'">
<kw name="Log" library="BuiltIn">
<arg>${key} Configured as expected</arg>
<doc>Logs the given message with the given level.</doc>
<status status="NOT RUN" starttime="20231004 13:43:23.338" endtime="20231004 13:43:23.338"/>
</kw>
<status status="NOT RUN" starttime="20231004 13:43:23.337" endtime="20231004 13:43:23.338"/>
</branch>
<branch type="ELSE">
<kw name="Log" library="BuiltIn">
<arg>${key} Not configured as expected</arg>
<doc>Logs the given message with the given level.</doc>
<msg timestamp="20231004 13:43:23.338" level="INFO">auth.*pam_unix.so Not configured as expected</msg>
<status status="PASS" starttime="20231004 13:43:23.338" endtime="20231004 13:43:23.339"/>
</kw>
<kw name="Append To List" library="Collections">
<arg>${error_list}</arg>
<arg>${key}</arg>
<doc>Adds ``values`` to the end of ``list``.</doc>
<status status="PASS" starttime="20231004 13:43:23.339" endtime="20231004 13:43:23.339"/>
</kw>
<status status="PASS" starttime="20231004 13:43:23.338" endtime="20231004 13:43:23.339"/>
</branch>
<status status="PASS" starttime="20231004 13:43:23.337" endtime="20231004 13:43:23.339"/>
</if>
<status status="PASS" starttime="20231004 13:43:23.334" endtime="20231004 13:43:23.340"/>
</branch>
<branch type="ELSE">
<kw name="Log" library="BuiltIn">
<arg>No Match found for : ${key}</arg>
<doc>Logs the given message with the given level.</doc>
<status status="NOT RUN" starttime="20231004 13:43:23.340" endtime="20231004 13:43:23.340"/>
</kw>
<kw name="Append To List" library="Collections">
<arg>${error_list}</arg>
<arg>${key}</arg>
<doc>Adds ``values`` to the end of ``list``.</doc>
<status status="NOT RUN" starttime="20231004 13:43:23.340" endtime="20231004 13:43:23.340"/>
</kw>
<status status="NOT RUN" starttime="20231004 13:43:23.340" endtime="20231004 13:43:23.340"/>
</branch>
<status status="PASS" starttime="20231004 13:43:23.334" endtime="20231004 13:43:23.340"/>
</if>
<status status="PASS" starttime="20231004 13:43:23.332" endtime="20231004 13:43:23.340"/>
</iter>
<iter>
<var name="${key}">password.*pam_pwquality.so</var>
<var name="${value}">try_first_pass local_users_only enforce-for-root retry=3 remember=12</var>
<kw name="Log" library="BuiltIn">
<arg>${key} : ${value}</arg>
<doc>Logs the given message with the given level.</doc>
<msg timestamp="20231004 13:43:23.341" level="INFO">password.*pam_pwquality.so : try_first_pass local_users_only enforce-for-root retry=3 remember=12</msg>
<status status="PASS" starttime="20231004 13:43:23.340" endtime="20231004 13:43:23.341"/>
</kw>
<kw name="Get Regexp Matches" library="String">
<var>${matches}</var>
<arg>${password_auth}</arg>
<arg>\\s?${key}\\s?(.*)</arg>
<arg>1</arg>
<doc>Returns a list of all non-overlapping matches in the given string.</doc>
<msg timestamp="20231004 13:43:23.341" level="INFO">${matches} = ['local_users_only']</msg>
<status status="PASS" starttime="20231004 13:43:23.341" endtime="20231004 13:43:23.341"/>
</kw>
<kw name="Get Length" library="BuiltIn">
<var>${len}</var>
<arg>${matches}</arg>
<doc>Returns and logs the length of the given item as an integer.</doc>
<msg timestamp="20231004 13:43:23.342" level="INFO">Length is 1</msg>
<msg timestamp="20231004 13:43:23.342" level="INFO">${len} = 1</msg>
<status status="PASS" starttime="20231004 13:43:23.341" endtime="20231004 13:43:23.342"/>
</kw>
<if>
<branch type="IF" condition="${len} &gt; 0">
<kw name="Log" library="BuiltIn">
<arg>Match Found match ${key} : ${matches}</arg>
<doc>Logs the given message with the given level.</doc>
<msg timestamp="20231004 13:43:23.343" level="INFO">Match Found match password.*pam_pwquality.so : ['local_users_only']</msg>
<status status="PASS" starttime="20231004 13:43:23.343" endtime="20231004 13:43:23.343"/>
</kw>
<kw name="Log" library="BuiltIn">
<arg>${matches[0]}</arg>
<doc>Logs the given message with the given level.</doc>
<msg timestamp="20231004 13:43:23.344" level="INFO">local_users_only</msg>
<status status="PASS" starttime="20231004 13:43:23.343" endtime="20231004 13:43:23.344"/>
</kw>
<if>
<branch type="IF" condition="'${value}' == '${matches[0]}'">
<kw name="Log" library="BuiltIn">
<arg>${key} Configured as expected</arg>
<doc>Logs the given message with the given level.</doc>
<status status="NOT RUN" starttime="20231004 13:43:23.345" endtime="20231004 13:43:23.345"/>
</kw>
<status status="NOT RUN" starttime="20231004 13:43:23.344" endtime="20231004 13:43:23.345"/>
</branch>
<branch type="ELSE">
<kw name="Log" library="BuiltIn">
<arg>${key} Not configured as expected</arg>
<doc>Logs the given message with the given level.</doc>
<msg timestamp="20231004 13:43:23.346" level="INFO">password.*pam_pwquality.so Not configured as expected</msg>
<status status="PASS" starttime="20231004 13:43:23.345" endtime="20231004 13:43:23.346"/>
</kw>
<kw name="Append To List" library="Collections">
<arg>${error_list}</arg>
<arg>${key}</arg>
<doc>Adds ``values`` to the end of ``list``.</doc>
<status status="PASS" starttime="20231004 13:43:23.346" endtime="20231004 13:43:23.346"/>
</kw>
<status status="PASS" starttime="20231004 13:43:23.345" endtime="20231004 13:43:23.346"/>
</branch>
<status status="PASS" starttime="20231004 13:43:23.344" endtime="20231004 13:43:23.346"/>
</if>
<status status="PASS" starttime="20231004 13:43:23.342" endtime="20231004 13:43:23.346"/>
</branch>
<branch type="ELSE">
<kw name="Log" library="BuiltIn">
<arg>No Match found for : ${key}</arg>
<doc>Logs the given message with the given level.</doc>
<status status="NOT RUN" starttime="20231004 13:43:23.346" endtime="20231004 13:43:23.346"/>
</kw>
<kw name="Append To List" library="Collections">
<arg>${error_list}</arg>
<arg>${key}</arg>
<doc>Adds ``values`` to the end of ``list``.</doc>
<status status="NOT RUN" starttime="20231004 13:43:23.347" endtime="20231004 13:43:23.347"/>
</kw>
<status status="NOT RUN" starttime="20231004 13:43:23.346" endtime="20231004 13:43:23.347"/>
</branch>
<status status="PASS" starttime="20231004 13:43:23.342" endtime="20231004 13:43:23.347"/>
</if>
<status status="PASS" starttime="20231004 13:43:23.340" endtime="20231004 13:43:23.347"/>
</iter>
<iter>
<var name="${key}">password.*pam_unix.so sha512 shadow</var>
<var name="${value}">{if not "without-nullok":nullok} try_first_pass use_authtok remember=12</var>
<kw name="Log" library="BuiltIn">
<arg>${key} : ${value}</arg>
<doc>Logs the given message with the given level.</doc>
<msg timestamp="20231004 13:43:23.347" level="INFO">password.*pam_unix.so sha512 shadow : {if not "without-nullok":nullok} try_first_pass use_authtok remember=12</msg>
<status status="PASS" starttime="20231004 13:43:23.347" endtime="20231004 13:43:23.347"/>
</kw>
<kw name="Get Regexp Matches" library="String">
<var>${matches}</var>
<arg>${password_auth}</arg>
<arg>\\s?${key}\\s?(.*)</arg>
<arg>1</arg>
<doc>Returns a list of all non-overlapping matches in the given string.</doc>
<msg timestamp="20231004 13:43:23.348" level="INFO">${matches} = ['{if not "without-nullok":nullok} use_authtok']</msg>
<status status="PASS" starttime="20231004 13:43:23.347" endtime="20231004 13:43:23.348"/>
</kw>
<kw name="Get Length" library="BuiltIn">
<var>${len}</var>
<arg>${matches}</arg>
<doc>Returns and logs the length of the given item as an integer.</doc>
<msg timestamp="20231004 13:43:23.348" level="INFO">Length is 1</msg>
<msg timestamp="20231004 13:43:23.349" level="INFO">${len} = 1</msg>
<status status="PASS" starttime="20231004 13:43:23.348" endtime="20231004 13:43:23.349"/>
</kw>
<if>
<branch type="IF" condition="${len} &gt; 0">
<kw name="Log" library="BuiltIn">
<arg>Match Found match ${key} : ${matches}</arg>
<doc>Logs the given message with the given level.</doc>
<msg timestamp="20231004 13:43:23.349" level="INFO">Match Found match password.*pam_unix.so sha512 shadow : ['{if not "without-nullok":nullok} use_authtok']</msg>
<status status="PASS" starttime="20231004 13:43:23.349" endtime="20231004 13:43:23.349"/>
</kw>
<kw name="Log" library="BuiltIn">
<arg>${matches[0]}</arg>
<doc>Logs the given message with the given level.</doc>
<msg timestamp="20231004 13:43:23.350" level="INFO">{if not "without-nullok":nullok} use_authtok</msg>
<status status="PASS" starttime="20231004 13:43:23.349" endtime="20231004 13:43:23.350"/>
</kw>
<if>
<branch type="IF" condition="'${value}' == '${matches[0]}'">
<kw name="Log" library="BuiltIn">
<arg>${key} Configured as expected</arg>
<doc>Logs the given message with the given level.</doc>
<status status="NOT RUN" starttime="20231004 13:43:23.351" endtime="20231004 13:43:23.351"/>
</kw>
<status status="NOT RUN" starttime="20231004 13:43:23.350" endtime="20231004 13:43:23.351"/>
</branch>
<branch type="ELSE">
<kw name="Log" library="BuiltIn">
<arg>${key} Not configured as expected</arg>
<doc>Logs the given message with the given level.</doc>
<msg timestamp="20231004 13:43:23.353" level="INFO">password.*pam_unix.so sha512 shadow Not configured as expected</msg>
<status status="PASS" starttime="20231004 13:43:23.352" endtime="20231004 13:43:23.353"/>
</kw>
<kw name="Append To List" library="Collections">
<arg>${error_list}</arg>
<arg>${key}</arg>
<doc>Adds ``values`` to the end of ``list``.</doc>
<status status="PASS" starttime="20231004 13:43:23.353" endtime="20231004 13:43:23.353"/>
</kw>
<status status="PASS" starttime="20231004 13:43:23.352" endtime="20231004 13:43:23.353"/>
</branch>
<status status="PASS" starttime="20231004 13:43:23.350" endtime="20231004 13:43:23.353"/>
</if>
<status status="PASS" starttime="20231004 13:43:23.349" endtime="20231004 13:43:23.353"/>
</branch>
<branch type="ELSE">
<kw name="Log" library="BuiltIn">
<arg>No Match found for : ${key}</arg>
<doc>Logs the given message with the given level.</doc>
<status status="NOT RUN" starttime="20231004 13:43:23.353" endtime="20231004 13:43:23.354"/>
</kw>
<kw name="Append To List" library="Collections">
<arg>${error_list}</arg>
<arg>${key}</arg>
<doc>Adds ``values`` to the end of ``list``.</doc>
<status status="NOT RUN" starttime="20231004 13:43:23.354" endtime="20231004 13:43:23.354"/>
</kw>
<status status="NOT RUN" starttime="20231004 13:43:23.353" endtime="20231004 13:43:23.354"/>
</branch>
<status status="PASS" starttime="20231004 13:43:23.349" endtime="20231004 13:43:23.354"/>
</if>
<status status="PASS" starttime="20231004 13:43:23.347" endtime="20231004 13:43:23.354"/>
</iter>
<status status="PASS" starttime="20231004 13:43:23.332" endtime="20231004 13:43:23.354"/>
</for>
<kw name="Log" library="BuiltIn">
<arg>${error_list}</arg>
<doc>Logs the given message with the given level.</doc>
<msg timestamp="20231004 13:43:23.355" level="INFO">['auth.*pam_unix.so', 'password.*pam_pwquality.so', 'password.*pam_unix.so sha512 shadow']</msg>
<status status="PASS" starttime="20231004 13:43:23.354" endtime="20231004 13:43:23.355"/>
</kw>
<kw name="Should Be Empty" library="BuiltIn">
<arg>${error_list}</arg>
<arg>Errors found in the following modules ${error_list}</arg>
<doc>Verifies that the given item is empty.</doc>
<msg timestamp="20231004 13:43:23.356" level="INFO">Length is 3</msg>
<msg timestamp="20231004 13:43:23.356" level="FAIL">Errors found in the following modules ['auth.*pam_unix.so', 'password.*pam_pwquality.so', 'password.*pam_unix.so sha512 shadow']</msg>
<status status="FAIL" starttime="20231004 13:43:23.356" endtime="20231004 13:43:23.356"/>
</kw>
<doc>Read the /etc/authselect/custom/sssd-vf/system-auth file
and check that the values have been modified the check takes a dict with
the module search string and the expected configuration as a k,v Pairs
the check then searches the file for the key and evaluates the value</doc>
<status status="FAIL" starttime="20231004 13:43:23.321" endtime="20231004 13:43:23.357">Errors found in the following modules ['auth.*pam_unix.so', 'password.*pam_pwquality.so', 'password.*pam_unix.so sha512 shadow']</status>
</test>
<test id="s1-s1-t8" name="Verify that faillock.conf has been modifed" line="158">
<kw name="Step. View the file /etc/security/faillock.conf" library="keywords" sourcename="Step. ${message}">
<doc>Simple Keyword to store text which will be added to
test case Docx as instruction/guidance steps to inform reader in the
tets procesdures</doc>
<kw name="Log" library="BuiltIn">
<arg>${message}</arg>
<doc>Logs the given message with the given level.</doc>
<msg timestamp="20231004 13:43:23.361" level="INFO">View the file /etc/security/faillock.conf</msg>
<status status="PASS" starttime="20231004 13:43:23.361" endtime="20231004 13:43:23.361"/>
</kw>
<status status="PASS" starttime="20231004 13:43:23.360" endtime="20231004 13:43:23.361"/>
</kw>
<kw name="Step. Verify that the 'fail_interval' is set to '1800'" library="keywords" sourcename="Step. ${message}">
<doc>Simple Keyword to store text which will be added to
test case Docx as instruction/guidance steps to inform reader in the
tets procesdures</doc>
<kw name="Log" library="BuiltIn">
<arg>${message}</arg>
<doc>Logs the given message with the given level.</doc>
<msg timestamp="20231004 13:43:23.362" level="INFO">Verify that the 'fail_interval' is set to '1800'</msg>
<status status="PASS" starttime="20231004 13:43:23.362" endtime="20231004 13:43:23.362"/>
</kw>
<status status="PASS" starttime="20231004 13:43:23.361" endtime="20231004 13:43:23.363"/>
</kw>
<kw name="Create Dictionary" library="BuiltIn">
<var>${dict}</var>
<arg>fail_interval=1800</arg>
<doc>Creates and returns a dictionary based on the given ``items``.</doc>
<msg timestamp="20231004 13:43:23.364" level="INFO">${dict} = {'fail_interval': '1800'}</msg>
<status status="PASS" starttime="20231004 13:43:23.363" endtime="20231004 13:43:23.364"/>
</kw>
<kw name="Set Variable" library="BuiltIn">
<var>${file_path}</var>
<arg>/etc/security/faillock.conf</arg>
<doc>Returns the given values which can then be assigned to a variables.</doc>
<msg timestamp="20231004 13:43:23.364" level="INFO">${file_path} = /etc/security/faillock.conf</msg>
<status status="PASS" starttime="20231004 13:43:23.364" endtime="20231004 13:43:23.364"/>
</kw>
<kw name="Get Regexp Matches For Key Value Pairs in File" library="keywords">
<arg>${dict}</arg>
<arg>${file_path}</arg>
<doc>Iterates through Dict and searches for Key,Value pairs in file</doc>
<kw name="Log" library="BuiltIn">
<arg>${dict}</arg>
<doc>Logs the given message with the given level.</doc>
<msg timestamp="20231004 13:43:23.365" level="INFO">{'fail_interval': '1800'}</msg>
<status status="PASS" starttime="20231004 13:43:23.365" endtime="20231004 13:43:23.366"/>
</kw>
<kw name="Log" library="BuiltIn">
<arg>${file_path}</arg>
<doc>Logs the given message with the given level.</doc>
<msg timestamp="20231004 13:43:23.366" level="INFO">/etc/security/faillock.conf</msg>
<status status="PASS" starttime="20231004 13:43:23.366" endtime="20231004 13:43:23.366"/>
</kw>
<kw name="Get File" library="OperatingSystem">
<var>${file}</var>
<arg>${file_path}</arg>
<doc>Returns the contents of a specified file.</doc>
<msg timestamp="20231004 13:43:23.367" level="INFO" html="true">Getting file '&lt;a href="file:///etc/security/faillock.conf"&gt;/etc/security/faillock.conf&lt;/a&gt;'.</msg>
<msg timestamp="20231004 13:43:23.367" level="INFO">${file} = # Configuration for locking the user after multiple failed
# authentication attempts.
#
# The directory where the user files with the failure records are kept.
# The default is /var/run/faillock.
# di...</msg>
<status status="PASS" starttime="20231004 13:43:23.366" endtime="20231004 13:43:23.367"/>
</kw>
<kw name="Create List" library="BuiltIn">
<var>${errors_list}</var>
<doc>Returns a list containing given items.</doc>
<msg timestamp="20231004 13:43:23.367" level="INFO">${errors_list} = []</msg>
<status status="PASS" starttime="20231004 13:43:23.367" endtime="20231004 13:43:23.367"/>
</kw>
<for flavor="IN">
<var>${key}</var>
<var>${value}</var>
<value>&amp;{dict}</value>
<iter>
<var name="${key}">fail_interval</var>
<var name="${value}">1800</var>
<kw name="Get Regexp Matches" library="String">
<var>${match}</var>
<arg>${file}</arg>
<arg>(?m)^\\s?${key}\\s*=?\\s?(-?\\d+)</arg>
<arg>1</arg>
<doc>Returns a list of all non-overlapping matches in the given string.</doc>
<msg timestamp="20231004 13:43:23.369" level="INFO">${match} = []</msg>
<status status="PASS" starttime="20231004 13:43:23.368" endtime="20231004 13:43:23.369"/>
</kw>
<kw name="Get Length" library="BuiltIn">
<var>${number_of_results}</var>
<arg>${match}</arg>
<doc>Returns and logs the length of the given item as an integer.</doc>
<msg timestamp="20231004 13:43:23.369" level="INFO">Length is 0</msg>
<msg timestamp="20231004 13:43:23.370" level="INFO">${number_of_results} = 0</msg>
<status status="PASS" starttime="20231004 13:43:23.369" endtime="20231004 13:43:23.370"/>
</kw>
<if>
<branch type="IF" condition="${number_of_results} &gt; 0">
<kw name="Set Variable If" library="BuiltIn">
<var>${match_val}</var>
<arg>${match[0]}</arg>
<arg>${match[0]}</arg>
<doc>Sets variable based on the given condition.</doc>
<status status="NOT RUN" starttime="20231004 13:43:23.370" endtime="20231004 13:43:23.371"/>
</kw>
<kw name="Run Keyword And Ignore Error" library="BuiltIn">
<var>${status}</var>
<var>${status_message}</var>
<arg>Should Be Equal As Integers</arg>
<arg>${match_val}</arg>
<arg>${value}</arg>
<doc>Runs the given keyword with the given arguments and ignores possible error.</doc>
<status status="NOT RUN" starttime="20231004 13:43:23.371" endtime="20231004 13:43:23.371"/>
</kw>
<kw name="Run Keyword If" library="BuiltIn">
<arg>'${status}' != 'PASS'</arg>
<arg>Append To List</arg>
<arg>${errors_list}</arg>
<arg>${key}</arg>
<doc>Runs the given keyword with the given arguments, if ``condition`` is true.</doc>
<status status="NOT RUN" starttime="20231004 13:43:23.371" endtime="20231004 13:43:23.371"/>
</kw>
<status status="NOT RUN" starttime="20231004 13:43:23.370" endtime="20231004 13:43:23.371"/>
</branch>
<branch type="ELSE">
<kw name="Append To List" library="Collections">
<arg>${errors_list}</arg>
<arg>${key}</arg>
<doc>Adds ``values`` to the end of ``list``.</doc>
<status status="PASS" starttime="20231004 13:43:23.371" endtime="20231004 13:43:23.372"/>
</kw>
<status status="PASS" starttime="20231004 13:43:23.371" endtime="20231004 13:43:23.372"/>
</branch>
<status status="PASS" starttime="20231004 13:43:23.370" endtime="20231004 13:43:23.372"/>
</if>
<status status="PASS" starttime="20231004 13:43:23.368" endtime="20231004 13:43:23.372"/>
</iter>
<status status="PASS" starttime="20231004 13:43:23.367" endtime="20231004 13:43:23.372"/>
</for>
<kw name="Should Be Empty" library="BuiltIn">
<arg>${errors_list}</arg>
<arg>Errors found in values for ${errors_list}</arg>
<doc>Verifies that the given item is empty.</doc>
<msg timestamp="20231004 13:43:23.372" level="INFO">Length is 1</msg>
<msg timestamp="20231004 13:43:23.373" level="FAIL">Errors found in values for ['fail_interval']</msg>
<status status="FAIL" starttime="20231004 13:43:23.372" endtime="20231004 13:43:23.373"/>
</kw>
<status status="FAIL" starttime="20231004 13:43:23.365" endtime="20231004 13:43:23.373"/>
</kw>
<doc>We are required to modify the fail_interval to be = 1800 seconds</doc>
<tag>security</tag>
<status status="FAIL" starttime="20231004 13:43:23.359" endtime="20231004 13:43:23.373">Errors found in values for ['fail_interval']</status>
</test>
<test id="s1-s1-t9" name="Verify that pwquality.conf has been modified" line="167">
<kw name="Step. View the file '/etc/security/pwquality.conf'" library="keywords" sourcename="Step. ${message}">
<doc>Simple Keyword to store text which will be added to
test case Docx as instruction/guidance steps to inform reader in the
tets procesdures</doc>
<kw name="Log" library="BuiltIn">
<arg>${message}</arg>
<doc>Logs the given message with the given level.</doc>
<msg timestamp="20231004 13:43:23.377" level="INFO">View the file '/etc/security/pwquality.conf'</msg>
<status status="PASS" starttime="20231004 13:43:23.377" endtime="20231004 13:43:23.377"/>
</kw>
<status status="PASS" starttime="20231004 13:43:23.376" endtime="20231004 13:43:23.377"/>
</kw>
<kw name="Step. Validate that the attributes are assigned the correct values, see above" library="keywords" sourcename="Step. ${message}">
<doc>Simple Keyword to store text which will be added to
test case Docx as instruction/guidance steps to inform reader in the
tets procesdures</doc>
<kw name="Log" library="BuiltIn">
<arg>${message}</arg>
<doc>Logs the given message with the given level.</doc>
<msg timestamp="20231004 13:43:23.378" level="INFO">Validate that the attributes are assigned the correct values, see above</msg>
<status status="PASS" starttime="20231004 13:43:23.378" endtime="20231004 13:43:23.378"/>
</kw>
<status status="PASS" starttime="20231004 13:43:23.378" endtime="20231004 13:43:23.378"/>
</kw>
<kw name="Create Dictionary" library="BuiltIn">
<var>${dict}</var>
<arg>minlen=8</arg>
<arg>dcredit=-1</arg>
<arg>ucredit=-1</arg>
<arg>lcredit=-1</arg>
<arg>ocredit=-1</arg>
<arg>dummy=1</arg>
<doc>Creates and returns a dictionary based on the given ``items``.</doc>
<msg timestamp="20231004 13:43:23.379" level="INFO">${dict} = {'minlen': '8', 'dcredit': '-1', 'ucredit': '-1', 'lcredit': '-1', 'ocredit': '-1', 'dummy': '1'}</msg>
<status status="PASS" starttime="20231004 13:43:23.379" endtime="20231004 13:43:23.379"/>
</kw>
<kw name="Set Variable" library="BuiltIn">
<var>${file_path}</var>
<arg>/etc/security/pwquality.conf</arg>
<doc>Returns the given values which can then be assigned to a variables.</doc>
<msg timestamp="20231004 13:43:23.381" level="INFO">${file_path} = /etc/security/pwquality.conf</msg>
<status status="PASS" starttime="20231004 13:43:23.380" endtime="20231004 13:43:23.381"/>
</kw>
<kw name="Get Regexp Matches For Key Value Pairs in File" library="keywords">
<arg>${dict}</arg>
<arg>${file_path}</arg>
<doc>Iterates through Dict and searches for Key,Value pairs in file</doc>
<kw name="Log" library="BuiltIn">
<arg>${dict}</arg>
<doc>Logs the given message with the given level.</doc>
<msg timestamp="20231004 13:43:23.382" level="INFO">{'minlen': '8', 'dcredit': '-1', 'ucredit': '-1', 'lcredit': '-1', 'ocredit': '-1', 'dummy': '1'}</msg>
<status status="PASS" starttime="20231004 13:43:23.382" endtime="20231004 13:43:23.382"/>
</kw>
<kw name="Log" library="BuiltIn">
<arg>${file_path}</arg>
<doc>Logs the given message with the given level.</doc>
<msg timestamp="20231004 13:43:23.382" level="INFO">/etc/security/pwquality.conf</msg>
<status status="PASS" starttime="20231004 13:43:23.382" endtime="20231004 13:43:23.383"/>
</kw>
<kw name="Get File" library="OperatingSystem">
<var>${file}</var>
<arg>${file_path}</arg>
<doc>Returns the contents of a specified file.</doc>
<msg timestamp="20231004 13:43:23.383" level="INFO" html="true">Getting file '&lt;a href="file:///etc/security/pwquality.conf"&gt;/etc/security/pwquality.conf&lt;/a&gt;'.</msg>
<msg timestamp="20231004 13:43:23.383" level="INFO">${file} = # Configuration for systemwide password quality limits
# Defaults:
#
# Number of characters in the new password that must not be present in the
# old password.
# difok = 1
#
# Minimum acceptable size ...</msg>
<status status="PASS" starttime="20231004 13:43:23.383" endtime="20231004 13:43:23.383"/>
</kw>
<kw name="Create List" library="BuiltIn">
<var>${errors_list}</var>
<doc>Returns a list containing given items.</doc>
<msg timestamp="20231004 13:43:23.384" level="INFO">${errors_list} = []</msg>
<status status="PASS" starttime="20231004 13:43:23.383" endtime="20231004 13:43:23.384"/>
</kw>
<for flavor="IN">
<var>${key}</var>
<var>${value}</var>
<value>&amp;{dict}</value>
<iter>
<var name="${key}">minlen</var>
<var name="${value}">8</var>
<kw name="Get Regexp Matches" library="String">
<var>${match}</var>
<arg>${file}</arg>
<arg>(?m)^\\s?${key}\\s*=?\\s?(-?\\d+)</arg>
<arg>1</arg>
<doc>Returns a list of all non-overlapping matches in the given string.</doc>
<msg timestamp="20231004 13:43:23.385" level="INFO">${match} = []</msg>
<status status="PASS" starttime="20231004 13:43:23.384" endtime="20231004 13:43:23.385"/>
</kw>
<kw name="Get Length" library="BuiltIn">
<var>${number_of_results}</var>
<arg>${match}</arg>
<doc>Returns and logs the length of the given item as an integer.</doc>
<msg timestamp="20231004 13:43:23.386" level="INFO">Length is 0</msg>
<msg timestamp="20231004 13:43:23.386" level="INFO">${number_of_results} = 0</msg>
<status status="PASS" starttime="20231004 13:43:23.385" endtime="20231004 13:43:23.386"/>
</kw>
<if>
<branch type="IF" condition="${number_of_results} &gt; 0">
<kw name="Set Variable If" library="BuiltIn">
<var>${match_val}</var>
<arg>${match[0]}</arg>
<arg>${match[0]}</arg>
<doc>Sets variable based on the given condition.</doc>
<status status="NOT RUN" starttime="20231004 13:43:23.386" endtime="20231004 13:43:23.386"/>
</kw>
<kw name="Run Keyword And Ignore Error" library="BuiltIn">
<var>${status}</var>
<var>${status_message}</var>
<arg>Should Be Equal As Integers</arg>
<arg>${match_val}</arg>
<arg>${value}</arg>
<doc>Runs the given keyword with the given arguments and ignores possible error.</doc>
<status status="NOT RUN" starttime="20231004 13:43:23.387" endtime="20231004 13:43:23.387"/>
</kw>
<kw name="Run Keyword If" library="BuiltIn">
<arg>'${status}' != 'PASS'</arg>
<arg>Append To List</arg>
<arg>${errors_list}</arg>
<arg>${key}</arg>
<doc>Runs the given keyword with the given arguments, if ``condition`` is true.</doc>
<status status="NOT RUN" starttime="20231004 13:43:23.387" endtime="20231004 13:43:23.387"/>
</kw>
<status status="NOT RUN" starttime="20231004 13:43:23.386" endtime="20231004 13:43:23.387"/>
</branch>
<branch type="ELSE">
<kw name="Append To List" library="Collections">
<arg>${errors_list}</arg>
<arg>${key}</arg>
<doc>Adds ``values`` to the end of ``list``.</doc>
<status status="PASS" starttime="20231004 13:43:23.387" endtime="20231004 13:43:23.388"/>
</kw>
<status status="PASS" starttime="20231004 13:43:23.387" endtime="20231004 13:43:23.388"/>
</branch>
<status status="PASS" starttime="20231004 13:43:23.386" endtime="20231004 13:43:23.388"/>
</if>
<status status="PASS" starttime="20231004 13:43:23.384" endtime="20231004 13:43:23.388"/>
</iter>
<iter>
<var name="${key}">dcredit</var>
<var name="${value}">-1</var>
<kw name="Get Regexp Matches" library="String">
<var>${match}</var>
<arg>${file}</arg>
<arg>(?m)^\\s?${key}\\s*=?\\s?(-?\\d+)</arg>
<arg>1</arg>
<doc>Returns a list of all non-overlapping matches in the given string.</doc>
<msg timestamp="20231004 13:43:23.389" level="INFO">${match} = []</msg>
<status status="PASS" starttime="20231004 13:43:23.388" endtime="20231004 13:43:23.389"/>
</kw>
<kw name="Get Length" library="BuiltIn">
<var>${number_of_results}</var>
<arg>${match}</arg>
<doc>Returns and logs the length of the given item as an integer.</doc>
<msg timestamp="20231004 13:43:23.389" level="INFO">Length is 0</msg>
<msg timestamp="20231004 13:43:23.389" level="INFO">${number_of_results} = 0</msg>
<status status="PASS" starttime="20231004 13:43:23.389" endtime="20231004 13:43:23.389"/>
</kw>
<if>
<branch type="IF" condition="${number_of_results} &gt; 0">
<kw name="Set Variable If" library="BuiltIn">
<var>${match_val}</var>
<arg>${match[0]}</arg>
<arg>${match[0]}</arg>
<doc>Sets variable based on the given condition.</doc>
<status status="NOT RUN" starttime="20231004 13:43:23.390" endtime="20231004 13:43:23.390"/>
</kw>
<kw name="Run Keyword And Ignore Error" library="BuiltIn">
<var>${status}</var>
<var>${status_message}</var>
<arg>Should Be Equal As Integers</arg>
<arg>${match_val}</arg>
<arg>${value}</arg>
<doc>Runs the given keyword with the given arguments and ignores possible error.</doc>
<status status="NOT RUN" starttime="20231004 13:43:23.390" endtime="20231004 13:43:23.390"/>
</kw>
<kw name="Run Keyword If" library="BuiltIn">
<arg>'${status}' != 'PASS'</arg>
<arg>Append To List</arg>
<arg>${errors_list}</arg>
<arg>${key}</arg>
<doc>Runs the given keyword with the given arguments, if ``condition`` is true.</doc>
<status status="NOT RUN" starttime="20231004 13:43:23.390" endtime="20231004 13:43:23.390"/>
</kw>
<status status="NOT RUN" starttime="20231004 13:43:23.389" endtime="20231004 13:43:23.390"/>
</branch>
<branch type="ELSE">
<kw name="Append To List" library="Collections">
<arg>${errors_list}</arg>
<arg>${key}</arg>
<doc>Adds ``values`` to the end of ``list``.</doc>
<status status="PASS" starttime="20231004 13:43:23.390" endtime="20231004 13:43:23.391"/>
</kw>
<status status="PASS" starttime="20231004 13:43:23.390" endtime="20231004 13:43:23.391"/>
</branch>
<status status="PASS" starttime="20231004 13:43:23.389" endtime="20231004 13:43:23.391"/>
</if>
<status status="PASS" starttime="20231004 13:43:23.388" endtime="20231004 13:43:23.391"/>
</iter>
<iter>
<var name="${key}">ucredit</var>
<var name="${value}">-1</var>
<kw name="Get Regexp Matches" library="String">
<var>${match}</var>
<arg>${file}</arg>
<arg>(?m)^\\s?${key}\\s*=?\\s?(-?\\d+)</arg>
<arg>1</arg>
<doc>Returns a list of all non-overlapping matches in the given string.</doc>
<msg timestamp="20231004 13:43:23.393" level="INFO">${match} = []</msg>
<status status="PASS" starttime="20231004 13:43:23.391" endtime="20231004 13:43:23.393"/>
</kw>
<kw name="Get Length" library="BuiltIn">
<var>${number_of_results}</var>
<arg>${match}</arg>
<doc>Returns and logs the length of the given item as an integer.</doc>
<msg timestamp="20231004 13:43:23.393" level="INFO">Length is 0</msg>
<msg timestamp="20231004 13:43:23.393" level="INFO">${number_of_results} = 0</msg>
<status status="PASS" starttime="20231004 13:43:23.393" endtime="20231004 13:43:23.393"/>
</kw>
<if>
<branch type="IF" condition="${number_of_results} &gt; 0">
<kw name="Set Variable If" library="BuiltIn">
<var>${match_val}</var>
<arg>${match[0]}</arg>
<arg>${match[0]}</arg>
<doc>Sets variable based on the given condition.</doc>
<status status="NOT RUN" starttime="20231004 13:43:23.394" endtime="20231004 13:43:23.394"/>
</kw>
<kw name="Run Keyword And Ignore Error" library="BuiltIn">
<var>${status}</var>
<var>${status_message}</var>
<arg>Should Be Equal As Integers</arg>
<arg>${match_val}</arg>
<arg>${value}</arg>
<doc>Runs the given keyword with the given arguments and ignores possible error.</doc>
<status status="NOT RUN" starttime="20231004 13:43:23.394" endtime="20231004 13:43:23.394"/>
</kw>
<kw name="Run Keyword If" library="BuiltIn">
<arg>'${status}' != 'PASS'</arg>
<arg>Append To List</arg>
<arg>${errors_list}</arg>
<arg>${key}</arg>
<doc>Runs the given keyword with the given arguments, if ``condition`` is true.</doc>
<status status="NOT RUN" starttime="20231004 13:43:23.394" endtime="20231004 13:43:23.394"/>
</kw>
<status status="NOT RUN" starttime="20231004 13:43:23.393" endtime="20231004 13:43:23.394"/>
</branch>
<branch type="ELSE">
<kw name="Append To List" library="Collections">
<arg>${errors_list}</arg>
<arg>${key}</arg>
<doc>Adds ``values`` to the end of ``list``.</doc>
<status status="PASS" starttime="20231004 13:43:23.394" endtime="20231004 13:43:23.395"/>
</kw>
<status status="PASS" starttime="20231004 13:43:23.394" endtime="20231004 13:43:23.395"/>
</branch>
<status status="PASS" starttime="20231004 13:43:23.393" endtime="20231004 13:43:23.395"/>
</if>
<status status="PASS" starttime="20231004 13:43:23.391" endtime="20231004 13:43:23.395"/>
</iter>
<iter>
<var name="${key}">lcredit</var>
<var name="${value}">-1</var>
<kw name="Get Regexp Matches" library="String">
<var>${match}</var>
<arg>${file}</arg>
<arg>(?m)^\\s?${key}\\s*=?\\s?(-?\\d+)</arg>
<arg>1</arg>
<doc>Returns a list of all non-overlapping matches in the given string.</doc>
<msg timestamp="20231004 13:43:23.396" level="INFO">${match} = []</msg>
[...]
</kw>
<kw name="Step. Verify the value is set to true" library="keywords" sourcename="Step. ${message}">
<doc>Simple Keyword to store text which will be added to
test case Docx as instruction/guidance steps to inform reader in the
tets procesdures</doc>
<kw name="Log" library="BuiltIn">
<arg>${message}</arg>
<doc>Logs the given message with the given level.</doc>
<msg timestamp="20231004 13:43:24.643" level="INFO">Verify the value is set to true</msg>
<status status="PASS" starttime="20231004 13:43:24.643" endtime="20231004 13:43:24.644"/>
</kw>
<status status="PASS" starttime="20231004 13:43:24.643" endtime="20231004 13:43:24.644"/>
</kw>
<kw name="Check NCS Config Against String Value" library="ncs.keywords">
<arg>ha/enabled</arg>
<arg>true</arg>
<kw name="Get Element Text" library="XML">
<var>${xml}</var>
<arg>${NCS_CONF_PATH}</arg>
<arg>${xpath}</arg>
<doc>Returns all text of the element, possibly whitespace normalized.</doc>
<msg timestamp="20231004 13:43:24.645" level="FAIL">No element matching 'ha/enabled' found.</msg>
<status status="FAIL" starttime="20231004 13:43:24.644" endtime="20231004 13:43:24.646"/>
</kw>
<kw name="Should Contain" library="BuiltIn">
<arg>${xml}</arg>
<arg>${expected_output}</arg>
<doc>Fails if ``container`` does not contain ``item`` one or more times.</doc>
<status status="NOT RUN" starttime="20231004 13:43:24.646" endtime="20231004 13:43:24.646"/>
</kw>
<status status="FAIL" starttime="20231004 13:43:24.644" endtime="20231004 13:43:24.646"/>
</kw>
<doc>Verify that High-Availability is enabled in the ncs.conf file</doc>
<tag>nso</tag>
<status status="FAIL" starttime="20231004 13:43:24.639" endtime="20231004 13:43:24.646">No element matching 'ha/enabled' found.</status>
</test>
<doc>The following tests validate that the /etc/ncs/ncs.conf file has
been correctly configured with the required values. The faile can be viewed
by accessing the server and simply using the commands:
- cat /etc/ncs/ncs.conf
- more /etc/ncs/ncs.conf</doc>
<status status="FAIL" starttime="20231004 13:43:24.545" endtime="20231004 13:43:24.648"/>
</suite>
<suite id="s1-s4" name="NSO Configuration (Running Config) Validation" source="/mnt/vm-shared/robot-dev/rhel-dev/nso_configuration.robot">
<test id="s1-s4-t1" name="Is the NSO Service (NCS) Running" line="28">
<kw name="Step. Run the command 'systemctl is-active ncs'" library="keywords" sourcename="Step. ${message}">
<doc>Simple Keyword to store text which will be added to
test case Docx as instruction/guidance steps to inform reader in the
tets procesdures</doc>
<kw name="Log" library="BuiltIn">
<arg>${message}</arg>
<doc>Logs the given message with the given level.</doc>
<msg timestamp="20231004 13:43:24.669" level="INFO">Run the command 'systemctl is-active ncs'</msg>
<status status="PASS" starttime="20231004 13:43:24.669" endtime="20231004 13:43:24.669"/>
</kw>
<status status="PASS" starttime="20231004 13:43:24.668" endtime="20231004 13:43:24.669"/>
</kw>
<kw name="Step. Verify that the NCS process is active" library="keywords" sourcename="Step. ${message}">
<doc>Simple Keyword to store text which will be added to
test case Docx as instruction/guidance steps to inform reader in the
tets procesdures</doc>
<kw name="Log" library="BuiltIn">
<arg>${message}</arg>
<doc>Logs the given message with the given level.</doc>
<msg timestamp="20231004 13:43:24.670" level="INFO">Verify that the NCS process is active</msg>
<status status="PASS" starttime="20231004 13:43:24.670" endtime="20231004 13:43:24.670"/>
</kw>
<status status="PASS" starttime="20231004 13:43:24.669" endtime="20231004 13:43:24.670"/>
</kw>
<kw name="Run" library="OperatingSystem">
<var>${status}</var>
<arg>systemctl is-active ncs</arg>
<doc>Runs the given command in the system and returns the output.</doc>
<msg timestamp="20231004 13:43:24.674" level="INFO">Running command 'systemctl is-active ncs 2&gt;&amp;1'.</msg>
<msg timestamp="20231004 13:43:24.689" level="INFO">${status} = active</msg>
<status status="PASS" starttime="20231004 13:43:24.671" endtime="20231004 13:43:24.690"/>
</kw>
<kw name="Set Variable" library="BuiltIn">
<var>${expected_output}</var>
<arg>active</arg>
<doc>Returns the given values which can then be assigned to a variables.</doc>
<msg timestamp="20231004 13:43:24.691" level="INFO">${expected_output} = active</msg>
<status status="PASS" starttime="20231004 13:43:24.690" endtime="20231004 13:43:24.691"/>
</kw>
<kw name="Should Be Equal" library="BuiltIn">
<arg>${status}</arg>
<arg>${expected_output}</arg>
<doc>Fails if the given objects are unequal.</doc>
<status status="PASS" starttime="20231004 13:43:24.691" endtime="20231004 13:43:24.692"/>
</kw>
<doc>We need to verify that the service is running
this test will run the command 'systemctl is-active ncs' and parse the response
test passes if the response is 'actve' any other response will fail
if the test fails, enable the service using the 'systemctl start ncs' command</doc>
<status status="PASS" starttime="20231004 13:43:24.667" endtime="20231004 13:43:24.693"/>
</test>
<test id="s1-s4-t2" name="Is the NSO service (NCS) enabled on boot" line="40">
<kw name="Step. Run the command 'systemctl is-enabled ncs'" library="keywords" sourcename="Step. ${message}">
<doc>Simple Keyword to store text which will be added to
test case Docx as instruction/guidance steps to inform reader in the
tets procesdures</doc>
<kw name="Log" library="BuiltIn">
<arg>${message}</arg>
<doc>Logs the given message with the given level.</doc>
<msg timestamp="20231004 13:43:24.696" level="INFO">Run the command 'systemctl is-enabled ncs'</msg>
<status status="PASS" starttime="20231004 13:43:24.696" endtime="20231004 13:43:24.696"/>
</kw>
<status status="PASS" starttime="20231004 13:43:24.696" endtime="20231004 13:43:24.697"/>
</kw>
<kw name="Step. Verify that the NCS process is Enabled for auto-start" library="keywords" sourcename="Step. ${message}">
<doc>Simple Keyword to store text which will be added to
test case Docx as instruction/guidance steps to inform reader in the
tets procesdures</doc>
<kw name="Log" library="BuiltIn">
<arg>${message}</arg>
<doc>Logs the given message with the given level.</doc>
<msg timestamp="20231004 13:43:24.698" level="INFO">Verify that the NCS process is Enabled for auto-start</msg>
<status status="PASS" starttime="20231004 13:43:24.698" endtime="20231004 13:43:24.699"/>
</kw>
<status status="PASS" starttime="20231004 13:43:24.698" endtime="20231004 13:43:24.699"/>
</kw>
<kw name="Run" library="OperatingSystem">
<var>${status}</var>
<arg>systemctl is-enabled ncs</arg>
<doc>Runs the given command in the system and returns the output.</doc>
<msg timestamp="20231004 13:43:24.703" level="INFO">Running command 'systemctl is-enabled ncs 2&gt;&amp;1'.</msg>
<msg timestamp="20231004 13:43:24.722" level="INFO">${status} = ncs.service is not a native service, redirecting to systemd-sysv-install.
Executing: /usr/lib/systemd/systemd-sysv-install is-enabled ncs
enabled</msg>
<status status="PASS" starttime="20231004 13:43:24.699" endtime="20231004 13:43:24.722"/>
</kw>
<kw name="Set Variable" library="BuiltIn">
<var>${expected_output}</var>
<arg>enabled</arg>
<doc>Returns the given values which can then be assigned to a variables.</doc>
<msg timestamp="20231004 13:43:24.723" level="INFO">${expected_output} = enabled</msg>
<status status="PASS" starttime="20231004 13:43:24.723" endtime="20231004 13:43:24.723"/>
</kw>
<kw name="Should Contain" library="BuiltIn">
<arg>${status}</arg>
<arg>${expected_output}</arg>
<doc>Fails if ``container`` does not contain ``item`` one or more times.</doc>
<status status="PASS" starttime="20231004 13:43:24.724" endtime="20231004 13:43:24.724"/>
</kw>
<doc>Insatlling NSO doesn't automatically enable the service to persistantly start on reboot
one the system has been deployed we need to ensure that the service will auto restart if the servers is
rebooted. The test will verify using the 'systemct is-enabled ncs' command if the repsonse includes the string
'enabled' the test passes, if the match is not fouund the test will fail.

If the test fails enable the service using the command 'systemctl enable ncs' and re-run the test</doc>
<status status="PASS" starttime="20231004 13:43:24.694" endtime="20231004 13:43:24.725"/>
</test>
<test id="s1-s4-t3" name="Extract the NSO Application Config" line="54">
<kw name="Run" library="OperatingSystem">
<var>${user}</var>
<arg>whoami</arg>
<doc>Runs the given command in the system and returns the output.</doc>
<msg timestamp="20231004 13:43:24.731" level="INFO">Running command 'whoami 2&gt;&amp;1'.</msg>
<msg timestamp="20231004 13:43:24.738" level="INFO">${user} = root</msg>
<status status="PASS" starttime="20231004 13:43:24.728" endtime="20231004 13:43:24.738"/>
</kw>
<kw name="Run" library="OperatingSystem">
<var>${groups}</var>
<arg>groups</arg>
<doc>Runs the given command in the system and returns the output.</doc>
<msg timestamp="20231004 13:43:24.742" level="INFO">Running command 'groups 2&gt;&amp;1'.</msg>
<msg timestamp="20231004 13:43:24.748" level="INFO">${groups} = root ncsadmin</msg>
<status status="PASS" starttime="20231004 13:43:24.739" endtime="20231004 13:43:24.748"/>
</kw>
<kw name="Should Contain" library="BuiltIn">
<arg>${groups}</arg>
<arg>ncsadmin</arg>
<doc>Fails if ``container`` does not contain ``item`` one or more times.</doc>
<status status="PASS" starttime="20231004 13:43:24.750" endtime="20231004 13:43:24.751"/>
</kw>
<kw name="Run" library="OperatingSystem">
<var>${ncs_conf_file}</var>
<arg>ncs_cli -C -u ncsadmin &lt;&lt;&lt; "show running-config | display xml"</arg>
<doc>Runs the given command in the system and returns the output.</doc>
<msg timestamp="20231004 13:43:24.754" level="INFO">Running command 'ncs_cli -C -u ncsadmin &lt;&lt;&lt; "show running-config | display xml" 2&gt;&amp;1'.</msg>
<msg timestamp="20231004 13:43:24.872" level="INFO">${ncs_conf_file} = &lt;config xmlns="http://tail-f.com/ns/config/1.0"&gt;
  &lt;devices xmlns="http://tail-f.com/ns/ncs"&gt;
    &lt;global-settings&gt;
      &lt;trace-dir&gt;/var/log/ncs&lt;/trace-dir&gt;
    &lt;/global-settings&gt;
    &lt;authgroups&gt;
  ...</msg>
<status status="PASS" starttime="20231004 13:43:24.751" endtime="20231004 13:43:24.872"/>
</kw>
<kw name="Set Suite Variable" library="BuiltIn">
<arg>${NCS_CONF}</arg>
<arg>${ncs_conf_file}</arg>
<doc>Makes a variable available everywhere within the scope of the current suite.</doc>
<msg timestamp="20231004 13:43:24.874" level="INFO">${NCS_CONF} = &lt;config xmlns="http://tail-f.com/ns/config/1.0"&gt;
  &lt;devices xmlns="http://tail-f.com/ns/ncs"&gt;
    &lt;global-settings&gt;
      &lt;trace-dir&gt;/var/log/ncs&lt;/trace-dir&gt;
    &lt;/global-settings&gt;
    &lt;authgroups&gt;
  ...</msg>
<status status="PASS" starttime="20231004 13:43:24.873" endtime="20231004 13:43:24.874"/>
</kw>
<kw name="Set Variable" library="BuiltIn">
<var>${xpath}</var>
<arg>devices/global-settings/</arg>
<doc>Returns the given values which can then be assigned to a variables.</doc>
<msg timestamp="20231004 13:43:24.875" level="INFO">${xpath} = devices/global-settings/</msg>
<status status="PASS" starttime="20231004 13:43:24.875" endtime="20231004 13:43:24.875"/>
</kw>
<kw name="Search XPATH against NCS_CONF">
<var>${response}</var>
<arg>${xpath}</arg>
<doc>Searches through the NCS_CONF Suite variable for a given
xpath and returns the result(s) as a list.</doc>
<kw name="Get Elements Texts" library="XML">
<var>${response}</var>
<arg>${NCS_CONF}</arg>
<arg>${xpath}</arg>
<doc>Returns text of all elements matching ``xpath`` as a list.</doc>
<msg timestamp="20231004 13:43:24.880" level="INFO">${response} = ['/var/log/ncs']</msg>
<status status="PASS" starttime="20231004 13:43:24.877" endtime="20231004 13:43:24.880"/>
</kw>
<return>
<value>${response}</value>
<status status="PASS" starttime="20231004 13:43:24.880" endtime="20231004 13:43:24.880"/>
</return>
<msg timestamp="20231004 13:43:24.880" level="INFO">${response} = ['/var/log/ncs']</msg>
<status status="PASS" starttime="20231004 13:43:24.876" endtime="20231004 13:43:24.880"/>
</kw>
<kw name="Should Not Be Empty" library="BuiltIn">
<arg>${response}</arg>
<doc>Verifies that the given item is not empty.</doc>
<msg timestamp="20231004 13:43:24.881" level="INFO">Length is 1</msg>
<status status="PASS" starttime="20231004 13:43:24.881" endtime="20231004 13:43:24.881"/>
</kw>
<kw name="Log" library="BuiltIn">
<arg>Successfully Imported NCS_CONF</arg>
<doc>Logs the given message with the given level.</doc>
<msg timestamp="20231004 13:43:24.882" level="INFO">Successfully Imported NCS_CONF</msg>
<status status="PASS" starttime="20231004 13:43:24.882" endtime="20231004 13:43:24.882"/>
</kw>
<doc>The NSO application config will be extarcted to a local file
and the subsequent test will be executed against this file.
If the test is unable to retrieve the configuration run the command
"show running-config | display xml | save ncs_config.xml" and move the file
the test folder, the script will attempt to load a file if the extarction fails
as a fallback, make sure the file is recent

The test will also validate that the test user has the neccesary group
permissions needed to execute the test, if it fails add the ncsadmin group
to the user 'usermod -a -G ncsadmin test_user'</doc>
<status status="PASS" starttime="20231004 13:43:24.726" endtime="20231004 13:43:24.883"/>
</test>
<test id="s1-s4-t4" name="Verify High-Availability is operational" line="79">
<kw name="Step. Run the command 'show ncs-state ha'" library="keywords" sourcename="Step. ${message}">
<doc>Simple Keyword to store text which will be added to
test case Docx as instruction/guidance steps to inform reader in the
tets procesdures</doc>
<kw name="Log" library="BuiltIn">
<arg>${message}</arg>
<doc>Logs the given message with the given level.</doc>
<msg timestamp="20231004 13:43:24.888" level="INFO">Run the command 'show ncs-state ha'</msg>
<status status="PASS" starttime="20231004 13:43:24.887" endtime="20231004 13:43:24.888"/>
</kw>
<status status="PASS" starttime="20231004 13:43:24.887" endtime="20231004 13:43:24.888"/>
</kw>
<kw name="Step. Verify that the high-avaialbaility status is enabled" library="keywords" sourcename="Step. ${message}">
<doc>Simple Keyword to store text which will be added to
test case Docx as instruction/guidance steps to inform reader in the
tets procesdures</doc>
<kw name="Log" library="BuiltIn">
<arg>${message}</arg>
<doc>Logs the given message with the given level.</doc>
<msg timestamp="20231004 13:43:24.889" level="INFO">Verify that the high-avaialbaility status is enabled</msg>
<status status="PASS" starttime="20231004 13:43:24.889" endtime="20231004 13:43:24.889"/>
</kw>
<status status="PASS" starttime="20231004 13:43:24.888" endtime="20231004 13:43:24.889"/>
</kw>
<kw name="Step. Verify that the output shows that the high-availability nodes are listed (master and Slave)" library="keywords" sourcename="Step. ${message}">
<doc>Simple Keyword to store text which will be added to
test case Docx as instruction/guidance steps to inform reader in the
tets procesdures</doc>
<kw name="Log" library="BuiltIn">
<arg>${message}</arg>
<doc>Logs the given message with the given level.</doc>
<msg timestamp="20231004 13:43:24.890" level="INFO">Verify that the output shows that the high-availability nodes are listed (master and Slave)</msg>
<status status="PASS" starttime="20231004 13:43:24.890" endtime="20231004 13:43:24.890"/>
</kw>
<status status="PASS" starttime="20231004 13:43:24.890" endtime="20231004 13:43:24.891"/>
</kw>
<kw name="Skip" library="BuiltIn">
<arg>TODO Create Test</arg>
<doc>Skips the rest of the current test.</doc>
<msg timestamp="20231004 13:43:24.891" level="SKIP">TODO Create Test</msg>
<status status="SKIP" starttime="20231004 13:43:24.891" endtime="20231004 13:43:24.891"/>
</kw>
<doc>Verify that High-Availability is operational by running the
command 'show ncs-state ha' and 'show high-availbility' if the state
returns errors the high-availbility is not configured correctly and
needs to be modified and re-verified.</doc>
<tag>nso</tag>
<status status="SKIP" starttime="20231004 13:43:24.885" endtime="20231004 13:43:24.892">TODO Create Test</status>
</test>
<test id="s1-s4-t5" name="Verify that the T-SDN Packages are installed in NSO" line="90">
<kw name="Skip" library="BuiltIn">
<arg>TODO Create Test</arg>
<doc>Skips the rest of the current test.</doc>
<msg timestamp="20231004 13:43:24.896" level="SKIP">TODO Create Test</msg>
<status status="SKIP" starttime="20231004 13:43:24.895" endtime="20231004 13:43:24.896"/>
</kw>
<doc>The CNC integration with NSO requires that the T-SDN Core
Function Pack (CFP) is installed and present. These packages should be
uploaded to the /var/opt/ncs/packages/ folder and then linked to the
/opt/ncs/packages/ directory where the system will load them on application
startup. This test validates the core packages only, add additional test
cases for custom packages validation. If the packages are not found the
test fails. To fix, download the neccesary packages bundle and follow the
CFP install instructions.</doc>
<tag>t-sdn</tag>
<status status="SKIP" starttime="20231004 13:43:24.894" endtime="20231004 13:43:24.896">TODO Create Test</status>
</test>
<test id="s1-s4-t6" name="Verify that the T-SDN startup configurations are loaded" line="103">
<kw name="Skip" library="BuiltIn">
<arg>TODO Create Test</arg>
<doc>Skips the rest of the current test.</doc>
<msg timestamp="20231004 13:43:24.901" level="SKIP">TODO Create Test</msg>
<status status="SKIP" starttime="20231004 13:43:24.900" endtime="20231004 13:43:24.901"/>
</kw>
<doc>In addtion to the T-SDN Core Function Pack packages being
installed the system needs start-up configuration to be loaded into the
system to  operate. These files are provided as XML files in the CFP bundle in the
'config/' folder. Loading these files is achived by using the 'load merge filename.xml'
command</doc>
<tag>t-sdn</tag>
<status status="SKIP" starttime="20231004 13:43:24.898" endtime="20231004 13:43:24.901">TODO Create Test</status>
</test>
<test id="s1-s4-t7" name="Test Load merge" line="112">
<kw name="Skip" library="BuiltIn">
<arg>TODO Create Test</arg>
<doc>Skips the rest of the current test.</doc>
<msg timestamp="20231004 13:43:24.904" level="SKIP">TODO Create Test</msg>
<status status="SKIP" starttime="20231004 13:43:24.904" endtime="20231004 13:43:24.904"/>
</kw>
<doc>Some text</doc>
<status status="SKIP" starttime="20231004 13:43:24.903" endtime="20231004 13:43:24.904">TODO Create Test</status>
</test>
<status status="PASS" starttime="20231004 13:43:24.651" endtime="20231004 13:43:24.906"/>
</suite>
<status status="FAIL" starttime="20231004 13:43:22.654" endtime="20231004 13:43:24.909"/>
</suite>
<statistics>
<total>
<stat pass="21" fail="10" skip="4">All Tests</stat>
</total>
<tag>
<stat pass="1" fail="1" skip="0">dns</stat>
<stat pass="5" fail="2" skip="1">nso</stat>
<stat pass="1" fail="1" skip="0">ntp</stat>
<stat pass="5" fail="2" skip="0">os</stat>
<stat pass="3" fail="0" skip="0">packages</stat>
<stat pass="4" fail="4" skip="0">security</stat>
<stat pass="0" fail="0" skip="2">t-sdn</stat>
</tag>
<suite>
<stat pass="21" fail="10" skip="4" id="s1" name="ATP">ATP</stat>
<stat pass="5" fail="6" skip="0" id="s1-s1" name="NSO Operating System (RHEL) Security Features Validation">ATP.NSO Operating System (RHEL) Security Features Validation</stat>
<stat pass="8" fail="2" skip="0" id="s1-s2" name="NSO Operating System (RHEL) Validations">ATP.NSO Operating System (RHEL) Validations</stat>
<stat pass="5" fail="2" skip="0" id="s1-s3" name="NSO Configuration (ncs.conf) Validations">ATP.NSO Configuration (ncs.conf) Validations</stat>
<stat pass="3" fail="0" skip="4" id="s1-s4" name="NSO Configuration (Running Config) Validation">ATP.NSO Configuration (Running Config) Validation</stat>
</suite>
</statistics>
<errors>
</errors>
</robot>
