<?xml version="1.0" encoding="UTF-8"?>
<robot generator="Robot 6.1.1 (Python 3.9.16 on linux)" generated="20230922 17:39:36.259" rpa="false" schemaversion="4">
<suite id="s1" name="System.V2" source="/git/robot-system-check/rhel-dev/system.v2.robot">
<test id="s1-t1" name="Verify dependency packages are installed" line="29">
<kw name="Set Variable" library="BuiltIn">
<var>${command}</var>
<arg>rpm -q</arg>
<doc>Returns the given values which can then be assigned to a variables.</doc>
<msg timestamp="20230922 17:39:36.323" level="INFO">${command} = rpm -q</msg>
<status status="PASS" starttime="20230922 17:39:36.323" endtime="20230922 17:39:36.323"/>
</kw>
<kw name="Set Variable" library="BuiltIn">
<var>${check_string}</var>
<arg>not installed</arg>
<doc>Returns the given values which can then be assigned to a variables.</doc>
<msg timestamp="20230922 17:39:36.324" level="INFO">${check_string} = not installed</msg>
<status status="PASS" starttime="20230922 17:39:36.324" endtime="20230922 17:39:36.324"/>
</kw>
<kw name="Iterate Over List and Run Command" library="keywords">
<arg>${package_list}</arg>
<arg>${command}</arg>
<arg>${check_string}</arg>
<doc>Iterates through list and runs the provided command, checking that the error string is not in the response</doc>
<kw name="Log" library="BuiltIn">
<arg>${list}</arg>
<arg>DEBUG</arg>
<doc>Logs the given message with the given level.</doc>
<status status="PASS" starttime="20230922 17:39:36.325" endtime="20230922 17:39:36.325"/>
</kw>
<kw name="Create List" library="BuiltIn">
<var>${errors_list}</var>
<doc>Returns a list containing given items.</doc>
<msg timestamp="20230922 17:39:36.326" level="INFO">${errors_list} = []</msg>
<status status="PASS" starttime="20230922 17:39:36.325" endtime="20230922 17:39:36.326"/>
</kw>
<for flavor="IN">
<var>${item}</var>
<value>@{list}</value>
<iter>
<var name="${item}">ant</var>
<kw name="Catenate" library="BuiltIn">
<var>${run_cmd}</var>
<arg>${command}</arg>
<arg>${item}</arg>
<doc>Catenates the given items together and returns the resulted string.</doc>
<msg timestamp="20230922 17:39:36.326" level="INFO">${run_cmd} = rpm -q ant</msg>
<status status="PASS" starttime="20230922 17:39:36.326" endtime="20230922 17:39:36.326"/>
</kw>
<kw name="Log" library="BuiltIn">
<arg>${run_cmd}</arg>
<doc>Logs the given message with the given level.</doc>
<msg timestamp="20230922 17:39:36.327" level="INFO">rpm -q ant</msg>
<status status="PASS" starttime="20230922 17:39:36.326" endtime="20230922 17:39:36.327"/>
</kw>
<kw name="Run" library="OperatingSystem">
<var>${output}</var>
<arg>${run_cmd}</arg>
<doc>Runs the given command in the system and returns the output.</doc>
<msg timestamp="20230922 17:39:36.329" level="INFO">Running command 'rpm -q ant 2&gt;&amp;1'.</msg>
<msg timestamp="20230922 17:39:36.345" level="INFO">${output} = ant-1.10.9-7.el9.noarch</msg>
<status status="PASS" starttime="20230922 17:39:36.327" endtime="20230922 17:39:36.346"/>
</kw>
<kw name="Run Keyword And Ignore Error" library="BuiltIn">
<var>${status}</var>
<var>${status_message}</var>
<arg>Should Not Contain</arg>
<arg>${output}</arg>
<arg>${check_string}</arg>
<doc>Runs the given keyword with the given arguments and ignores possible error.</doc>
<kw name="Should Not Contain" library="BuiltIn">
<arg>${output}</arg>
<arg>${check_string}</arg>
<doc>Fails if ``container`` contains ``item`` one or more times.</doc>
<status status="PASS" starttime="20230922 17:39:36.347" endtime="20230922 17:39:36.347"/>
</kw>
<msg timestamp="20230922 17:39:36.347" level="INFO">${status} = PASS</msg>
<msg timestamp="20230922 17:39:36.347" level="INFO">${status_message} = None</msg>
<status status="PASS" starttime="20230922 17:39:36.346" endtime="20230922 17:39:36.347"/>
</kw>
<kw name="Run Keyword If" library="BuiltIn">
<arg>'${status}' != 'PASS'</arg>
<arg>Append To List</arg>
<arg>${errors_list}</arg>
<arg>${item}</arg>
<doc>Runs the given keyword with the given arguments, if ``condition`` is true.</doc>
<status status="PASS" starttime="20230922 17:39:36.348" endtime="20230922 17:39:36.348"/>
</kw>
<status status="PASS" starttime="20230922 17:39:36.326" endtime="20230922 17:39:36.348"/>
</iter>
<iter>
<var name="${item}">java-11-openjdk</var>
<kw name="Catenate" library="BuiltIn">
<var>${run_cmd}</var>
<arg>${command}</arg>
<arg>${item}</arg>
<doc>Catenates the given items together and returns the resulted string.</doc>
<msg timestamp="20230922 17:39:36.349" level="INFO">${run_cmd} = rpm -q java-11-openjdk</msg>
<status status="PASS" starttime="20230922 17:39:36.348" endtime="20230922 17:39:36.349"/>
</kw>
<kw name="Log" library="BuiltIn">
<arg>${run_cmd}</arg>
<doc>Logs the given message with the given level.</doc>
<msg timestamp="20230922 17:39:36.349" level="INFO">rpm -q java-11-openjdk</msg>
<status status="PASS" starttime="20230922 17:39:36.349" endtime="20230922 17:39:36.349"/>
</kw>
<kw name="Run" library="OperatingSystem">
<var>${output}</var>
<arg>${run_cmd}</arg>
<doc>Runs the given command in the system and returns the output.</doc>
<msg timestamp="20230922 17:39:36.351" level="INFO">Running command 'rpm -q java-11-openjdk 2&gt;&amp;1'.</msg>
<msg timestamp="20230922 17:39:36.366" level="INFO">${output} = java-11-openjdk-11.0.18.0.10-2.el9_1.x86_64</msg>
<status status="PASS" starttime="20230922 17:39:36.349" endtime="20230922 17:39:36.367"/>
</kw>
<kw name="Run Keyword And Ignore Error" library="BuiltIn">
<var>${status}</var>
<var>${status_message}</var>
<arg>Should Not Contain</arg>
<arg>${output}</arg>
<arg>${check_string}</arg>
<doc>Runs the given keyword with the given arguments and ignores possible error.</doc>
<kw name="Should Not Contain" library="BuiltIn">
<arg>${output}</arg>
<arg>${check_string}</arg>
<doc>Fails if ``container`` contains ``item`` one or more times.</doc>
<status status="PASS" starttime="20230922 17:39:36.368" endtime="20230922 17:39:36.368"/>
</kw>
<msg timestamp="20230922 17:39:36.368" level="INFO">${status} = PASS</msg>
<msg timestamp="20230922 17:39:36.368" level="INFO">${status_message} = None</msg>
<status status="PASS" starttime="20230922 17:39:36.367" endtime="20230922 17:39:36.368"/>
</kw>
<kw name="Run Keyword If" library="BuiltIn">
<arg>'${status}' != 'PASS'</arg>
<arg>Append To List</arg>
<arg>${errors_list}</arg>
<arg>${item}</arg>
<doc>Runs the given keyword with the given arguments, if ``condition`` is true.</doc>
<status status="PASS" starttime="20230922 17:39:36.368" endtime="20230922 17:39:36.369"/>
</kw>
<status status="PASS" starttime="20230922 17:39:36.348" endtime="20230922 17:39:36.369"/>
</iter>
<iter>
<var name="${item}">python3</var>
<kw name="Catenate" library="BuiltIn">
<var>${run_cmd}</var>
<arg>${command}</arg>
<arg>${item}</arg>
<doc>Catenates the given items together and returns the resulted string.</doc>
<msg timestamp="20230922 17:39:36.369" level="INFO">${run_cmd} = rpm -q python3</msg>
<status status="PASS" starttime="20230922 17:39:36.369" endtime="20230922 17:39:36.369"/>
</kw>
<kw name="Log" library="BuiltIn">
<arg>${run_cmd}</arg>
<doc>Logs the given message with the given level.</doc>
<msg timestamp="20230922 17:39:36.370" level="INFO">rpm -q python3</msg>
<status status="PASS" starttime="20230922 17:39:36.370" endtime="20230922 17:39:36.370"/>
</kw>
<kw name="Run" library="OperatingSystem">
<var>${output}</var>
<arg>${run_cmd}</arg>
<doc>Runs the given command in the system and returns the output.</doc>
<msg timestamp="20230922 17:39:36.372" level="INFO">Running command 'rpm -q python3 2&gt;&amp;1'.</msg>
<msg timestamp="20230922 17:39:36.387" level="INFO">${output} = python3-3.9.16-1.el9.x86_64</msg>
<status status="PASS" starttime="20230922 17:39:36.370" endtime="20230922 17:39:36.387"/>
</kw>
<kw name="Run Keyword And Ignore Error" library="BuiltIn">
<var>${status}</var>
<var>${status_message}</var>
<arg>Should Not Contain</arg>
<arg>${output}</arg>
<arg>${check_string}</arg>
<doc>Runs the given keyword with the given arguments and ignores possible error.</doc>
<kw name="Should Not Contain" library="BuiltIn">
<arg>${output}</arg>
<arg>${check_string}</arg>
<doc>Fails if ``container`` contains ``item`` one or more times.</doc>
<status status="PASS" starttime="20230922 17:39:36.388" endtime="20230922 17:39:36.388"/>
</kw>
<msg timestamp="20230922 17:39:36.388" level="INFO">${status} = PASS</msg>
<msg timestamp="20230922 17:39:36.388" level="INFO">${status_message} = None</msg>
<status status="PASS" starttime="20230922 17:39:36.387" endtime="20230922 17:39:36.389"/>
</kw>
<kw name="Run Keyword If" library="BuiltIn">
<arg>'${status}' != 'PASS'</arg>
<arg>Append To List</arg>
<arg>${errors_list}</arg>
<arg>${item}</arg>
<doc>Runs the given keyword with the given arguments, if ``condition`` is true.</doc>
<status status="PASS" starttime="20230922 17:39:36.389" endtime="20230922 17:39:36.389"/>
</kw>
<status status="PASS" starttime="20230922 17:39:36.369" endtime="20230922 17:39:36.389"/>
</iter>
<iter>
<var name="${item}">openssl</var>
<kw name="Catenate" library="BuiltIn">
<var>${run_cmd}</var>
<arg>${command}</arg>
<arg>${item}</arg>
<doc>Catenates the given items together and returns the resulted string.</doc>
<msg timestamp="20230922 17:39:36.390" level="INFO">${run_cmd} = rpm -q openssl</msg>
<status status="PASS" starttime="20230922 17:39:36.390" endtime="20230922 17:39:36.390"/>
</kw>
<kw name="Log" library="BuiltIn">
<arg>${run_cmd}</arg>
<doc>Logs the given message with the given level.</doc>
<msg timestamp="20230922 17:39:36.390" level="INFO">rpm -q openssl</msg>
<status status="PASS" starttime="20230922 17:39:36.390" endtime="20230922 17:39:36.390"/>
</kw>
<kw name="Run" library="OperatingSystem">
<var>${output}</var>
<arg>${run_cmd}</arg>
<doc>Runs the given command in the system and returns the output.</doc>
<msg timestamp="20230922 17:39:36.393" level="INFO">Running command 'rpm -q openssl 2&gt;&amp;1'.</msg>
<msg timestamp="20230922 17:39:36.408" level="INFO">${output} = openssl-3.0.7-6.el9_2.x86_64</msg>
<status status="PASS" starttime="20230922 17:39:36.391" endtime="20230922 17:39:36.408"/>
</kw>
<kw name="Run Keyword And Ignore Error" library="BuiltIn">
<var>${status}</var>
<var>${status_message}</var>
<arg>Should Not Contain</arg>
<arg>${output}</arg>
<arg>${check_string}</arg>
<doc>Runs the given keyword with the given arguments and ignores possible error.</doc>
<kw name="Should Not Contain" library="BuiltIn">
<arg>${output}</arg>
<arg>${check_string}</arg>
<doc>Fails if ``container`` contains ``item`` one or more times.</doc>
<status status="PASS" starttime="20230922 17:39:36.409" endtime="20230922 17:39:36.410"/>
</kw>
<msg timestamp="20230922 17:39:36.410" level="INFO">${status} = PASS</msg>
<msg timestamp="20230922 17:39:36.410" level="INFO">${status_message} = None</msg>
<status status="PASS" starttime="20230922 17:39:36.409" endtime="20230922 17:39:36.410"/>
</kw>
<kw name="Run Keyword If" library="BuiltIn">
<arg>'${status}' != 'PASS'</arg>
<arg>Append To List</arg>
<arg>${errors_list}</arg>
<arg>${item}</arg>
<doc>Runs the given keyword with the given arguments, if ``condition`` is true.</doc>
<status status="PASS" starttime="20230922 17:39:36.410" endtime="20230922 17:39:36.411"/>
</kw>
<status status="PASS" starttime="20230922 17:39:36.389" endtime="20230922 17:39:36.411"/>
</iter>
<iter>
<var name="${item}">pam</var>
<kw name="Catenate" library="BuiltIn">
<var>${run_cmd}</var>
<arg>${command}</arg>
<arg>${item}</arg>
<doc>Catenates the given items together and returns the resulted string.</doc>
<msg timestamp="20230922 17:39:36.411" level="INFO">${run_cmd} = rpm -q pam</msg>
<status status="PASS" starttime="20230922 17:39:36.411" endtime="20230922 17:39:36.411"/>
</kw>
<kw name="Log" library="BuiltIn">
<arg>${run_cmd}</arg>
<doc>Logs the given message with the given level.</doc>
<msg timestamp="20230922 17:39:36.412" level="INFO">rpm -q pam</msg>
<status status="PASS" starttime="20230922 17:39:36.411" endtime="20230922 17:39:36.412"/>
</kw>
<kw name="Run" library="OperatingSystem">
<var>${output}</var>
<arg>${run_cmd}</arg>
<doc>Runs the given command in the system and returns the output.</doc>
<msg timestamp="20230922 17:39:36.414" level="INFO">Running command 'rpm -q pam 2&gt;&amp;1'.</msg>
<msg timestamp="20230922 17:39:36.430" level="INFO">${output} = pam-1.5.1-14.el9.x86_64</msg>
<status status="PASS" starttime="20230922 17:39:36.412" endtime="20230922 17:39:36.430"/>
</kw>
<kw name="Run Keyword And Ignore Error" library="BuiltIn">
<var>${status}</var>
<var>${status_message}</var>
<arg>Should Not Contain</arg>
<arg>${output}</arg>
<arg>${check_string}</arg>
<doc>Runs the given keyword with the given arguments and ignores possible error.</doc>
<kw name="Should Not Contain" library="BuiltIn">
<arg>${output}</arg>
<arg>${check_string}</arg>
<doc>Fails if ``container`` contains ``item`` one or more times.</doc>
<status status="PASS" starttime="20230922 17:39:36.431" endtime="20230922 17:39:36.432"/>
</kw>
<msg timestamp="20230922 17:39:36.432" level="INFO">${status} = PASS</msg>
<msg timestamp="20230922 17:39:36.432" level="INFO">${status_message} = None</msg>
<status status="PASS" starttime="20230922 17:39:36.431" endtime="20230922 17:39:36.432"/>
</kw>
<kw name="Run Keyword If" library="BuiltIn">
<arg>'${status}' != 'PASS'</arg>
<arg>Append To List</arg>
<arg>${errors_list}</arg>
<arg>${item}</arg>
<doc>Runs the given keyword with the given arguments, if ``condition`` is true.</doc>
<status status="PASS" starttime="20230922 17:39:36.432" endtime="20230922 17:39:36.432"/>
</kw>
<status status="PASS" starttime="20230922 17:39:36.411" endtime="20230922 17:39:36.432"/>
</iter>
<iter>
<var name="${item}">python3-setuptools</var>
<kw name="Catenate" library="BuiltIn">
<var>${run_cmd}</var>
<arg>${command}</arg>
<arg>${item}</arg>
<doc>Catenates the given items together and returns the resulted string.</doc>
<msg timestamp="20230922 17:39:36.433" level="INFO">${run_cmd} = rpm -q python3-setuptools</msg>
<status status="PASS" starttime="20230922 17:39:36.433" endtime="20230922 17:39:36.433"/>
</kw>
<kw name="Log" library="BuiltIn">
<arg>${run_cmd}</arg>
<doc>Logs the given message with the given level.</doc>
<msg timestamp="20230922 17:39:36.433" level="INFO">rpm -q python3-setuptools</msg>
<status status="PASS" starttime="20230922 17:39:36.433" endtime="20230922 17:39:36.434"/>
</kw>
<kw name="Run" library="OperatingSystem">
<var>${output}</var>
<arg>${run_cmd}</arg>
<doc>Runs the given command in the system and returns the output.</doc>
<msg timestamp="20230922 17:39:36.436" level="INFO">Running command 'rpm -q python3-setuptools 2&gt;&amp;1'.</msg>
<msg timestamp="20230922 17:39:36.453" level="INFO">${output} = python3-setuptools-53.0.0-12.el9.noarch</msg>
<status status="PASS" starttime="20230922 17:39:36.434" endtime="20230922 17:39:36.453"/>
</kw>
<kw name="Run Keyword And Ignore Error" library="BuiltIn">
<var>${status}</var>
<var>${status_message}</var>
<arg>Should Not Contain</arg>
<arg>${output}</arg>
<arg>${check_string}</arg>
<doc>Runs the given keyword with the given arguments and ignores possible error.</doc>
<kw name="Should Not Contain" library="BuiltIn">
<arg>${output}</arg>
<arg>${check_string}</arg>
<doc>Fails if ``container`` contains ``item`` one or more times.</doc>
<status status="PASS" starttime="20230922 17:39:36.454" endtime="20230922 17:39:36.454"/>
</kw>
<msg timestamp="20230922 17:39:36.454" level="INFO">${status} = PASS</msg>
<msg timestamp="20230922 17:39:36.454" level="INFO">${status_message} = None</msg>
<status status="PASS" starttime="20230922 17:39:36.453" endtime="20230922 17:39:36.454"/>
</kw>
<kw name="Run Keyword If" library="BuiltIn">
<arg>'${status}' != 'PASS'</arg>
<arg>Append To List</arg>
<arg>${errors_list}</arg>
<arg>${item}</arg>
<doc>Runs the given keyword with the given arguments, if ``condition`` is true.</doc>
<status status="PASS" starttime="20230922 17:39:36.455" endtime="20230922 17:39:36.455"/>
</kw>
<status status="PASS" starttime="20230922 17:39:36.433" endtime="20230922 17:39:36.455"/>
</iter>
<status status="PASS" starttime="20230922 17:39:36.326" endtime="20230922 17:39:36.455"/>
</for>
<kw name="Should Be Empty" library="BuiltIn">
<arg>${errors_list}</arg>
<arg>Item(S) Not Found : ${errors_list}</arg>
<doc>Verifies that the given item is empty.</doc>
<msg timestamp="20230922 17:39:36.456" level="INFO">Length is 0</msg>
<status status="PASS" starttime="20230922 17:39:36.455" endtime="20230922 17:39:36.456"/>
</kw>
<status status="PASS" starttime="20230922 17:39:36.324" endtime="20230922 17:39:36.456"/>
</kw>
<doc>Check the installed packages using the "rpm -q" command against a list of expected
packages, add and remove packages form the list to modify the test case.
List included : ['ant', 'java-11-openjdk', 'python3', 'openssl', 'pam', 'python3-setuptools']</doc>
<tag>os</tag>
<tag>packages</tag>
<status status="PASS" starttime="20230922 17:39:36.322" endtime="20230922 17:39:36.457"/>
</test>
<test id="s1-t2" name="Verify required package are and package versions" line="38">
<kw name="Get Dictionary Items" library="Collections">
<var>${items}</var>
<arg>${packages_dict}</arg>
<doc>Returns items of the given ``dictionary`` as a list.</doc>
<msg timestamp="20230922 17:39:36.462" level="FAIL">TypeError: Expected argument 1 to be a dictionary or dictionary-like, got string instead.</msg>
<status status="FAIL" starttime="20230922 17:39:36.460" endtime="20230922 17:39:36.462"/>
</kw>
<for flavor="IN">
<var>${key}</var>
<var>${value}</var>
<value>@{items}</value>
<iter>
<var name="${key}"/>
<var name="${value}"/>
<kw name="Log" library="BuiltIn">
<arg>${key}:${value}</arg>
<arg>DEBUG</arg>
<doc>Logs the given message with the given level.</doc>
<status status="NOT RUN" starttime="20230922 17:39:36.463" endtime="20230922 17:39:36.463"/>
</kw>
<kw name="Run" library="OperatingSystem">
<var>${package}</var>
<arg>rpm -q ${key}</arg>
<doc>Runs the given command in the system and returns the output.</doc>
<status status="NOT RUN" starttime="20230922 17:39:36.463" endtime="20230922 17:39:36.463"/>
</kw>
<kw name="Get Regexp Matches" library="String">
<var>${installed_version}</var>
<arg>${package}</arg>
<arg>${key}-(.*)-.*</arg>
<arg>1</arg>
<doc>Returns a list of all non-overlapping matches in the given string.</doc>
<status status="NOT RUN" starttime="20230922 17:39:36.463" endtime="20230922 17:39:36.463"/>
</kw>
<kw name="Set Variable" library="BuiltIn">
<var>${required_version}</var>
<arg>${value}</arg>
<doc>Returns the given values which can then be assigned to a variables.</doc>
<status status="NOT RUN" starttime="20230922 17:39:36.463" endtime="20230922 17:39:36.463"/>
</kw>
<kw name="Compare Package Versions" library="keywords">
<arg>${installed_version}</arg>
<arg>&gt;=</arg>
<arg>${required_version}</arg>
<doc>Takes dotted decimal package versions and comparies them with a provided operator</doc>
<status status="NOT RUN" starttime="20230922 17:39:36.463" endtime="20230922 17:39:36.463"/>
</kw>
<status status="NOT RUN" starttime="20230922 17:39:36.462" endtime="20230922 17:39:36.463"/>
</iter>
<status status="NOT RUN" starttime="20230922 17:39:36.462" endtime="20230922 17:39:36.463"/>
</for>
<doc>Check the versions of the packages installed meets the neccessary minimum values
the test calls the packages_dict dictionary which should be populated with k,v pairs representing
the required package and the minimum supported value</doc>
<status status="FAIL" starttime="20230922 17:39:36.458" endtime="20230922 17:39:36.464">TypeError: Expected argument 1 to be a dictionary or dictionary-like, got string instead.</status>
</test>
<test id="s1-t3" name="Check library availability" line="55">
<kw name="Create List" library="BuiltIn">
<var>${libraries}</var>
<arg>libpam.so.0</arg>
<arg>libexpat.so.1</arg>
<arg>libz.so.1</arg>
<doc>Returns a list containing given items.</doc>
<msg timestamp="20230922 17:39:36.467" level="INFO">${libraries} = ['libpam.so.0', 'libexpat.so.1', 'libz.so.1']</msg>
<status status="PASS" starttime="20230922 17:39:36.467" endtime="20230922 17:39:36.467"/>
</kw>
<kw name="Run" library="OperatingSystem">
<var>${system_libraries}</var>
<arg>ldconfig -p</arg>
<doc>Runs the given command in the system and returns the output.</doc>
<msg timestamp="20230922 17:39:36.470" level="INFO">Running command 'ldconfig -p 2&gt;&amp;1'.</msg>
<msg timestamp="20230922 17:39:36.476" level="INFO">${system_libraries} = 510 libs found in cache `/etc/ld.so.cache'
	p11-kit-trust.so (libc6,x86-64) =&gt; /lib64/p11-kit-trust.so
	libzstd.so.1 (libc6,x86-64) =&gt; /lib64/libzstd.so.1
	libz.so.1 (libc6,x86-64) =&gt; /lib64/libz.so.1...</msg>
<status status="PASS" starttime="20230922 17:39:36.467" endtime="20230922 17:39:36.476"/>
</kw>
<kw name="Create List" library="BuiltIn">
<var>${error_list}</var>
<doc>Returns a list containing given items.</doc>
<msg timestamp="20230922 17:39:36.478" level="INFO">${error_list} = []</msg>
<status status="PASS" starttime="20230922 17:39:36.477" endtime="20230922 17:39:36.478"/>
</kw>
<for flavor="IN">
<var>${library}</var>
<value>@{libraries}</value>
<iter>
<var name="${library}">libpam.so.0</var>
<kw name="Run Keyword And Ignore Error" library="BuiltIn">
<var>${status}</var>
<var>${status_message}</var>
<arg>Should Contain</arg>
<arg>${system_libraries}</arg>
<arg>${library}</arg>
<doc>Runs the given keyword with the given arguments and ignores possible error.</doc>
<kw name="Should Contain" library="BuiltIn">
<arg>${system_libraries}</arg>
<arg>${library}</arg>
<doc>Fails if ``container`` does not contain ``item`` one or more times.</doc>
<status status="PASS" starttime="20230922 17:39:36.479" endtime="20230922 17:39:36.480"/>
</kw>
<msg timestamp="20230922 17:39:36.480" level="INFO">${status} = PASS</msg>
<msg timestamp="20230922 17:39:36.480" level="INFO">${status_message} = None</msg>
<status status="PASS" starttime="20230922 17:39:36.479" endtime="20230922 17:39:36.480"/>
</kw>
<if>
<branch type="IF" condition="'${status}' == 'PASS'">
<kw name="Log" library="BuiltIn">
<arg>${library} found</arg>
<doc>Logs the given message with the given level.</doc>
<msg timestamp="20230922 17:39:36.481" level="INFO">libpam.so.0 found</msg>
<status status="PASS" starttime="20230922 17:39:36.480" endtime="20230922 17:39:36.481"/>
</kw>
<status status="PASS" starttime="20230922 17:39:36.480" endtime="20230922 17:39:36.481"/>
</branch>
<branch type="ELSE">
<kw name="Append To List" library="Collections">
<arg>${error_list}</arg>
<arg>${library}</arg>
<doc>Adds ``values`` to the end of ``list``.</doc>
<status status="NOT RUN" starttime="20230922 17:39:36.481" endtime="20230922 17:39:36.481"/>
</kw>
<status status="NOT RUN" starttime="20230922 17:39:36.481" endtime="20230922 17:39:36.481"/>
</branch>
<status status="PASS" starttime="20230922 17:39:36.480" endtime="20230922 17:39:36.481"/>
</if>
<status status="PASS" starttime="20230922 17:39:36.479" endtime="20230922 17:39:36.481"/>
</iter>
<iter>
<var name="${library}">libexpat.so.1</var>
<kw name="Run Keyword And Ignore Error" library="BuiltIn">
<var>${status}</var>
<var>${status_message}</var>
<arg>Should Contain</arg>
<arg>${system_libraries}</arg>
<arg>${library}</arg>
<doc>Runs the given keyword with the given arguments and ignores possible error.</doc>
<kw name="Should Contain" library="BuiltIn">
<arg>${system_libraries}</arg>
<arg>${library}</arg>
<doc>Fails if ``container`` does not contain ``item`` one or more times.</doc>
<status status="PASS" starttime="20230922 17:39:36.481" endtime="20230922 17:39:36.482"/>
</kw>
<msg timestamp="20230922 17:39:36.482" level="INFO">${status} = PASS</msg>
<msg timestamp="20230922 17:39:36.482" level="INFO">${status_message} = None</msg>
<status status="PASS" starttime="20230922 17:39:36.481" endtime="20230922 17:39:36.482"/>
</kw>
<if>
<branch type="IF" condition="'${status}' == 'PASS'">
<kw name="Log" library="BuiltIn">
<arg>${library} found</arg>
<doc>Logs the given message with the given level.</doc>
<msg timestamp="20230922 17:39:36.483" level="INFO">libexpat.so.1 found</msg>
<status status="PASS" starttime="20230922 17:39:36.482" endtime="20230922 17:39:36.483"/>
</kw>
<status status="PASS" starttime="20230922 17:39:36.482" endtime="20230922 17:39:36.483"/>
</branch>
<branch type="ELSE">
<kw name="Append To List" library="Collections">
<arg>${error_list}</arg>
<arg>${library}</arg>
<doc>Adds ``values`` to the end of ``list``.</doc>
<status status="NOT RUN" starttime="20230922 17:39:36.483" endtime="20230922 17:39:36.483"/>
</kw>
<status status="NOT RUN" starttime="20230922 17:39:36.483" endtime="20230922 17:39:36.483"/>
</branch>
<status status="PASS" starttime="20230922 17:39:36.482" endtime="20230922 17:39:36.483"/>
</if>
<status status="PASS" starttime="20230922 17:39:36.481" endtime="20230922 17:39:36.483"/>
</iter>
<iter>
<var name="${library}">libz.so.1</var>
<kw name="Run Keyword And Ignore Error" library="BuiltIn">
<var>${status}</var>
<var>${status_message}</var>
<arg>Should Contain</arg>
<arg>${system_libraries}</arg>
<arg>${library}</arg>
<doc>Runs the given keyword with the given arguments and ignores possible error.</doc>
<kw name="Should Contain" library="BuiltIn">
<arg>${system_libraries}</arg>
<arg>${library}</arg>
<doc>Fails if ``container`` does not contain ``item`` one or more times.</doc>
<status status="PASS" starttime="20230922 17:39:36.484" endtime="20230922 17:39:36.484"/>
</kw>
<msg timestamp="20230922 17:39:36.484" level="INFO">${status} = PASS</msg>
<msg timestamp="20230922 17:39:36.484" level="INFO">${status_message} = None</msg>
<status status="PASS" starttime="20230922 17:39:36.483" endtime="20230922 17:39:36.484"/>
</kw>
<if>
<branch type="IF" condition="'${status}' == 'PASS'">
<kw name="Log" library="BuiltIn">
<arg>${library} found</arg>
<doc>Logs the given message with the given level.</doc>
<msg timestamp="20230922 17:39:36.485" level="INFO">libz.so.1 found</msg>
<status status="PASS" starttime="20230922 17:39:36.485" endtime="20230922 17:39:36.485"/>
</kw>
<status status="PASS" starttime="20230922 17:39:36.484" endtime="20230922 17:39:36.485"/>
</branch>
<branch type="ELSE">
<kw name="Append To List" library="Collections">
<arg>${error_list}</arg>
<arg>${library}</arg>
<doc>Adds ``values`` to the end of ``list``.</doc>
<status status="NOT RUN" starttime="20230922 17:39:36.485" endtime="20230922 17:39:36.485"/>
</kw>
<status status="NOT RUN" starttime="20230922 17:39:36.485" endtime="20230922 17:39:36.485"/>
</branch>
<status status="PASS" starttime="20230922 17:39:36.484" endtime="20230922 17:39:36.485"/>
</if>
<status status="PASS" starttime="20230922 17:39:36.483" endtime="20230922 17:39:36.485"/>
</iter>
<status status="PASS" starttime="20230922 17:39:36.478" endtime="20230922 17:39:36.485"/>
</for>
<kw name="Should Be Empty" library="BuiltIn">
<arg>${error_list}</arg>
<arg>Following Libraries are missing ${error_list}</arg>
<doc>Verifies that the given item is empty.</doc>
<msg timestamp="20230922 17:39:36.486" level="INFO">Length is 0</msg>
<status status="PASS" starttime="20230922 17:39:36.486" endtime="20230922 17:39:36.486"/>
</kw>
<doc>Cisco NSO requires that the operating system has specific libraries installed
the test verifies that the "ldconfig -p" output includes each of the libraries mentioned in the
documentation. To adapt modify the list</doc>
<status status="PASS" starttime="20230922 17:39:36.466" endtime="20230922 17:39:36.487"/>
</test>
<test id="s1-t4" name="Check libz library version" line="72">
<kw name="Set Variable" library="BuiltIn">
<var>${desired_major_version}</var>
<arg>1.2</arg>
<doc>Returns the given values which can then be assigned to a variables.</doc>
<msg timestamp="20230922 17:39:36.491" level="INFO">${desired_major_version} = 1.2</msg>
<status status="PASS" starttime="20230922 17:39:36.491" endtime="20230922 17:39:36.491"/>
</kw>
<kw name="Set Variable" library="BuiltIn">
<var>${desired_minor_version}</var>
<arg>7.1</arg>
<doc>Returns the given values which can then be assigned to a variables.</doc>
<msg timestamp="20230922 17:39:36.492" level="INFO">${desired_minor_version} = 7.1</msg>
<status status="PASS" starttime="20230922 17:39:36.492" endtime="20230922 17:39:36.492"/>
</kw>
<kw name="Run" library="OperatingSystem">
<var>${libz_version}</var>
<arg>python3 -c "import zlib; print (zlib.ZLIB_VERSION)"</arg>
<doc>Runs the given command in the system and returns the output.</doc>
<msg timestamp="20230922 17:39:36.495" level="INFO">Running command 'python3 -c "import zlib; print (zlib.ZLIB_VERSION)" 2&gt;&amp;1'.</msg>
<msg timestamp="20230922 17:39:36.518" level="INFO">${libz_version} = 1.2.11</msg>
<status status="PASS" starttime="20230922 17:39:36.492" endtime="20230922 17:39:36.519"/>
</kw>
<kw name="Get Regexp Matches" library="String">
<var>${found_major_version}</var>
<arg>${libz_version}</arg>
<arg>^(\\d+\\.\\d+)\\.(.*)</arg>
<arg>1</arg>
<doc>Returns a list of all non-overlapping matches in the given string.</doc>
<msg timestamp="20230922 17:39:36.521" level="INFO">${found_major_version} = ['1.2']</msg>
<status status="PASS" starttime="20230922 17:39:36.520" endtime="20230922 17:39:36.521"/>
</kw>
<kw name="Get Regexp Matches" library="String">
<var>${found_minor_version}</var>
<arg>${libz_version}</arg>
<arg>^(\\d+\\.\\d+)\\.(.*)</arg>
<arg>2</arg>
<doc>Returns a list of all non-overlapping matches in the given string.</doc>
<msg timestamp="20230922 17:39:36.522" level="INFO">${found_minor_version} = ['11']</msg>
<status status="PASS" starttime="20230922 17:39:36.521" endtime="20230922 17:39:36.522"/>
</kw>
<if>
<branch type="IF" condition="${found_major_version[0]} == ${desired_major_version}">
<kw name="Log" library="BuiltIn">
<arg>Going to evaluate : ${found_minor_version[0]} &gt; ${desired_minor_version}</arg>
<doc>Logs the given message with the given level.</doc>
<msg timestamp="20230922 17:39:36.524" level="INFO">Going to evaluate : 11 &gt; 7.1</msg>
<status status="PASS" starttime="20230922 17:39:36.523" endtime="20230922 17:39:36.525"/>
</kw>
<kw name="Evaluate" library="BuiltIn">
<var>${log}</var>
<arg>${found_minor_version[0]} &gt; ${desired_minor_version}</arg>
<doc>Evaluates the given expression in Python and returns the result.</doc>
<msg timestamp="20230922 17:39:36.526" level="INFO">${log} = True</msg>
<status status="PASS" starttime="20230922 17:39:36.525" endtime="20230922 17:39:36.526"/>
</kw>
<kw name="Log" library="BuiltIn">
<arg>${log}</arg>
<doc>Logs the given message with the given level.</doc>
<msg timestamp="20230922 17:39:36.526" level="INFO">True</msg>
<status status="PASS" starttime="20230922 17:39:36.526" endtime="20230922 17:39:36.526"/>
</kw>
<if>
<branch type="IF" condition="${found_minor_version[0]} &gt;= ${desired_minor_version}">
<kw name="Log" library="BuiltIn">
<arg>Found ${found_major_version[0]}.${found_minor_version[0]} is greater than minimum</arg>
<doc>Logs the given message with the given level.</doc>
<msg timestamp="20230922 17:39:36.529" level="INFO">Found 1.2.11 is greater than minimum</msg>
<status status="PASS" starttime="20230922 17:39:36.527" endtime="20230922 17:39:36.529"/>
</kw>
<kw name="Pass Execution" library="BuiltIn">
<arg>Major meets requirements, and Minor is greater or equal ${found_major_version[0]}.${found_minor_version[0]}</arg>
<doc>Skips rest of the current test, setup, or teardown with PASS status.</doc>
<msg timestamp="20230922 17:39:36.530" level="INFO">Execution passed with message:
Major meets requirements, and Minor is greater or equal 1.2.11</msg>
<status status="PASS" starttime="20230922 17:39:36.529" endtime="20230922 17:39:36.530"/>
</kw>
<status status="PASS" starttime="20230922 17:39:36.526" endtime="20230922 17:39:36.530"/>
</branch>
<branch type="ELSE">
<kw name="Log" library="BuiltIn">
<arg>Found ${found_major_version[0]}.${found_minor_version[0]} this is lower than expected</arg>
<doc>Logs the given message with the given level.</doc>
<status status="NOT RUN" starttime="20230922 17:39:36.531" endtime="20230922 17:39:36.531"/>
</kw>
<kw name="Fail" library="BuiltIn">
<arg>Unsupported version of Libz found ${found_major_version[0]}.${found_minor_version[0]}</arg>
<doc>Fails the test with the given message and optionally alters its tags.</doc>
<status status="NOT RUN" starttime="20230922 17:39:36.531" endtime="20230922 17:39:36.531"/>
</kw>
<status status="NOT RUN" starttime="20230922 17:39:36.530" endtime="20230922 17:39:36.531"/>
</branch>
<status status="PASS" starttime="20230922 17:39:36.526" endtime="20230922 17:39:36.531"/>
</if>
<status status="PASS" starttime="20230922 17:39:36.522" endtime="20230922 17:39:36.531"/>
</branch>
<branch type="ELSE IF" condition="${found_major_version[0]} &gt; ${desired_major_version}">
<kw name="Log" library="BuiltIn">
<arg>Found ${found_major_version} is greater than minimum, skipping minor check</arg>
<doc>Logs the given message with the given level.</doc>
<status status="NOT RUN" starttime="20230922 17:39:36.531" endtime="20230922 17:39:36.531"/>
</kw>
<kw name="Pass Execution" library="BuiltIn">
<arg>Major version is greater that required , skipping minor check.</arg>
<doc>Skips rest of the current test, setup, or teardown with PASS status.</doc>
<status status="NOT RUN" starttime="20230922 17:39:36.531" endtime="20230922 17:39:36.531"/>
</kw>
<status status="NOT RUN" starttime="20230922 17:39:36.531" endtime="20230922 17:39:36.531"/>
</branch>
<branch type="ELSE">
<kw name="Fail" library="BuiltIn">
<arg>Unsupported version of Libz found ${found_major_version[0]}.${found_minor_version[0]}</arg>
<doc>Fails the test with the given message and optionally alters its tags.</doc>
<status status="NOT RUN" starttime="20230922 17:39:36.532" endtime="20230922 17:39:36.532"/>
</kw>
<status status="NOT RUN" starttime="20230922 17:39:36.532" endtime="20230922 17:39:36.532"/>
</branch>
<status status="PASS" starttime="20230922 17:39:36.522" endtime="20230922 17:39:36.532"/>
</if>
<doc>Cisco NSO requires a minimimum version of 1.2.7.1 for the libz library
this test will verify that the verison installed satisfies this requirement.</doc>
<status status="PASS" starttime="20230922 17:39:36.489" endtime="20230922 17:39:36.532">Major meets requirements, and Minor is greater or equal 1.2.11</status>
</test>
<test id="s1-t5" name="Verify required utilities are available" line="98">
<kw name="Set Variable" library="BuiltIn">
<var>${command}</var>
<arg>which</arg>
<doc>Returns the given values which can then be assigned to a variables.</doc>
<msg timestamp="20230922 17:39:36.535" level="INFO">${command} = which</msg>
<status status="PASS" starttime="20230922 17:39:36.535" endtime="20230922 17:39:36.535"/>
</kw>
<kw name="Set Variable" library="BuiltIn">
<var>${check_string}</var>
<arg>/usr/bin/which: no</arg>
<doc>Returns the given values which can then be assigned to a variables.</doc>
<msg timestamp="20230922 17:39:36.536" level="INFO">${check_string} = /usr/bin/which: no</msg>
<status status="PASS" starttime="20230922 17:39:36.536" endtime="20230922 17:39:36.536"/>
</kw>
<kw name="Iterate Over List and Run Command" library="keywords">
<arg>${utility_list}</arg>
<arg>${command}</arg>
<arg>${check_string}</arg>
<doc>Iterates through list and runs the provided command, checking that the error string is not in the response</doc>
<kw name="Log" library="BuiltIn">
<arg>${list}</arg>
<arg>DEBUG</arg>
<doc>Logs the given message with the given level.</doc>
<status status="PASS" starttime="20230922 17:39:36.537" endtime="20230922 17:39:36.537"/>
</kw>
<kw name="Create List" library="BuiltIn">
<var>${errors_list}</var>
<doc>Returns a list containing given items.</doc>
<msg timestamp="20230922 17:39:36.538" level="INFO">${errors_list} = []</msg>
<status status="PASS" starttime="20230922 17:39:36.537" endtime="20230922 17:39:36.538"/>
</kw>
<for flavor="IN">
<var>${item}</var>
<value>@{list}</value>
<iter>
<var name="${item}">tar</var>
<kw name="Catenate" library="BuiltIn">
<var>${run_cmd}</var>
<arg>${command}</arg>
<arg>${item}</arg>
<doc>Catenates the given items together and returns the resulted string.</doc>
<msg timestamp="20230922 17:39:36.539" level="INFO">${run_cmd} = which tar</msg>
<status status="PASS" starttime="20230922 17:39:36.538" endtime="20230922 17:39:36.539"/>
</kw>
<kw name="Log" library="BuiltIn">
<arg>${run_cmd}</arg>
<doc>Logs the given message with the given level.</doc>
<msg timestamp="20230922 17:39:36.539" level="INFO">which tar</msg>
<status status="PASS" starttime="20230922 17:39:36.539" endtime="20230922 17:39:36.539"/>
</kw>
<kw name="Run" library="OperatingSystem">
<var>${output}</var>
<arg>${run_cmd}</arg>
<doc>Runs the given command in the system and returns the output.</doc>
<msg timestamp="20230922 17:39:36.542" level="INFO">Running command 'which tar 2&gt;&amp;1'.</msg>
<msg timestamp="20230922 17:39:36.549" level="INFO">${output} = /usr/bin/tar</msg>
<status status="PASS" starttime="20230922 17:39:36.540" endtime="20230922 17:39:36.550"/>
</kw>
<kw name="Run Keyword And Ignore Error" library="BuiltIn">
<var>${status}</var>
<var>${status_message}</var>
<arg>Should Not Contain</arg>
<arg>${output}</arg>
<arg>${check_string}</arg>
<doc>Runs the given keyword with the given arguments and ignores possible error.</doc>
<kw name="Should Not Contain" library="BuiltIn">
<arg>${output}</arg>
<arg>${check_string}</arg>
<doc>Fails if ``container`` contains ``item`` one or more times.</doc>
<status status="PASS" starttime="20230922 17:39:36.551" endtime="20230922 17:39:36.551"/>
</kw>
<msg timestamp="20230922 17:39:36.551" level="INFO">${status} = PASS</msg>
<msg timestamp="20230922 17:39:36.551" level="INFO">${status_message} = None</msg>
<status status="PASS" starttime="20230922 17:39:36.550" endtime="20230922 17:39:36.551"/>
</kw>
<kw name="Run Keyword If" library="BuiltIn">
<arg>'${status}' != 'PASS'</arg>
<arg>Append To List</arg>
<arg>${errors_list}</arg>
<arg>${item}</arg>
<doc>Runs the given keyword with the given arguments, if ``condition`` is true.</doc>
<status status="PASS" starttime="20230922 17:39:36.551" endtime="20230922 17:39:36.552"/>
</kw>
<status status="PASS" starttime="20230922 17:39:36.538" endtime="20230922 17:39:36.552"/>
</iter>
<iter>
<var name="${item}">gzip</var>
<kw name="Catenate" library="BuiltIn">
<var>${run_cmd}</var>
<arg>${command}</arg>
<arg>${item}</arg>
<doc>Catenates the given items together and returns the resulted string.</doc>
<msg timestamp="20230922 17:39:36.552" level="INFO">${run_cmd} = which gzip</msg>
<status status="PASS" starttime="20230922 17:39:36.552" endtime="20230922 17:39:36.552"/>
</kw>
<kw name="Log" library="BuiltIn">
<arg>${run_cmd}</arg>
<doc>Logs the given message with the given level.</doc>
<msg timestamp="20230922 17:39:36.553" level="INFO">which gzip</msg>
<status status="PASS" starttime="20230922 17:39:36.553" endtime="20230922 17:39:36.553"/>
</kw>
<kw name="Run" library="OperatingSystem">
<var>${output}</var>
<arg>${run_cmd}</arg>
<doc>Runs the given command in the system and returns the output.</doc>
<msg timestamp="20230922 17:39:36.556" level="INFO">Running command 'which gzip 2&gt;&amp;1'.</msg>
<msg timestamp="20230922 17:39:36.563" level="INFO">${output} = /usr/bin/gzip</msg>
<status status="PASS" starttime="20230922 17:39:36.553" endtime="20230922 17:39:36.563"/>
</kw>
<kw name="Run Keyword And Ignore Error" library="BuiltIn">
<var>${status}</var>
<var>${status_message}</var>
<arg>Should Not Contain</arg>
<arg>${output}</arg>
<arg>${check_string}</arg>
<doc>Runs the given keyword with the given arguments and ignores possible error.</doc>
<kw name="Should Not Contain" library="BuiltIn">
<arg>${output}</arg>
<arg>${check_string}</arg>
<doc>Fails if ``container`` contains ``item`` one or more times.</doc>
<status status="PASS" starttime="20230922 17:39:36.564" endtime="20230922 17:39:36.564"/>
</kw>
<msg timestamp="20230922 17:39:36.565" level="INFO">${status} = PASS</msg>
<msg timestamp="20230922 17:39:36.565" level="INFO">${status_message} = None</msg>
<status status="PASS" starttime="20230922 17:39:36.563" endtime="20230922 17:39:36.565"/>
</kw>
<kw name="Run Keyword If" library="BuiltIn">
<arg>'${status}' != 'PASS'</arg>
<arg>Append To List</arg>
<arg>${errors_list}</arg>
<arg>${item}</arg>
<doc>Runs the given keyword with the given arguments, if ``condition`` is true.</doc>
<status status="PASS" starttime="20230922 17:39:36.565" endtime="20230922 17:39:36.565"/>
</kw>
<status status="PASS" starttime="20230922 17:39:36.552" endtime="20230922 17:39:36.565"/>
</iter>
<iter>
<var name="${item}">find</var>
<kw name="Catenate" library="BuiltIn">
<var>${run_cmd}</var>
<arg>${command}</arg>
<arg>${item}</arg>
<doc>Catenates the given items together and returns the resulted string.</doc>
<msg timestamp="20230922 17:39:36.566" level="INFO">${run_cmd} = which find</msg>
<status status="PASS" starttime="20230922 17:39:36.566" endtime="20230922 17:39:36.566"/>
</kw>
<kw name="Log" library="BuiltIn">
<arg>${run_cmd}</arg>
<doc>Logs the given message with the given level.</doc>
<msg timestamp="20230922 17:39:36.566" level="INFO">which find</msg>
<status status="PASS" starttime="20230922 17:39:36.566" endtime="20230922 17:39:36.567"/>
</kw>
<kw name="Run" library="OperatingSystem">
<var>${output}</var>
<arg>${run_cmd}</arg>
<doc>Runs the given command in the system and returns the output.</doc>
<msg timestamp="20230922 17:39:36.569" level="INFO">Running command 'which find 2&gt;&amp;1'.</msg>
<msg timestamp="20230922 17:39:36.575" level="INFO">${output} = /usr/bin/find</msg>
<status status="PASS" starttime="20230922 17:39:36.567" endtime="20230922 17:39:36.575"/>
</kw>
<kw name="Run Keyword And Ignore Error" library="BuiltIn">
<var>${status}</var>
<var>${status_message}</var>
<arg>Should Not Contain</arg>
<arg>${output}</arg>
<arg>${check_string}</arg>
<doc>Runs the given keyword with the given arguments and ignores possible error.</doc>
<kw name="Should Not Contain" library="BuiltIn">
<arg>${output}</arg>
<arg>${check_string}</arg>
<doc>Fails if ``container`` contains ``item`` one or more times.</doc>
<status status="PASS" starttime="20230922 17:39:36.576" endtime="20230922 17:39:36.576"/>
</kw>
<msg timestamp="20230922 17:39:36.576" level="INFO">${status} = PASS</msg>
<msg timestamp="20230922 17:39:36.576" level="INFO">${status_message} = None</msg>
<status status="PASS" starttime="20230922 17:39:36.575" endtime="20230922 17:39:36.576"/>
</kw>
<kw name="Run Keyword If" library="BuiltIn">
<arg>'${status}' != 'PASS'</arg>
<arg>Append To List</arg>
<arg>${errors_list}</arg>
<arg>${item}</arg>
<doc>Runs the given keyword with the given arguments, if ``condition`` is true.</doc>
<status status="PASS" starttime="20230922 17:39:36.577" endtime="20230922 17:39:36.577"/>
</kw>
<status status="PASS" starttime="20230922 17:39:36.565" endtime="20230922 17:39:36.577"/>
</iter>
<iter>
<var name="${item}">ssh-keygen</var>
<kw name="Catenate" library="BuiltIn">
<var>${run_cmd}</var>
<arg>${command}</arg>
<arg>${item}</arg>
<doc>Catenates the given items together and returns the resulted string.</doc>
<msg timestamp="20230922 17:39:36.578" level="INFO">${run_cmd} = which ssh-keygen</msg>
<status status="PASS" starttime="20230922 17:39:36.577" endtime="20230922 17:39:36.578"/>
</kw>
<kw name="Log" library="BuiltIn">
<arg>${run_cmd}</arg>
<doc>Logs the given message with the given level.</doc>
<msg timestamp="20230922 17:39:36.578" level="INFO">which ssh-keygen</msg>
<status status="PASS" starttime="20230922 17:39:36.578" endtime="20230922 17:39:36.578"/>
</kw>
<kw name="Run" library="OperatingSystem">
<var>${output}</var>
<arg>${run_cmd}</arg>
<doc>Runs the given command in the system and returns the output.</doc>
<msg timestamp="20230922 17:39:36.580" level="INFO">Running command 'which ssh-keygen 2&gt;&amp;1'.</msg>
<msg timestamp="20230922 17:39:36.586" level="INFO">${output} = /usr/bin/ssh-keygen</msg>
<status status="PASS" starttime="20230922 17:39:36.578" endtime="20230922 17:39:36.586"/>
</kw>
<kw name="Run Keyword And Ignore Error" library="BuiltIn">
<var>${status}</var>
<var>${status_message}</var>
<arg>Should Not Contain</arg>
<arg>${output}</arg>
<arg>${check_string}</arg>
<doc>Runs the given keyword with the given arguments and ignores possible error.</doc>
<kw name="Should Not Contain" library="BuiltIn">
<arg>${output}</arg>
<arg>${check_string}</arg>
<doc>Fails if ``container`` contains ``item`` one or more times.</doc>
<status status="PASS" starttime="20230922 17:39:36.587" endtime="20230922 17:39:36.588"/>
</kw>
<msg timestamp="20230922 17:39:36.588" level="INFO">${status} = PASS</msg>
<msg timestamp="20230922 17:39:36.588" level="INFO">${status_message} = None</msg>
<status status="PASS" starttime="20230922 17:39:36.587" endtime="20230922 17:39:36.588"/>
</kw>
<kw name="Run Keyword If" library="BuiltIn">
<arg>'${status}' != 'PASS'</arg>
<arg>Append To List</arg>
<arg>${errors_list}</arg>
<arg>${item}</arg>
<doc>Runs the given keyword with the given arguments, if ``condition`` is true.</doc>
<status status="PASS" starttime="20230922 17:39:36.588" endtime="20230922 17:39:36.589"/>
</kw>
<status status="PASS" starttime="20230922 17:39:36.577" endtime="20230922 17:39:36.589"/>
</iter>
<status status="PASS" starttime="20230922 17:39:36.538" endtime="20230922 17:39:36.589"/>
</for>
<kw name="Should Be Empty" library="BuiltIn">
<arg>${errors_list}</arg>
<arg>Item(S) Not Found : ${errors_list}</arg>
<doc>Verifies that the given item is empty.</doc>
<msg timestamp="20230922 17:39:36.589" level="INFO">Length is 0</msg>
<status status="PASS" starttime="20230922 17:39:36.589" endtime="20230922 17:39:36.589"/>
</kw>
<status status="PASS" starttime="20230922 17:39:36.536" endtime="20230922 17:39:36.590"/>
</kw>
<doc>Cisco NSO requires some utilities, this test verfies these binaries exist</doc>
<tag>os</tag>
<tag>packages</tag>
<status status="PASS" starttime="20230922 17:39:36.534" endtime="20230922 17:39:36.590"/>
</test>
<test id="s1-t6" name="Verify correct version of Python is active" line="105">
<kw name="Run" library="OperatingSystem">
<var>${python_version}</var>
<arg>python --version</arg>
<doc>Runs the given command in the system and returns the output.</doc>
<msg timestamp="20230922 17:39:36.599" level="INFO">Running command 'python --version 2&gt;&amp;1'.</msg>
<msg timestamp="20230922 17:39:36.606" level="INFO">${python_version} = Python 3.9.16</msg>
<status status="PASS" starttime="20230922 17:39:36.596" endtime="20230922 17:39:36.606"/>
</kw>
<kw name="Get Regexp Matches" library="String">
<var>${python_major_version}</var>
<arg>${python_version}</arg>
<arg>Python (\\d+\.\\d+)</arg>
<arg>1</arg>
<doc>Returns a list of all non-overlapping matches in the given string.</doc>
<msg timestamp="20230922 17:39:36.608" level="INFO">${python_major_version} = ['3.9']</msg>
<status status="PASS" starttime="20230922 17:39:36.607" endtime="20230922 17:39:36.608"/>
</kw>
<kw name="Set Variable" library="BuiltIn">
<var>${desired_version}</var>
<arg>3.08</arg>
<doc>Returns the given values which can then be assigned to a variables.</doc>
<msg timestamp="20230922 17:39:36.608" level="INFO">${desired_version} = 3.08</msg>
<status status="PASS" starttime="20230922 17:39:36.608" endtime="20230922 17:39:36.608"/>
</kw>
<kw name="Evaluate" library="BuiltIn">
<var>${status}</var>
<arg>${python_major_version[0]} &gt;= ${desired_version}</arg>
<doc>Evaluates the given expression in Python and returns the result.</doc>
<msg timestamp="20230922 17:39:36.611" level="INFO">${status} = True</msg>
<status status="PASS" starttime="20230922 17:39:36.609" endtime="20230922 17:39:36.611"/>
</kw>
<kw name="Run Keyword If" library="BuiltIn">
<arg>${status} == True</arg>
<arg>Pass Execution</arg>
<arg>Active Version of Python meets the minimum requirements</arg>
<arg>ELSE</arg>
<arg>Fail</arg>
<arg>Active Python verison doesnt meet the requirements, review your alternatives-config to see if</arg>
<arg>correct version is active, or install the correct verison.</arg>
<doc>Runs the given keyword with the given arguments, if ``condition`` is true.</doc>
<kw name="Pass Execution" library="BuiltIn">
<arg>Active Version of Python meets the minimum requirements</arg>
<doc>Skips rest of the current test, setup, or teardown with PASS status.</doc>
<msg timestamp="20230922 17:39:36.612" level="INFO">Execution passed with message:
Active Version of Python meets the minimum requirements</msg>
<status status="PASS" starttime="20230922 17:39:36.612" endtime="20230922 17:39:36.612"/>
</kw>
<status status="PASS" starttime="20230922 17:39:36.612" endtime="20230922 17:39:36.612"/>
</kw>
<doc>We require a python verison &gt; 3.7 this test will validatre the
active python environmnet meets this requirement</doc>
<tag>os</tag>
<tag>packages</tag>
<status status="PASS" starttime="20230922 17:39:36.593" endtime="20230922 17:39:36.613">Active Version of Python meets the minimum requirements</status>
</test>
<test id="s1-t7" name="Verify Hostname is not set to localhost" line="119">
<kw name="Run" library="OperatingSystem">
<var>${output}</var>
<arg>hostnamectl hostname</arg>
<doc>Runs the given command in the system and returns the output.</doc>
<msg timestamp="20230922 17:39:36.618" level="INFO">Running command 'hostnamectl hostname 2&gt;&amp;1'.</msg>
<msg timestamp="20230922 17:39:36.698" level="INFO">${output} = robot-dev-rhel-9.2</msg>
<status status="PASS" starttime="20230922 17:39:36.616" endtime="20230922 17:39:36.698"/>
</kw>
<kw name="Should Not Be Equal As Strings" library="BuiltIn">
<arg>${output}</arg>
<arg>localhost</arg>
<doc>Fails if objects are equal after converting them to strings.</doc>
<status status="PASS" starttime="20230922 17:39:36.699" endtime="20230922 17:39:36.700"/>
</kw>
<doc>Hostname Should not be localhost</doc>
<tag>dns</tag>
<tag>os</tag>
<status status="PASS" starttime="20230922 17:39:36.615" endtime="20230922 17:39:36.701"/>
</test>
<test id="s1-t8" name="Verify DNS servers are Configured" line="125">
<kw name="Run" library="OperatingSystem">
<var>${output}</var>
<arg>more /etc/resolv.conf</arg>
<doc>Runs the given command in the system and returns the output.</doc>
<msg timestamp="20230922 17:39:36.712" level="INFO">Running command 'more /etc/resolv.conf 2&gt;&amp;1'.</msg>
<msg timestamp="20230922 17:39:36.718" level="INFO">${output} = # Generated by NetworkManager
search localdomain 2
nameserver 172.16.167.2</msg>
<status status="PASS" starttime="20230922 17:39:36.706" endtime="20230922 17:39:36.718"/>
</kw>
<for flavor="IN">
<var>${dns_server}</var>
<value>@{dns_servers}</value>
<iter>
<var name="${dns_server}">192.168.1.1</var>
<kw name="Should Contain" library="BuiltIn">
<arg>${output}</arg>
<arg>${dns_server}</arg>
<doc>Fails if ``container`` does not contain ``item`` one or more times.</doc>
<msg timestamp="20230922 17:39:36.720" level="FAIL">'# Generated by NetworkManager
search localdomain 2
nameserver 172.16.167.2' does not contain '192.168.1.1'</msg>
<status status="FAIL" starttime="20230922 17:39:36.719" endtime="20230922 17:39:36.720"/>
</kw>
<status status="FAIL" starttime="20230922 17:39:36.719" endtime="20230922 17:39:36.720"/>
</iter>
<status status="FAIL" starttime="20230922 17:39:36.718" endtime="20230922 17:39:36.720"/>
</for>
<doc>DNS Servers should be Configured</doc>
<tag>dns</tag>
<tag>os</tag>
<status status="FAIL" starttime="20230922 17:39:36.704" endtime="20230922 17:39:36.721">'# Generated by NetworkManager
search localdomain 2
nameserver 172.16.167.2' does not contain '192.168.1.1'</status>
</test>
<test id="s1-t9" name="Verify NTP servers are Configured" line="133">
<kw name="Run" library="OperatingSystem">
<var>${output}</var>
<arg>chronyc sources</arg>
<doc>Runs the given command in the system and returns the output.</doc>
<msg timestamp="20230922 17:39:36.727" level="INFO">Running command 'chronyc sources 2&gt;&amp;1'.</msg>
<msg timestamp="20230922 17:39:37.686" level="INFO">${output} = MS Name/IP address         Stratum Poll Reach LastRx Last sample               
===============================================================================
^- pruts.nl                      2   6  ...</msg>
<status status="PASS" starttime="20230922 17:39:36.724" endtime="20230922 17:39:37.686"/>
</kw>
<for flavor="IN">
<var>${ntp_server}</var>
<value>@{ntp_servers}</value>
<iter>
<var name="${ntp_server}">ntp1.trans-ix.nl</var>
<kw name="Should Contain" library="BuiltIn">
<arg>${output}</arg>
<arg>${ntp_server}</arg>
<doc>Fails if ``container`` does not contain ``item`` one or more times.</doc>
<msg timestamp="20230922 17:39:37.688" level="FAIL">'MS Name/IP address         Stratum Poll Reach LastRx Last sample               
===============================================================================
^- pruts.nl                      2   6   377    62  +9034us[  -15ms] +/-   32ms
^- ntp4.bit.nl                   1   6   377    60  +9973us[  -14ms] +/-  305ms
^* 149-225-172-081.dynamic.&gt;     1   6   377     7    -26ms[  -54ms] +/- 5097us
^- mail.emuadmin.com             3   6   377    65    +14ms[  -11ms] +/-   68ms' does not contain 'ntp1.trans-ix.nl'</msg>
<status status="FAIL" starttime="20230922 17:39:37.688" endtime="20230922 17:39:37.688"/>
</kw>
<status status="FAIL" starttime="20230922 17:39:37.687" endtime="20230922 17:39:37.689"/>
</iter>
<status status="FAIL" starttime="20230922 17:39:37.687" endtime="20230922 17:39:37.689"/>
</for>
<doc>NTP Servers should be Configured</doc>
<tag>ntp</tag>
<tag>os</tag>
<status status="FAIL" starttime="20230922 17:39:36.723" endtime="20230922 17:39:37.689">'MS Name/IP address         Stratum Poll Reach LastRx Last sample               
===============================================================================
^- pruts.nl                      2   6   377    62  +9034us[  -15ms] +/-   32ms
^- ntp4.bit.nl                   1   6   377    60  +9973us[  -14ms] +/-  305ms
^* 149-225-172-081.dynamic.&gt;     1   6   377     7    -26ms[  -54ms] +/- 5097us
^- mail.emuadmin.com             3   6   377    65    +14ms[  -11ms] +/-   68ms' does not contain 'ntp1.trans-ix.nl'</status>
</test>
<test id="s1-t10" name="Verify NTP service is active" line="141">
<kw name="Run" library="OperatingSystem">
<var>${output}</var>
<arg>timedatectl show | grep -Po '(?&lt;=NTPSynchronized=)[^,]+'</arg>
<doc>Runs the given command in the system and returns the output.</doc>
<msg timestamp="20230922 17:39:37.696" level="INFO">Running command 'timedatectl show | grep -Po '(?&lt;=NTPSynchronized=)[^,]+' 2&gt;&amp;1'.</msg>
<msg timestamp="20230922 17:39:37.781" level="INFO">${output} = yes</msg>
<status status="PASS" starttime="20230922 17:39:37.694" endtime="20230922 17:39:37.782"/>
</kw>
<kw name="Should Be Equal As Strings" library="BuiltIn">
<arg>${output}</arg>
<arg>yes</arg>
<doc>Fails if objects are unequal after converting them to strings.</doc>
<status status="PASS" starttime="20230922 17:39:37.782" endtime="20230922 17:39:37.783"/>
</kw>
<doc>Check that the NTP service is active</doc>
<tag>ntp</tag>
<tag>os</tag>
<status status="PASS" starttime="20230922 17:39:37.693" endtime="20230922 17:39:37.784"/>
</test>
<doc>The following tests verify the operating system configuration &amp; dependency packages
are present in preperation for the Cisco NSO application testing. The checks include:
- dependent packages are available
- required utilities are present
- hostname has been changed
- DNS and NTP serviecs are configured and active

Refer to the SCDP documentation to address any failed tests.</doc>
<status status="FAIL" starttime="20230922 17:39:36.261" endtime="20230922 17:39:37.786"/>
</suite>
<statistics>
<total>
<stat pass="7" fail="3" skip="0">All Tests</stat>
</total>
<tag>
<stat pass="1" fail="1" skip="0">dns</stat>
<stat pass="1" fail="1" skip="0">ntp</stat>
<stat pass="5" fail="2" skip="0">os</stat>
<stat pass="3" fail="0" skip="0">packages</stat>
</tag>
<suite>
<stat pass="7" fail="3" skip="0" id="s1" name="System.V2">System.V2</stat>
</suite>
</statistics>
<errors>
</errors>
</robot>
