<?xml version="1.0" encoding="UTF-8"?>
<robot generator="Robot 6.1.1 (Python 3.9.16 on linux)" generated="20230831 18:14:28.024" rpa="false" schemaversion="4">
<suite id="s1" name="Ulimit" source="/home/ubutt/robot-dev/scratch/ulimit.robot">
<test id="s1-t1" name="Verify that the limit changes are applied to the system" line="10">
<kw name="Run" library="OperatingSystem">
<var>${ulimit_settings}</var>
<arg>ulimit -a</arg>
<doc>Runs the given command in the system and returns the output.</doc>
<msg timestamp="20230831 18:14:28.074" level="INFO">Running command 'ulimit -a 2&gt;&amp;1'.</msg>
<msg timestamp="20230831 18:14:28.076" level="INFO">${ulimit_settings} = real-time non-blocking time  (microseconds, -R) unlimited
core file size              (blocks, -c) 0
data seg size               (kbytes, -d) unlimited
scheduling priority                 (-e) 0
file ...</msg>
<status status="PASS" starttime="20230831 18:14:28.072" endtime="20230831 18:14:28.076"/>
</kw>
<kw name="Create Dictionary" library="BuiltIn">
<var>${ulimit_dict}</var>
<arg>max locked memory=65536</arg>
<arg>open files=65535</arg>
<arg>max user processes=65535</arg>
<doc>Creates and returns a dictionary based on the given ``items``.</doc>
<msg timestamp="20230831 18:14:28.078" level="INFO">${ulimit_dict} = {'max locked memory': '65536', 'open files': '65535', 'max user processes': '65535'}</msg>
<status status="PASS" starttime="20230831 18:14:28.077" endtime="20230831 18:14:28.078"/>
</kw>
<kw name="Create List" library="BuiltIn">
<var>${error_list}</var>
<doc>Returns a list containing given items.</doc>
<msg timestamp="20230831 18:14:28.078" level="INFO">${error_list} = []</msg>
<status status="PASS" starttime="20230831 18:14:28.078" endtime="20230831 18:14:28.078"/>
</kw>
<for flavor="IN">
<var>${ulimit}</var>
<var>${ulimit_value}</var>
<value>&amp;{ulimit_dict}</value>
<iter>
<var name="${ulimit}">max locked memory</var>
<var name="${ulimit_value}">65536</var>
<kw name="Log" library="BuiltIn">
<arg>${ulimit}:${ulimit_value}</arg>
<doc>Logs the given message with the given level.</doc>
<msg timestamp="20230831 18:14:28.080" level="INFO">max locked memory:65536</msg>
<status status="PASS" starttime="20230831 18:14:28.079" endtime="20230831 18:14:28.080"/>
</kw>
<kw name="Get Regexp Matches" library="String">
<var>${matches}</var>
<arg>${ulimit_settings}</arg>
<arg>${ulimit}.*\\)\\s(.*)</arg>
<arg>1</arg>
<doc>Returns a list of all non-overlapping matches in the given string.</doc>
<msg timestamp="20230831 18:14:28.080" level="INFO">${matches} = ['65536']</msg>
<status status="PASS" starttime="20230831 18:14:28.080" endtime="20230831 18:14:28.080"/>
</kw>
<kw name="Get Length" library="BuiltIn">
<var>${len}</var>
<arg>${matches}</arg>
<doc>Returns and logs the length of the given item as an integer.</doc>
<msg timestamp="20230831 18:14:28.081" level="INFO">Length is 1</msg>
<msg timestamp="20230831 18:14:28.081" level="INFO">${len} = 1</msg>
<status status="PASS" starttime="20230831 18:14:28.080" endtime="20230831 18:14:28.081"/>
</kw>
<if>
<branch type="IF" condition="${len} &gt; 0">
<if>
<branch type="IF" condition="${matches[0]} == ${ulimit_value}">
<kw name="Log" library="BuiltIn">
<arg>${ulimit} value found, and set to the expected value : ${ulimit_value}</arg>
<doc>Logs the given message with the given level.</doc>
<msg timestamp="20230831 18:14:28.082" level="INFO">max locked memory value found, and set to the expected value : 65536</msg>
<status status="PASS" starttime="20230831 18:14:28.082" endtime="20230831 18:14:28.082"/>
</kw>
<status status="PASS" starttime="20230831 18:14:28.081" endtime="20230831 18:14:28.082"/>
</branch>
<branch type="ELSE">
<kw name="Append To List" library="Collections">
<arg>${error_list}</arg>
<arg>${ulimit}</arg>
<doc>Adds ``values`` to the end of ``list``.</doc>
<status status="NOT RUN" starttime="20230831 18:14:28.083" endtime="20230831 18:14:28.083"/>
</kw>
<status status="NOT RUN" starttime="20230831 18:14:28.082" endtime="20230831 18:14:28.083"/>
</branch>
<status status="PASS" starttime="20230831 18:14:28.081" endtime="20230831 18:14:28.083"/>
</if>
<status status="PASS" starttime="20230831 18:14:28.081" endtime="20230831 18:14:28.083"/>
</branch>
<branch type="ELSE">
<kw name="Log" library="BuiltIn">
<arg>${ulimit} not found in output</arg>
<doc>Logs the given message with the given level.</doc>
<status status="NOT RUN" starttime="20230831 18:14:28.083" endtime="20230831 18:14:28.083"/>
</kw>
<kw name="Append To List" library="Collections">
<arg>${error_list}</arg>
<arg>${ulimit}</arg>
<doc>Adds ``values`` to the end of ``list``.</doc>
<status status="NOT RUN" starttime="20230831 18:14:28.083" endtime="20230831 18:14:28.083"/>
</kw>
<status status="NOT RUN" starttime="20230831 18:14:28.083" endtime="20230831 18:14:28.083"/>
</branch>
<status status="PASS" starttime="20230831 18:14:28.081" endtime="20230831 18:14:28.083"/>
</if>
<status status="PASS" starttime="20230831 18:14:28.079" endtime="20230831 18:14:28.083"/>
</iter>
<iter>
<var name="${ulimit}">open files</var>
<var name="${ulimit_value}">65535</var>
<kw name="Log" library="BuiltIn">
<arg>${ulimit}:${ulimit_value}</arg>
<doc>Logs the given message with the given level.</doc>
<msg timestamp="20230831 18:14:28.084" level="INFO">open files:65535</msg>
<status status="PASS" starttime="20230831 18:14:28.083" endtime="20230831 18:14:28.084"/>
</kw>
<kw name="Get Regexp Matches" library="String">
<var>${matches}</var>
<arg>${ulimit_settings}</arg>
<arg>${ulimit}.*\\)\\s(.*)</arg>
<arg>1</arg>
<doc>Returns a list of all non-overlapping matches in the given string.</doc>
<msg timestamp="20230831 18:14:28.084" level="INFO">${matches} = ['65535']</msg>
<status status="PASS" starttime="20230831 18:14:28.084" endtime="20230831 18:14:28.084"/>
</kw>
<kw name="Get Length" library="BuiltIn">
<var>${len}</var>
<arg>${matches}</arg>
<doc>Returns and logs the length of the given item as an integer.</doc>
<msg timestamp="20230831 18:14:28.085" level="INFO">Length is 1</msg>
<msg timestamp="20230831 18:14:28.085" level="INFO">${len} = 1</msg>
<status status="PASS" starttime="20230831 18:14:28.084" endtime="20230831 18:14:28.085"/>
</kw>
<if>
<branch type="IF" condition="${len} &gt; 0">
<if>
<branch type="IF" condition="${matches[0]} == ${ulimit_value}">
<kw name="Log" library="BuiltIn">
<arg>${ulimit} value found, and set to the expected value : ${ulimit_value}</arg>
<doc>Logs the given message with the given level.</doc>
<msg timestamp="20230831 18:14:28.086" level="INFO">open files value found, and set to the expected value : 65535</msg>
<status status="PASS" starttime="20230831 18:14:28.086" endtime="20230831 18:14:28.086"/>
</kw>
<status status="PASS" starttime="20230831 18:14:28.085" endtime="20230831 18:14:28.086"/>
</branch>
<branch type="ELSE">
<kw name="Append To List" library="Collections">
<arg>${error_list}</arg>
<arg>${ulimit}</arg>
<doc>Adds ``values`` to the end of ``list``.</doc>
<status status="NOT RUN" starttime="20230831 18:14:28.087" endtime="20230831 18:14:28.087"/>
</kw>
<status status="NOT RUN" starttime="20230831 18:14:28.086" endtime="20230831 18:14:28.087"/>
</branch>
<status status="PASS" starttime="20230831 18:14:28.085" endtime="20230831 18:14:28.087"/>
</if>
<status status="PASS" starttime="20230831 18:14:28.085" endtime="20230831 18:14:28.087"/>
</branch>
<branch type="ELSE">
<kw name="Log" library="BuiltIn">
<arg>${ulimit} not found in output</arg>
<doc>Logs the given message with the given level.</doc>
<status status="NOT RUN" starttime="20230831 18:14:28.087" endtime="20230831 18:14:28.087"/>
</kw>
<kw name="Append To List" library="Collections">
<arg>${error_list}</arg>
<arg>${ulimit}</arg>
<doc>Adds ``values`` to the end of ``list``.</doc>
<status status="NOT RUN" starttime="20230831 18:14:28.087" endtime="20230831 18:14:28.087"/>
</kw>
<status status="NOT RUN" starttime="20230831 18:14:28.087" endtime="20230831 18:14:28.087"/>
</branch>
<status status="PASS" starttime="20230831 18:14:28.085" endtime="20230831 18:14:28.087"/>
</if>
<status status="PASS" starttime="20230831 18:14:28.083" endtime="20230831 18:14:28.087"/>
</iter>
<iter>
<var name="${ulimit}">max user processes</var>
<var name="${ulimit_value}">65535</var>
<kw name="Log" library="BuiltIn">
<arg>${ulimit}:${ulimit_value}</arg>
<doc>Logs the given message with the given level.</doc>
<msg timestamp="20230831 18:14:28.088" level="INFO">max user processes:65535</msg>
<status status="PASS" starttime="20230831 18:14:28.087" endtime="20230831 18:14:28.088"/>
</kw>
<kw name="Get Regexp Matches" library="String">
<var>${matches}</var>
<arg>${ulimit_settings}</arg>
<arg>${ulimit}.*\\)\\s(.*)</arg>
<arg>1</arg>
<doc>Returns a list of all non-overlapping matches in the given string.</doc>
<msg timestamp="20230831 18:14:28.088" level="INFO">${matches} = ['65535']</msg>
<status status="PASS" starttime="20230831 18:14:28.088" endtime="20230831 18:14:28.088"/>
</kw>
<kw name="Get Length" library="BuiltIn">
<var>${len}</var>
<arg>${matches}</arg>
<doc>Returns and logs the length of the given item as an integer.</doc>
<msg timestamp="20230831 18:14:28.089" level="INFO">Length is 1</msg>
<msg timestamp="20230831 18:14:28.089" level="INFO">${len} = 1</msg>
<status status="PASS" starttime="20230831 18:14:28.089" endtime="20230831 18:14:28.089"/>
</kw>
<if>
<branch type="IF" condition="${len} &gt; 0">
<if>
<branch type="IF" condition="${matches[0]} == ${ulimit_value}">
<kw name="Log" library="BuiltIn">
<arg>${ulimit} value found, and set to the expected value : ${ulimit_value}</arg>
<doc>Logs the given message with the given level.</doc>
<msg timestamp="20230831 18:14:28.090" level="INFO">max user processes value found, and set to the expected value : 65535</msg>
<status status="PASS" starttime="20230831 18:14:28.090" endtime="20230831 18:14:28.090"/>
</kw>
<status status="PASS" starttime="20230831 18:14:28.089" endtime="20230831 18:14:28.090"/>
</branch>
<branch type="ELSE">
<kw name="Append To List" library="Collections">
<arg>${error_list}</arg>
<arg>${ulimit}</arg>
<doc>Adds ``values`` to the end of ``list``.</doc>
<status status="NOT RUN" starttime="20230831 18:14:28.090" endtime="20230831 18:14:28.090"/>
</kw>
<status status="NOT RUN" starttime="20230831 18:14:28.090" endtime="20230831 18:14:28.090"/>
</branch>
<status status="PASS" starttime="20230831 18:14:28.089" endtime="20230831 18:14:28.090"/>
</if>
<status status="PASS" starttime="20230831 18:14:28.089" endtime="20230831 18:14:28.090"/>
</branch>
<branch type="ELSE">
<kw name="Log" library="BuiltIn">
<arg>${ulimit} not found in output</arg>
<doc>Logs the given message with the given level.</doc>
<status status="NOT RUN" starttime="20230831 18:14:28.091" endtime="20230831 18:14:28.091"/>
</kw>
<kw name="Append To List" library="Collections">
<arg>${error_list}</arg>
<arg>${ulimit}</arg>
<doc>Adds ``values`` to the end of ``list``.</doc>
<status status="NOT RUN" starttime="20230831 18:14:28.091" endtime="20230831 18:14:28.091"/>
</kw>
<status status="NOT RUN" starttime="20230831 18:14:28.090" endtime="20230831 18:14:28.091"/>
</branch>
<status status="PASS" starttime="20230831 18:14:28.089" endtime="20230831 18:14:28.091"/>
</if>
<status status="PASS" starttime="20230831 18:14:28.087" endtime="20230831 18:14:28.091"/>
</iter>
<status status="PASS" starttime="20230831 18:14:28.079" endtime="20230831 18:14:28.091"/>
</for>
<kw name="Should Be Empty" library="BuiltIn">
<arg>${error_list}</arg>
<arg>Errors found in the following paramaters : ${error_list}</arg>
<doc>Verifies that the given item is empty.</doc>
<msg timestamp="20230831 18:14:28.091" level="INFO">Length is 0</msg>
<status status="PASS" starttime="20230831 18:14:28.091" endtime="20230831 18:14:28.092"/>
</kw>
<doc>This test checks that the variables applied to the /etc/security/limits.d/ncs.conf
have been applied. This typically requires a user to disconnect and reconnect to the servers</doc>
<status status="PASS" starttime="20230831 18:14:28.071" endtime="20230831 18:14:28.092"/>
</test>
<status status="PASS" starttime="20230831 18:14:28.025" endtime="20230831 18:14:28.093"/>
</suite>
<statistics>
<total>
<stat pass="1" fail="0" skip="0">All Tests</stat>
</total>
<tag>
</tag>
<suite>
<stat pass="1" fail="0" skip="0" id="s1" name="Ulimit">Ulimit</stat>
</suite>
</statistics>
<errors>
</errors>
</robot>
